#
# There is insufficient memory for the Java Runtime Environment to continue.
# Native memory allocation (mmap) failed to map 117440512 bytes for G1 virtual space
# Possible reasons:
#   The system is out of physical RAM or swap space
#   The process is running with CompressedOops enabled, and the Java Heap may be blocking the growth of the native heap
# Possible solutions:
#   Reduce memory load on the system
#   Increase physical memory or swap space
#   Check if swap backing store is full
#   Decrease Java heap size (-Xmx/-Xms)
#   Decrease number of Java threads
#   Decrease Java thread stack sizes (-Xss)
#   Set larger code cache with -XX:ReservedCodeCacheSize=
#   JVM is running with Unscaled Compressed Oops mode in which the Java heap is
#     placed in the first 4GB address space. The Java Heap base address is the
#     maximum limit for the native heap growth. Please use -XX:HeapBaseMinAddress
#     to set the Java Heap base and to place the Java Heap above 4GB virtual address.
# This output file may be truncated or incomplete.
#
#  Out of Memory Error (os_windows.cpp:3769), pid=2144, tid=5512
#
# JRE version: OpenJDK Runtime Environment (17.0.6) (build 17.0.6+0-b2043.56-10027231)
# Java VM: OpenJDK 64-Bit Server VM (17.0.6+0-b2043.56-10027231, mixed mode, tiered, compressed oops, compressed class ptrs, g1 gc, windows-amd64)
# No core dump will be written. Minidumps are not enabled by default on client versions of Windows
#

---------------  S U M M A R Y ------------

Command Line: --add-opens=java.base/java.util=ALL-UNNAMED --add-opens=java.base/java.lang=ALL-UNNAMED --add-opens=java.base/java.lang.invoke=ALL-UNNAMED --add-opens=java.prefs/java.util.prefs=ALL-UNNAMED --add-opens=java.base/java.nio.charset=ALL-UNNAMED --add-opens=java.base/java.net=ALL-UNNAMED --add-opens=java.base/java.util.concurrent.atomic=ALL-UNNAMED -Xmx2048m -Dfile.encoding=UTF-8 -Duser.country=US -Duser.language=en -Duser.variant org.gradle.launcher.daemon.bootstrap.GradleDaemon 8.0

Host: AMD Ryzen 5 3500U with Radeon Vega Mobile Gfx  , 8 cores, 9G,  Windows 11 , 64 bit Build 22621 (10.0.22621.963)
Time: Fri Oct 27 10:19:00 2023 SE Asia Standard Time elapsed time: 13.192571 seconds (0d 0h 0m 13s)

---------------  T H R E A D  ---------------

Current thread (0x0000018687c69290):  VMThread "VM Thread" [stack: 0x000000453d200000,0x000000453d300000] [id=5512]

Stack: [0x000000453d200000,0x000000453d300000]
Native frames: (J=compiled Java code, j=interpreted, Vv=VM code, C=native code)
V  [jvm.dll+0x683c9a]
V  [jvm.dll+0x8427a4]
V  [jvm.dll+0x843f9e]
V  [jvm.dll+0x844603]
V  [jvm.dll+0x249b75]
V  [jvm.dll+0x680b69]
V  [jvm.dll+0x67505a]
V  [jvm.dll+0x309acb]
V  [jvm.dll+0x310f86]
V  [jvm.dll+0x3608ee]
V  [jvm.dll+0x360b1f]
V  [jvm.dll+0x2dfbf8]
V  [jvm.dll+0x2ddec4]
V  [jvm.dll+0x2dd4cc]
V  [jvm.dll+0x321f3b]
V  [jvm.dll+0x848ccb]
V  [jvm.dll+0x849a04]
V  [jvm.dll+0x849f1d]
V  [jvm.dll+0x84a2f4]
V  [jvm.dll+0x84a3c0]
V  [jvm.dll+0x7f274a]
V  [jvm.dll+0x682ad5]
C  [ucrtbase.dll+0x29363]
C  [KERNEL32.DLL+0x126bd]
C  [ntdll.dll+0x5dfb8]

VM_Operation (0x0000004545ffabb0): G1CollectForAllocation, mode: safepoint, requested by thread 0x000001868aeab500


---------------  P R O C E S S  ---------------

Threads class SMR info:
_java_thread_list=0x000001868d1ba7e0, length=137, elements={
0x00000186ebe48e80, 0x0000018688817270, 0x0000018688817c20, 0x000001868883d490,
0x00000186888334d0, 0x0000018688835da0, 0x0000018688836660, 0x0000018688837250,
0x0000018688838630, 0x0000018688840d60, 0x00000186889d1780, 0x00000186889d1c50,
0x0000018688a8b240, 0x000001868ac6d960, 0x000001868a05a2d0, 0x000001868a22ab00,
0x000001868a1f5da0, 0x000001868ad6cff0, 0x000001868915de40, 0x000001868a156750,
0x000001868a037cc0, 0x000001868a03a340, 0x000001868a03a810, 0x000001868a0394d0,
0x000001868a0399a0, 0x000001868a0377f0, 0x000001868a038190, 0x000001868a039e70,
0x000001868a038660, 0x000001868a03ace0, 0x000001868a037320, 0x000001868a038b30,
0x000001868a039000, 0x000001868d965db0, 0x000001868d9670f0, 0x000001868d9675c0,
0x000001868d968430, 0x000001868d968900, 0x000001868d965410, 0x000001868d966c20,
0x000001868d966280, 0x000001868d966750, 0x000001868e2373e0, 0x000001868e230a00,
0x000001868e232210, 0x000001868e231870, 0x000001868e233550, 0x000001868e2326e0,
0x000001868e232bb0, 0x000001868e236a40, 0x000001868e233ef0, 0x000001868e233080,
0x000001868e230530, 0x000001868e233a20, 0x000001868e2343c0, 0x000001868e234890,
0x000001868e234d60, 0x000001868e2313a0, 0x000001868e230060, 0x000001868e236f10,
0x000001868e235230, 0x000001868e2378b0, 0x000001868e235700, 0x000001868e235bd0,
0x000001868e230ed0, 0x000001868e2360a0, 0x000001868e236570, 0x000001868d5b94f0,
0x000001868d5b9e90, 0x000001868d5bc9e0, 0x000001868d5bad00, 0x000001868d5bdd20,
0x000001868d5b99c0, 0x000001868d5bb6a0, 0x000001868d5b8b50, 0x000001868d5bb1d0,
0x000001868d5bbb70, 0x000001868d5b9020, 0x000001868d5bfa00, 0x000001868d5bceb0,
0x000001868d5bc040, 0x000001868d5bd380, 0x000001868d5be6c0, 0x000001868d5ba360,
0x000001868d5ba830, 0x000001868d5bc510, 0x000001868d5bd850, 0x000001868d5be1f0,
0x000001868d5beb90, 0x000001868d5bf060, 0x000001868d5bf530, 0x000001868d5bfed0,
0x000001868d5b8680, 0x000001868fdcfb20, 0x000001868fdcd970, 0x000001868fdd04c0,
0x000001868fdcde40, 0x000001868fdcc160, 0x000001868fdccb00, 0x000001868fdcbc90,
0x000001868fdd21a0, 0x000001868fdcae20, 0x000001868fdcc630, 0x000001868fdd0990,
0x000001868fdcd4a0, 0x000001868fdd0e60, 0x000001868fdd2670, 0x000001868fdce310,
0x000001868fdcfff0, 0x000001868fdcf180, 0x000001868fdd1cd0, 0x000001868fdd1330,
0x000001868fdcb2f0, 0x000001868fdcf650, 0x000001868fdce7e0, 0x000001868fdcecb0,
0x000001868fdd1800, 0x000001868fdcb7c0, 0x000001868fdccfd0, 0x000001868aeadb80,
0x000001868aea9cf0, 0x000001868aeae520, 0x000001868aeb06d0, 0x000001868aeaa1c0,
0x000001868aeaf390, 0x000001868aeae9f0, 0x000001868aeab9d0, 0x000001868dd58520,
0x000001868aead1e0, 0x000001868aeaa690, 0x000001868aeaab60, 0x000001868aeab500,
0x000001868aeabea0, 0x000001868aeaf860, 0x000001868aeb0200, 0x000001868aeac840,
0x000001868aead6b0
}

Java Threads: ( => current thread )
  0x00000186ebe48e80 JavaThread "main" [_thread_blocked, id=7936, stack(0x000000453cc00000,0x000000453cd00000)]
  0x0000018688817270 JavaThread "Reference Handler" daemon [_thread_blocked, id=492, stack(0x000000453d300000,0x000000453d400000)]
  0x0000018688817c20 JavaThread "Finalizer" daemon [_thread_blocked, id=2568, stack(0x000000453d400000,0x000000453d500000)]
  0x000001868883d490 JavaThread "Signal Dispatcher" daemon [_thread_blocked, id=8196, stack(0x000000453d500000,0x000000453d600000)]
  0x00000186888334d0 JavaThread "Attach Listener" daemon [_thread_blocked, id=2956, stack(0x000000453d600000,0x000000453d700000)]
  0x0000018688835da0 JavaThread "Service Thread" daemon [_thread_blocked, id=5072, stack(0x000000453d700000,0x000000453d800000)]
  0x0000018688836660 JavaThread "Monitor Deflation Thread" daemon [_thread_blocked, id=3768, stack(0x000000453d800000,0x000000453d900000)]
  0x0000018688837250 JavaThread "C2 CompilerThread0" daemon [_thread_in_native, id=8856, stack(0x000000453d900000,0x000000453da00000)]
  0x0000018688838630 JavaThread "C1 CompilerThread0" daemon [_thread_blocked, id=4116, stack(0x000000453da00000,0x000000453db00000)]
  0x0000018688840d60 JavaThread "Sweeper thread" daemon [_thread_blocked, id=6776, stack(0x000000453db00000,0x000000453dc00000)]
  0x00000186889d1780 JavaThread "Common-Cleaner" daemon [_thread_blocked, id=4220, stack(0x000000453dc00000,0x000000453dd00000)]
  0x00000186889d1c50 JavaThread "Notification Thread" daemon [_thread_blocked, id=3000, stack(0x000000453dd00000,0x000000453de00000)]
  0x0000018688a8b240 JavaThread "C2 CompilerThread1" daemon [_thread_blocked, id=4644, stack(0x000000453df00000,0x000000453e000000)]
  0x000001868ac6d960 JavaThread "Daemon health stats" [_thread_blocked, id=1220, stack(0x000000453e500000,0x000000453e600000)]
  0x000001868a05a2d0 JavaThread "Incoming local TCP Connector on port 50558" [_thread_in_native, id=2800, stack(0x000000453e600000,0x000000453e700000)]
  0x000001868a22ab00 JavaThread "Daemon periodic checks" [_thread_blocked, id=5828, stack(0x000000453e700000,0x000000453e800000)]
  0x000001868a1f5da0 JavaThread "Daemon" [_thread_blocked, id=1960, stack(0x000000453e800000,0x000000453e900000)]
  0x000001868ad6cff0 JavaThread "Handler for socket connection from /127.0.0.1:50558 to /127.0.0.1:50559" [_thread_in_native, id=4572, stack(0x000000453e900000,0x000000453ea00000)]
  0x000001868915de40 JavaThread "Cancel handler" [_thread_blocked, id=7620, stack(0x000000453ea00000,0x000000453eb00000)]
  0x000001868a156750 JavaThread "Daemon worker" [_thread_blocked, id=1672, stack(0x000000453eb00000,0x000000453ec00000)]
  0x000001868a037cc0 JavaThread "Asynchronous log dispatcher for DefaultDaemonConnection: socket connection from /127.0.0.1:50558 to /127.0.0.1:50559" [_thread_blocked, id=8832, stack(0x000000453ec00000,0x000000453ed00000)]
  0x000001868a03a340 JavaThread "Stdin handler" [_thread_blocked, id=9108, stack(0x000000453ed00000,0x000000453ee00000)]
  0x000001868a03a810 JavaThread "Daemon client event forwarder" [_thread_blocked, id=5580, stack(0x000000453ee00000,0x000000453ef00000)]
  0x000001868a0394d0 JavaThread "Cache worker for journal cache (C:\Users\Admin\.gradle\caches\journal-1)" [_thread_blocked, id=836, stack(0x000000453f200000,0x000000453f300000)]
  0x000001868a0399a0 JavaThread "File lock request listener" [_thread_in_native, id=1060, stack(0x000000453f300000,0x000000453f400000)]
  0x000001868a0377f0 JavaThread "Cache worker for file hash cache (C:\Users\Admin\.gradle\caches\8.0\fileHashes)" [_thread_blocked, id=936, stack(0x000000453f400000,0x000000453f500000)]
  0x000001868a038190 JavaThread "File watcher server" daemon [_thread_blocked, id=5732, stack(0x000000453f600000,0x000000453f700000)]
  0x000001868a039e70 JavaThread "File watcher consumer" daemon [_thread_blocked, id=1956, stack(0x000000453f700000,0x000000453f800000)]
  0x000001868a038660 JavaThread "Cache worker for checksums cache (C:\Users\Admin\AndroidStudioProjects\aykay\.gradle\8.0\checksums)" [_thread_blocked, id=2776, stack(0x000000453f800000,0x000000453f900000)]
  0x000001868a03ace0 JavaThread "Cache worker for cache directory md-rule (C:\Users\Admin\.gradle\caches\8.0\md-rule)" [_thread_blocked, id=5176, stack(0x000000453f900000,0x000000453fa00000)]
  0x000001868a037320 JavaThread "Cache worker for file content cache (C:\Users\Admin\.gradle\caches\8.0\fileContent)" [_thread_blocked, id=4960, stack(0x000000453fa00000,0x000000453fb00000)]
  0x000001868a038b30 JavaThread "Cache worker for file hash cache (C:\Users\Admin\AndroidStudioProjects\aykay\.gradle\8.0\fileHashes)" [_thread_blocked, id=8512, stack(0x000000453fb00000,0x000000453fc00000)]
  0x000001868a039000 JavaThread "Cache worker for cache directory md-supplier (C:\Users\Admin\.gradle\caches\8.0\md-supplier)" [_thread_blocked, id=3400, stack(0x000000453fc00000,0x000000453fd00000)]
  0x000001868d965db0 JavaThread "Cache worker for execution history cache (C:\Users\Admin\.gradle\caches\8.0\executionHistory)" [_thread_blocked, id=6836, stack(0x000000453fd00000,0x000000453fe00000)]
  0x000001868d9670f0 JavaThread "jar transforms" [_thread_blocked, id=7044, stack(0x000000453fe00000,0x000000453ff00000)]
  0x000001868d9675c0 JavaThread "jar transforms Thread 2" [_thread_blocked, id=1740, stack(0x000000453ff00000,0x0000004540000000)]
  0x000001868d968430 JavaThread "Cache worker for kotlin-dsl (C:\Users\Admin\.gradle\caches\8.0\kotlin-dsl)" [_thread_blocked, id=6692, stack(0x0000004540100000,0x0000004540200000)]
  0x000001868d968900 JavaThread "jar transforms Thread 3" [_thread_blocked, id=8756, stack(0x0000004540200000,0x0000004540300000)]
  0x000001868d965410 JavaThread "jar transforms Thread 4" [_thread_blocked, id=3732, stack(0x0000004540300000,0x0000004540400000)]
  0x000001868d966c20 JavaThread "Cache worker for dependencies-accessors (C:\Users\Admin\AndroidStudioProjects\aykay\.gradle\8.0\dependencies-accessors)" [_thread_blocked, id=6644, stack(0x0000004540400000,0x0000004540500000)]
  0x000001868d966280 JavaThread "Cache worker for Build Output Cleanup Cache (C:\Users\Admin\AndroidStudioProjects\aykay\.gradle\buildOutputCleanup)" [_thread_blocked, id=5160, stack(0x0000004540500000,0x0000004540600000)]
  0x000001868d966750 JavaThread "jar transforms Thread 5" [_thread_blocked, id=7484, stack(0x0000004540600000,0x0000004540700000)]
  0x000001868e2373e0 JavaThread "Unconstrained build operations" [_thread_blocked, id=8648, stack(0x0000004540700000,0x0000004540800000)]
  0x000001868e230a00 JavaThread "Unconstrained build operations Thread 2" [_thread_blocked, id=3024, stack(0x0000004540800000,0x0000004540900000)]
  0x000001868e232210 JavaThread "Unconstrained build operations Thread 3" [_thread_blocked, id=7588, stack(0x0000004540900000,0x0000004540a00000)]
  0x000001868e231870 JavaThread "Unconstrained build operations Thread 4" [_thread_blocked, id=1668, stack(0x0000004540a00000,0x0000004540b00000)]
  0x000001868e233550 JavaThread "Unconstrained build operations Thread 5" [_thread_blocked, id=808, stack(0x0000004540b00000,0x0000004540c00000)]
  0x000001868e2326e0 JavaThread "Unconstrained build operations Thread 6" [_thread_blocked, id=7376, stack(0x0000004540c00000,0x0000004540d00000)]
  0x000001868e232bb0 JavaThread "Unconstrained build operations Thread 7" [_thread_blocked, id=9020, stack(0x0000004540d00000,0x0000004540e00000)]
  0x000001868e236a40 JavaThread "Unconstrained build operations Thread 8" [_thread_blocked, id=8736, stack(0x0000004540e00000,0x0000004540f00000)]
  0x000001868e233ef0 JavaThread "Unconstrained build operations Thread 9" [_thread_blocked, id=4524, stack(0x0000004540f00000,0x0000004541000000)]
  0x000001868e233080 JavaThread "Unconstrained build operations Thread 10" [_thread_blocked, id=1272, stack(0x0000004541000000,0x0000004541100000)]
  0x000001868e230530 JavaThread "Unconstrained build operations Thread 11" [_thread_blocked, id=9044, stack(0x0000004541100000,0x0000004541200000)]
  0x000001868e233a20 JavaThread "Unconstrained build operations Thread 12" [_thread_blocked, id=5444, stack(0x0000004541200000,0x0000004541300000)]
  0x000001868e2343c0 JavaThread "Unconstrained build operations Thread 13" [_thread_blocked, id=6080, stack(0x0000004541300000,0x0000004541400000)]
  0x000001868e234890 JavaThread "Unconstrained build operations Thread 14" [_thread_blocked, id=1144, stack(0x0000004541400000,0x0000004541500000)]
  0x000001868e234d60 JavaThread "Unconstrained build operations Thread 15" [_thread_blocked, id=5380, stack(0x0000004541500000,0x0000004541600000)]
  0x000001868e2313a0 JavaThread "Unconstrained build operations Thread 16" [_thread_blocked, id=7296, stack(0x0000004541600000,0x0000004541700000)]
  0x000001868e230060 JavaThread "Unconstrained build operations Thread 17" [_thread_blocked, id=2892, stack(0x0000004541700000,0x0000004541800000)]
  0x000001868e236f10 JavaThread "Unconstrained build operations Thread 18" [_thread_blocked, id=3012, stack(0x0000004541800000,0x0000004541900000)]
  0x000001868e235230 JavaThread "Unconstrained build operations Thread 19" [_thread_blocked, id=2528, stack(0x0000004541900000,0x0000004541a00000)]
  0x000001868e2378b0 JavaThread "Unconstrained build operations Thread 20" [_thread_blocked, id=7480, stack(0x0000004541a00000,0x0000004541b00000)]
  0x000001868e235700 JavaThread "Unconstrained build operations Thread 21" [_thread_blocked, id=1368, stack(0x0000004541b00000,0x0000004541c00000)]
  0x000001868e235bd0 JavaThread "Unconstrained build operations Thread 22" [_thread_blocked, id=1412, stack(0x0000004541c00000,0x0000004541d00000)]
  0x000001868e230ed0 JavaThread "Unconstrained build operations Thread 23" [_thread_blocked, id=8256, stack(0x0000004541d00000,0x0000004541e00000)]
  0x000001868e2360a0 JavaThread "Unconstrained build operations Thread 24" [_thread_blocked, id=7216, stack(0x0000004541e00000,0x0000004541f00000)]
  0x000001868e236570 JavaThread "Unconstrained build operations Thread 25" [_thread_blocked, id=2456, stack(0x0000004541f00000,0x0000004542000000)]
  0x000001868d5b94f0 JavaThread "Unconstrained build operations Thread 26" [_thread_blocked, id=8312, stack(0x0000004542000000,0x0000004542100000)]
  0x000001868d5b9e90 JavaThread "Unconstrained build operations Thread 27" [_thread_blocked, id=2292, stack(0x0000004542100000,0x0000004542200000)]
  0x000001868d5bc9e0 JavaThread "Unconstrained build operations Thread 28" [_thread_blocked, id=2300, stack(0x0000004542200000,0x0000004542300000)]
  0x000001868d5bad00 JavaThread "Unconstrained build operations Thread 29" [_thread_blocked, id=7000, stack(0x0000004542300000,0x0000004542400000)]
  0x000001868d5bdd20 JavaThread "Unconstrained build operations Thread 30" [_thread_blocked, id=4032, stack(0x0000004542400000,0x0000004542500000)]
  0x000001868d5b99c0 JavaThread "Unconstrained build operations Thread 31" [_thread_blocked, id=6764, stack(0x0000004542500000,0x0000004542600000)]
  0x000001868d5bb6a0 JavaThread "Unconstrained build operations Thread 32" [_thread_blocked, id=256, stack(0x0000004542600000,0x0000004542700000)]
  0x000001868d5b8b50 JavaThread "Unconstrained build operations Thread 33" [_thread_blocked, id=9172, stack(0x0000004542700000,0x0000004542800000)]
  0x000001868d5bb1d0 JavaThread "Unconstrained build operations Thread 34" [_thread_blocked, id=632, stack(0x0000004542800000,0x0000004542900000)]
  0x000001868d5bbb70 JavaThread "Unconstrained build operations Thread 35" [_thread_blocked, id=8464, stack(0x0000004542900000,0x0000004542a00000)]
  0x000001868d5b9020 JavaThread "Unconstrained build operations Thread 36" [_thread_blocked, id=3176, stack(0x0000004542a00000,0x0000004542b00000)]
  0x000001868d5bfa00 JavaThread "Unconstrained build operations Thread 37" [_thread_blocked, id=3536, stack(0x0000004542b00000,0x0000004542c00000)]
  0x000001868d5bceb0 JavaThread "Unconstrained build operations Thread 38" [_thread_blocked, id=9060, stack(0x0000004542c00000,0x0000004542d00000)]
  0x000001868d5bc040 JavaThread "Unconstrained build operations Thread 39" [_thread_blocked, id=8604, stack(0x0000004542d00000,0x0000004542e00000)]
  0x000001868d5bd380 JavaThread "Unconstrained build operations Thread 40" [_thread_blocked, id=9128, stack(0x0000004542e00000,0x0000004542f00000)]
  0x000001868d5be6c0 JavaThread "Unconstrained build operations Thread 41" [_thread_blocked, id=5024, stack(0x0000004542f00000,0x0000004543000000)]
  0x000001868d5ba360 JavaThread "Unconstrained build operations Thread 42" [_thread_blocked, id=2632, stack(0x0000004543000000,0x0000004543100000)]
  0x000001868d5ba830 JavaThread "Unconstrained build operations Thread 43" [_thread_blocked, id=2388, stack(0x0000004543100000,0x0000004543200000)]
  0x000001868d5bc510 JavaThread "Unconstrained build operations Thread 44" [_thread_blocked, id=1532, stack(0x0000004543200000,0x0000004543300000)]
  0x000001868d5bd850 JavaThread "Unconstrained build operations Thread 45" [_thread_blocked, id=788, stack(0x0000004543300000,0x0000004543400000)]
  0x000001868d5be1f0 JavaThread "Unconstrained build operations Thread 46" [_thread_blocked, id=4712, stack(0x0000004543400000,0x0000004543500000)]
  0x000001868d5beb90 JavaThread "Unconstrained build operations Thread 47" [_thread_blocked, id=8368, stack(0x0000004543500000,0x0000004543600000)]
  0x000001868d5bf060 JavaThread "Unconstrained build operations Thread 48" [_thread_blocked, id=7636, stack(0x0000004543600000,0x0000004543700000)]
  0x000001868d5bf530 JavaThread "Unconstrained build operations Thread 49" [_thread_blocked, id=3856, stack(0x0000004543700000,0x0000004543800000)]
  0x000001868d5bfed0 JavaThread "Unconstrained build operations Thread 50" [_thread_blocked, id=7208, stack(0x0000004543800000,0x0000004543900000)]
  0x000001868d5b8680 JavaThread "Unconstrained build operations Thread 51" [_thread_blocked, id=8128, stack(0x0000004543900000,0x0000004543a00000)]
  0x000001868fdcfb20 JavaThread "Unconstrained build operations Thread 52" [_thread_blocked, id=7196, stack(0x0000004543a00000,0x0000004543b00000)]
  0x000001868fdcd970 JavaThread "Unconstrained build operations Thread 53" [_thread_blocked, id=4584, stack(0x0000004543b00000,0x0000004543c00000)]
  0x000001868fdd04c0 JavaThread "Unconstrained build operations Thread 54" [_thread_blocked, id=3236, stack(0x0000004543c00000,0x0000004543d00000)]
  0x000001868fdcde40 JavaThread "Unconstrained build operations Thread 55" [_thread_blocked, id=2108, stack(0x0000004543d00000,0x0000004543e00000)]
  0x000001868fdcc160 JavaThread "Unconstrained build operations Thread 56" [_thread_blocked, id=8168, stack(0x0000004543e00000,0x0000004543f00000)]
  0x000001868fdccb00 JavaThread "Unconstrained build operations Thread 57" [_thread_blocked, id=6868, stack(0x0000004543f00000,0x0000004544000000)]
  0x000001868fdcbc90 JavaThread "Unconstrained build operations Thread 58" [_thread_blocked, id=8432, stack(0x0000004544000000,0x0000004544100000)]
  0x000001868fdd21a0 JavaThread "Unconstrained build operations Thread 59" [_thread_blocked, id=3936, stack(0x0000004544100000,0x0000004544200000)]
  0x000001868fdcae20 JavaThread "Unconstrained build operations Thread 60" [_thread_blocked, id=2544, stack(0x0000004544200000,0x0000004544300000)]
  0x000001868fdcc630 JavaThread "Unconstrained build operations Thread 61" [_thread_blocked, id=1968, stack(0x0000004544300000,0x0000004544400000)]
  0x000001868fdd0990 JavaThread "Unconstrained build operations Thread 62" [_thread_blocked, id=4968, stack(0x0000004544400000,0x0000004544500000)]
  0x000001868fdcd4a0 JavaThread "Unconstrained build operations Thread 63" [_thread_blocked, id=1988, stack(0x0000004544500000,0x0000004544600000)]
  0x000001868fdd0e60 JavaThread "Unconstrained build operations Thread 64" [_thread_blocked, id=6960, stack(0x0000004544600000,0x0000004544700000)]
  0x000001868fdd2670 JavaThread "Unconstrained build operations Thread 65" [_thread_blocked, id=8852, stack(0x0000004544700000,0x0000004544800000)]
  0x000001868fdce310 JavaThread "Unconstrained build operations Thread 66" [_thread_blocked, id=6748, stack(0x0000004544800000,0x0000004544900000)]
  0x000001868fdcfff0 JavaThread "Unconstrained build operations Thread 67" [_thread_blocked, id=8184, stack(0x0000004544900000,0x0000004544a00000)]
  0x000001868fdcf180 JavaThread "Unconstrained build operations Thread 68" [_thread_blocked, id=6972, stack(0x0000004544a00000,0x0000004544b00000)]
  0x000001868fdd1cd0 JavaThread "Unconstrained build operations Thread 69" [_thread_blocked, id=4264, stack(0x0000004544b00000,0x0000004544c00000)]
  0x000001868fdd1330 JavaThread "Unconstrained build operations Thread 70" [_thread_blocked, id=5260, stack(0x0000004544c00000,0x0000004544d00000)]
  0x000001868fdcb2f0 JavaThread "Unconstrained build operations Thread 71" [_thread_blocked, id=1996, stack(0x0000004544d00000,0x0000004544e00000)]
  0x000001868fdcf650 JavaThread "Unconstrained build operations Thread 72" [_thread_blocked, id=704, stack(0x0000004544e00000,0x0000004544f00000)]
  0x000001868fdce7e0 JavaThread "Unconstrained build operations Thread 73" [_thread_blocked, id=6884, stack(0x0000004544f00000,0x0000004545000000)]
  0x000001868fdcecb0 JavaThread "Unconstrained build operations Thread 74" [_thread_blocked, id=4432, stack(0x0000004545000000,0x0000004545100000)]
  0x000001868fdd1800 JavaThread "Unconstrained build operations Thread 75" [_thread_blocked, id=9180, stack(0x0000004545100000,0x0000004545200000)]
  0x000001868fdcb7c0 JavaThread "Unconstrained build operations Thread 76" [_thread_blocked, id=3128, stack(0x0000004545200000,0x0000004545300000)]
  0x000001868fdccfd0 JavaThread "Unconstrained build operations Thread 77" [_thread_blocked, id=7024, stack(0x0000004545300000,0x0000004545400000)]
  0x000001868aeadb80 JavaThread "Unconstrained build operations Thread 78" [_thread_blocked, id=4928, stack(0x0000004545400000,0x0000004545500000)]
  0x000001868aea9cf0 JavaThread "Unconstrained build operations Thread 79" [_thread_blocked, id=2840, stack(0x0000004545500000,0x0000004545600000)]
  0x000001868aeae520 JavaThread "Unconstrained build operations Thread 80" [_thread_blocked, id=7812, stack(0x0000004545600000,0x0000004545700000)]
  0x000001868aeb06d0 JavaThread "jar transforms Thread 6" [_thread_blocked, id=1528, stack(0x0000004545700000,0x0000004545800000)]
  0x000001868aeaa1c0 JavaThread "jar transforms Thread 7" [_thread_blocked, id=3592, stack(0x0000004545800000,0x0000004545900000)]
  0x000001868aeaf390 JavaThread "jar transforms Thread 8" [_thread_blocked, id=1156, stack(0x0000004545900000,0x0000004545a00000)]
  0x000001868aeae9f0 JavaThread "build event listener" [_thread_blocked, id=692, stack(0x0000004545a00000,0x0000004545b00000)]
  0x000001868aeab9d0 JavaThread "Memory manager" [_thread_blocked, id=2912, stack(0x0000004545b00000,0x0000004545c00000)]
  0x000001868dd58520 JavaThread "C2 CompilerThread2" daemon [_thread_in_native, id=132, stack(0x000000453f500000,0x000000453f600000)]
  0x000001868aead1e0 JavaThread "included builds" [_thread_blocked, id=7552, stack(0x0000004545c00000,0x0000004545d00000)]
  0x000001868aeaa690 JavaThread "Execution worker" [_thread_blocked, id=2928, stack(0x0000004545d00000,0x0000004545e00000)]
  0x000001868aeaab60 JavaThread "Execution worker Thread 2" [_thread_blocked, id=8632, stack(0x0000004545e00000,0x0000004545f00000)]
  0x000001868aeab500 JavaThread "Execution worker Thread 3" [_thread_blocked, id=1396, stack(0x0000004545f00000,0x0000004546000000)]
  0x000001868aeabea0 JavaThread "Execution worker Thread 4" [_thread_blocked, id=2328, stack(0x0000004546000000,0x0000004546100000)]
  0x000001868aeaf860 JavaThread "Execution worker Thread 5" [_thread_blocked, id=3684, stack(0x0000004546100000,0x0000004546200000)]
  0x000001868aeb0200 JavaThread "Execution worker Thread 6" [_thread_blocked, id=7096, stack(0x0000004546200000,0x0000004546300000)]
  0x000001868aeac840 JavaThread "Execution worker Thread 7" [_thread_blocked, id=5628, stack(0x0000004546300000,0x0000004546400000)]
  0x000001868aead6b0 JavaThread "Cache worker for execution history cache (C:\Users\Admin\AndroidStudioProjects\aykay\.gradle\8.0\executionHistory)" [_thread_blocked, id=7708, stack(0x0000004546400000,0x0000004546500000)]

Other Threads:
=>0x0000018687c69290 VMThread "VM Thread" [stack: 0x000000453d200000,0x000000453d300000] [id=5512]
  0x00000186ebeca7f0 WatcherThread [stack: 0x000000453de00000,0x000000453df00000] [id=8176]
  0x00000186ebead6c0 GCTaskThread "GC Thread#0" [stack: 0x000000453cd00000,0x000000453ce00000] [id=6992]
  0x00000186897f7230 GCTaskThread "GC Thread#1" [stack: 0x000000453e100000,0x000000453e200000] [id=4272]
  0x0000018689714440 GCTaskThread "GC Thread#2" [stack: 0x000000453e200000,0x000000453e300000] [id=796]
  0x0000018689a53850 GCTaskThread "GC Thread#3" [stack: 0x000000453e300000,0x000000453e400000] [id=4368]
  0x0000018689e03320 GCTaskThread "GC Thread#4" [stack: 0x000000453e400000,0x000000453e500000] [id=4024]
  0x000001868b7bef70 GCTaskThread "GC Thread#5" [stack: 0x000000453e000000,0x000000453e100000] [id=1560]
  0x000001868a3ae3e0 GCTaskThread "GC Thread#6" [stack: 0x000000453ef00000,0x000000453f000000] [id=4456]
  0x000001868b1a6770 GCTaskThread "GC Thread#7" [stack: 0x000000453f000000,0x000000453f100000] [id=4748]
  0x00000186ebebe660 ConcurrentGCThread "G1 Main Marker" [stack: 0x000000453ce00000,0x000000453cf00000] [id=7060]
  0x00000186ebebf710 ConcurrentGCThread "G1 Conc#0" [stack: 0x000000453cf00000,0x000000453d000000] [id=4244]
  0x000001868a302660 ConcurrentGCThread "G1 Conc#1" [stack: 0x000000453f100000,0x000000453f200000] [id=8816]
  0x00000186ebf0e890 ConcurrentGCThread "G1 Refine#0" [stack: 0x000000453d000000,0x000000453d100000] [id=2032]
  0x000001868d465860 ConcurrentGCThread "G1 Refine#1" [stack: 0x0000004540000000,0x0000004540100000] [id=3104]
  0x0000018687abe370 ConcurrentGCThread "G1 Service" [stack: 0x000000453d100000,0x000000453d200000] [id=2448]

Threads with active compile tasks:
C2 CompilerThread0    13222 9551       4       com.sun.beans.TypeResolver::resolve (37 bytes)
C2 CompilerThread1    13222 9642  s    4       java.io.BufferedInputStream::read (113 bytes)
C2 CompilerThread2    13222 9511       4       java.beans.Introspector::addMethod (196 bytes)

VM state: at safepoint (normal execution)

VM Mutex/Monitor currently owned by a thread:  ([mutex/lock_event])
[0x00000186ebe45220] Threads_lock - owner thread: 0x0000018687c69290
[0x00000186ebe44f50] Heap_lock - owner thread: 0x000001868aeab500

Heap address: 0x0000000080000000, size: 2048 MB, Compressed Oops mode: 32-bit

CDS archive(s) not mapped
Compressed class space mapped at: 0x0000000100000000-0x0000000140000000, reserved size: 1073741824
Narrow klass base: 0x0000000000000000, Narrow klass shift: 3, Narrow klass range: 0x140000000

GC Precious Log:
 CPUs: 8 total, 8 available
 Memory: 10177M
 Large Page Support: Disabled
 NUMA Support: Disabled
 Compressed Oops: Enabled (32-bit)
 Heap Region Size: 1M
 Heap Min Capacity: 8M
 Heap Initial Capacity: 160M
 Heap Max Capacity: 2G
 Pre-touch: Disabled
 Parallel Workers: 8
 Concurrent Workers: 2
 Concurrent Refinement Workers: 8
 Periodic GC: Disabled

Heap:
 garbage-first heap   total 163840K, used 88043K [0x0000000080000000, 0x0000000100000000)
  region size 1024K, 1 young (1024K), 1 survivors (1024K)
 Metaspace       used 93963K, committed 94592K, reserved 1138688K
  class space    used 12883K, committed 13184K, reserved 1048576K

Heap Regions: E=young(eden), S=young(survivor), O=old, HS=humongous(starts), HC=humongous(continues), CS=collection set, F=free, OA=open archive, CA=closed archive, TAMS=top-at-mark-start (previous, next)
|   0|0x0000000080000000, 0x0000000080100000, 0x0000000080100000|100%|HS|  |TAMS 0x0000000080100000, 0x0000000080000000| Complete 
|   1|0x0000000080100000, 0x0000000080200000, 0x0000000080200000|100%|HC|  |TAMS 0x0000000080200000, 0x0000000080100000| Complete 
|   2|0x0000000080200000, 0x0000000080300000, 0x0000000080300000|100%|HC|  |TAMS 0x0000000080300000, 0x0000000080200000| Complete 
|   3|0x0000000080300000, 0x0000000080400000, 0x0000000080400000|100%|HC|  |TAMS 0x0000000080400000, 0x0000000080300000| Complete 
|   4|0x0000000080400000, 0x0000000080500000, 0x0000000080500000|100%| O|  |TAMS 0x0000000080500000, 0x0000000080400000| Untracked 
|   5|0x0000000080500000, 0x0000000080600000, 0x0000000080600000|100%| O|  |TAMS 0x0000000080600000, 0x0000000080500000| Untracked 
|   6|0x0000000080600000, 0x0000000080700000, 0x0000000080700000|100%| O|  |TAMS 0x0000000080700000, 0x0000000080600000| Untracked 
|   7|0x0000000080700000, 0x0000000080800000, 0x0000000080800000|100%| O|  |TAMS 0x0000000080800000, 0x0000000080700000| Untracked 
|   8|0x0000000080800000, 0x0000000080900000, 0x0000000080900000|100%| O|  |TAMS 0x0000000080900000, 0x0000000080800000| Untracked 
|   9|0x0000000080900000, 0x0000000080a00000, 0x0000000080a00000|100%| O|  |TAMS 0x0000000080a00000, 0x0000000080900000| Untracked 
|  10|0x0000000080a00000, 0x0000000080b00000, 0x0000000080b00000|100%| O|  |TAMS 0x0000000080b00000, 0x0000000080a00000| Untracked 
|  11|0x0000000080b00000, 0x0000000080c00000, 0x0000000080c00000|100%| O|  |TAMS 0x0000000080c00000, 0x0000000080b00000| Untracked 
|  12|0x0000000080c00000, 0x0000000080d00000, 0x0000000080d00000|100%| O|  |TAMS 0x0000000080d00000, 0x0000000080c00000| Untracked 
|  13|0x0000000080d00000, 0x0000000080e00000, 0x0000000080e00000|100%| O|  |TAMS 0x0000000080e00000, 0x0000000080d00000| Untracked 
|  14|0x0000000080e00000, 0x0000000080f00000, 0x0000000080f00000|100%| O|  |TAMS 0x0000000080f00000, 0x0000000080e00000| Untracked 
|  15|0x0000000080f00000, 0x0000000081000000, 0x0000000081000000|100%| O|  |TAMS 0x0000000081000000, 0x0000000080f00000| Untracked 
|  16|0x0000000081000000, 0x0000000081100000, 0x0000000081100000|100%| O|  |TAMS 0x0000000081100000, 0x0000000081000000| Untracked 
|  17|0x0000000081100000, 0x0000000081200000, 0x0000000081200000|100%| O|  |TAMS 0x0000000081200000, 0x0000000081100000| Untracked 
|  18|0x0000000081200000, 0x0000000081300000, 0x0000000081300000|100%| O|  |TAMS 0x0000000081300000, 0x0000000081200000| Untracked 
|  19|0x0000000081300000, 0x0000000081400000, 0x0000000081400000|100%| O|  |TAMS 0x0000000081400000, 0x0000000081300000| Untracked 
|  20|0x0000000081400000, 0x0000000081500000, 0x0000000081500000|100%| O|  |TAMS 0x0000000081500000, 0x0000000081400000| Untracked 
|  21|0x0000000081500000, 0x0000000081600000, 0x0000000081600000|100%| O|  |TAMS 0x0000000081600000, 0x0000000081500000| Untracked 
|  22|0x0000000081600000, 0x0000000081700000, 0x0000000081700000|100%| O|  |TAMS 0x0000000081700000, 0x0000000081600000| Untracked 
|  23|0x0000000081700000, 0x0000000081800000, 0x0000000081800000|100%| O|  |TAMS 0x0000000081700000, 0x0000000081700000| Untracked 
|  24|0x0000000081800000, 0x0000000081900000, 0x0000000081900000|100%| O|  |TAMS 0x0000000081900000, 0x0000000081800000| Untracked 
|  25|0x0000000081900000, 0x0000000081a00000, 0x0000000081a00000|100%| O|  |TAMS 0x0000000081a00000, 0x0000000081900000| Untracked 
|  26|0x0000000081a00000, 0x0000000081b00000, 0x0000000081b00000|100%| O|  |TAMS 0x0000000081b00000, 0x0000000081a00000| Untracked 
|  27|0x0000000081b00000, 0x0000000081c00000, 0x0000000081c00000|100%| O|  |TAMS 0x0000000081c00000, 0x0000000081b00000| Untracked 
|  28|0x0000000081c00000, 0x0000000081d00000, 0x0000000081d00000|100%| O|  |TAMS 0x0000000081d00000, 0x0000000081c00000| Untracked 
|  29|0x0000000081d00000, 0x0000000081e00000, 0x0000000081e00000|100%| O|  |TAMS 0x0000000081e00000, 0x0000000081d00000| Untracked 
|  30|0x0000000081e00000, 0x0000000081f00000, 0x0000000081f00000|100%| O|  |TAMS 0x0000000081f00000, 0x0000000081e00000| Untracked 
|  31|0x0000000081f00000, 0x0000000082000000, 0x0000000082000000|100%| O|  |TAMS 0x0000000082000000, 0x0000000081f00000| Untracked 
|  32|0x0000000082000000, 0x0000000082100000, 0x0000000082100000|100%|HS|  |TAMS 0x0000000082100000, 0x0000000082000000| Complete 
|  33|0x0000000082100000, 0x0000000082200000, 0x0000000082200000|100%|HS|  |TAMS 0x0000000082200000, 0x0000000082100000| Complete 
|  34|0x0000000082200000, 0x0000000082300000, 0x0000000082300000|100%|HS|  |TAMS 0x0000000082300000, 0x0000000082200000| Complete 
|  35|0x0000000082300000, 0x0000000082400000, 0x0000000082400000|100%|HC|  |TAMS 0x0000000082400000, 0x0000000082300000| Complete 
|  36|0x0000000082400000, 0x0000000082500000, 0x0000000082500000|100%| O|  |TAMS 0x0000000082500000, 0x0000000082400000| Untracked 
|  37|0x0000000082500000, 0x0000000082600000, 0x0000000082600000|100%| O|  |TAMS 0x0000000082600000, 0x0000000082500000| Untracked 
|  38|0x0000000082600000, 0x0000000082700000, 0x0000000082700000|100%| O|  |TAMS 0x0000000082700000, 0x0000000082600000| Untracked 
|  39|0x0000000082700000, 0x0000000082800000, 0x0000000082800000|100%|HS|  |TAMS 0x0000000082800000, 0x0000000082700000| Complete 
|  40|0x0000000082800000, 0x0000000082900000, 0x0000000082900000|100%|HS|  |TAMS 0x0000000082900000, 0x0000000082800000| Complete 
|  41|0x0000000082900000, 0x0000000082a00000, 0x0000000082a00000|100%|HC|  |TAMS 0x0000000082a00000, 0x0000000082900000| Complete 
|  42|0x0000000082a00000, 0x0000000082b00000, 0x0000000082b00000|100%|HC|  |TAMS 0x0000000082b00000, 0x0000000082a00000| Complete 
|  43|0x0000000082b00000, 0x0000000082c00000, 0x0000000082c00000|100%|HC|  |TAMS 0x0000000082c00000, 0x0000000082b00000| Complete 
|  44|0x0000000082c00000, 0x0000000082d00000, 0x0000000082d00000|100%| O|  |TAMS 0x0000000082d00000, 0x0000000082c00000| Untracked 
|  45|0x0000000082d00000, 0x0000000082e00000, 0x0000000082e00000|100%| O|  |TAMS 0x0000000082e00000, 0x0000000082d00000| Untracked 
|  46|0x0000000082e00000, 0x0000000082f00000, 0x0000000082f00000|100%| O|  |TAMS 0x0000000082f00000, 0x0000000082e00000| Untracked 
|  47|0x0000000082f00000, 0x0000000083000000, 0x0000000083000000|100%| O|  |TAMS 0x0000000083000000, 0x0000000082f00000| Untracked 
|  48|0x0000000083000000, 0x0000000083100000, 0x0000000083100000|100%| O|  |TAMS 0x0000000083100000, 0x0000000083000000| Untracked 
|  49|0x0000000083100000, 0x0000000083200000, 0x0000000083200000|100%| O|  |TAMS 0x0000000083200000, 0x0000000083100000| Untracked 
|  50|0x0000000083200000, 0x0000000083300000, 0x0000000083300000|100%| O|  |TAMS 0x0000000083300000, 0x0000000083200000| Untracked 
|  51|0x0000000083300000, 0x0000000083400000, 0x0000000083400000|100%| O|  |TAMS 0x0000000083400000, 0x0000000083300000| Untracked 
|  52|0x0000000083400000, 0x0000000083500000, 0x0000000083500000|100%| O|  |TAMS 0x0000000083500000, 0x0000000083400000| Untracked 
|  53|0x0000000083500000, 0x0000000083600000, 0x0000000083600000|100%| O|  |TAMS 0x0000000083600000, 0x0000000083500000| Untracked 
|  54|0x0000000083600000, 0x0000000083700000, 0x0000000083700000|100%| O|  |TAMS 0x0000000083700000, 0x0000000083600000| Untracked 
|  55|0x0000000083700000, 0x0000000083800000, 0x0000000083800000|100%| O|  |TAMS 0x0000000083800000, 0x0000000083700000| Untracked 
|  56|0x0000000083800000, 0x0000000083900000, 0x0000000083900000|100%| O|  |TAMS 0x0000000083900000, 0x0000000083800000| Untracked 
|  57|0x0000000083900000, 0x0000000083900000, 0x0000000083a00000|  0%| F|  |TAMS 0x0000000083900000, 0x0000000083900000| Untracked 
|  58|0x0000000083a00000, 0x0000000083b00000, 0x0000000083b00000|100%| O|  |TAMS 0x0000000083b00000, 0x0000000083a00000| Untracked 
|  59|0x0000000083b00000, 0x0000000083c00000, 0x0000000083c00000|100%| O|  |TAMS 0x0000000083c00000, 0x0000000083b00000| Untracked 
|  60|0x0000000083c00000, 0x0000000083d00000, 0x0000000083d00000|100%| O|  |TAMS 0x0000000083d00000, 0x0000000083c00000| Untracked 
|  61|0x0000000083d00000, 0x0000000083e00000, 0x0000000083e00000|100%| O|  |TAMS 0x0000000083e00000, 0x0000000083d00000| Untracked 
|  62|0x0000000083e00000, 0x0000000083f00000, 0x0000000083f00000|100%| O|  |TAMS 0x0000000083f00000, 0x0000000083e00000| Untracked 
|  63|0x0000000083f00000, 0x0000000084000000, 0x0000000084000000|100%| O|  |TAMS 0x0000000084000000, 0x0000000083f00000| Untracked 
|  64|0x0000000084000000, 0x0000000084100000, 0x0000000084100000|100%| O|  |TAMS 0x0000000084100000, 0x0000000084000000| Untracked 
|  65|0x0000000084100000, 0x0000000084200000, 0x0000000084200000|100%| O|  |TAMS 0x0000000084200000, 0x0000000084100000| Untracked 
|  66|0x0000000084200000, 0x0000000084300000, 0x0000000084300000|100%| O|  |TAMS 0x0000000084300000, 0x0000000084200000| Untracked 
|  67|0x0000000084300000, 0x0000000084400000, 0x0000000084400000|100%| O|  |TAMS 0x0000000084400000, 0x0000000084300000| Untracked 
|  68|0x0000000084400000, 0x0000000084500000, 0x0000000084500000|100%| O|  |TAMS 0x0000000084500000, 0x0000000084400000| Untracked 
|  69|0x0000000084500000, 0x0000000084600000, 0x0000000084600000|100%| O|  |TAMS 0x0000000084600000, 0x0000000084500000| Untracked 
|  70|0x0000000084600000, 0x0000000084700000, 0x0000000084700000|100%| O|  |TAMS 0x0000000084700000, 0x0000000084600000| Untracked 
|  71|0x0000000084700000, 0x0000000084800000, 0x0000000084800000|100%| O|  |TAMS 0x0000000084800000, 0x0000000084700000| Untracked 
|  72|0x0000000084800000, 0x0000000084900000, 0x0000000084900000|100%| O|  |TAMS 0x0000000084900000, 0x0000000084800000| Untracked 
|  73|0x0000000084900000, 0x0000000084a00000, 0x0000000084a00000|100%| O|  |TAMS 0x0000000084a00000, 0x0000000084900000| Untracked 
|  74|0x0000000084a00000, 0x0000000084b00000, 0x0000000084b00000|100%| O|  |TAMS 0x0000000084b00000, 0x0000000084a00000| Untracked 
|  75|0x0000000084b00000, 0x0000000084c00000, 0x0000000084c00000|100%| O|  |TAMS 0x0000000084c00000, 0x0000000084b00000| Untracked 
|  76|0x0000000084c00000, 0x0000000084d00000, 0x0000000084d00000|100%| O|  |TAMS 0x0000000084c1b400, 0x0000000084c00000| Untracked 
|  77|0x0000000084d00000, 0x0000000084e00000, 0x0000000084e00000|100%| O|  |TAMS 0x0000000084d00000, 0x0000000084d00000| Untracked 
|  78|0x0000000084e00000, 0x0000000084f00000, 0x0000000084f00000|100%| O|  |TAMS 0x0000000084e00000, 0x0000000084e00000| Untracked 
|  79|0x0000000084f00000, 0x0000000085000000, 0x0000000085000000|100%| O|  |TAMS 0x0000000084f00000, 0x0000000084f00000| Untracked 
|  80|0x0000000085000000, 0x0000000085100000, 0x0000000085100000|100%| O|  |TAMS 0x0000000085000000, 0x0000000085000000| Untracked 
|  81|0x0000000085100000, 0x0000000085200000, 0x0000000085200000|100%| O|  |TAMS 0x0000000085100000, 0x0000000085100000| Untracked 
|  82|0x0000000085200000, 0x0000000085300000, 0x0000000085300000|100%| O|  |TAMS 0x0000000085200000, 0x0000000085200000| Untracked 
|  83|0x0000000085300000, 0x0000000085400000, 0x0000000085400000|100%| O|  |TAMS 0x0000000085300000, 0x0000000085300000| Untracked 
|  84|0x0000000085400000, 0x0000000085500000, 0x0000000085500000|100%| O|  |TAMS 0x0000000085400000, 0x0000000085400000| Untracked 
|  85|0x0000000085500000, 0x00000000855fae00, 0x0000000085600000| 97%| O|  |TAMS 0x0000000085500000, 0x0000000085500000| Untracked 
|  86|0x0000000085600000, 0x0000000085600000, 0x0000000085700000|  0%| F|  |TAMS 0x0000000085600000, 0x0000000085600000| Untracked 
|  87|0x0000000085700000, 0x0000000085700000, 0x0000000085800000|  0%| F|  |TAMS 0x0000000085700000, 0x0000000085700000| Untracked 
|  88|0x0000000085800000, 0x0000000085800000, 0x0000000085900000|  0%| F|  |TAMS 0x0000000085800000, 0x0000000085800000| Untracked 
|  89|0x0000000085900000, 0x0000000085900000, 0x0000000085a00000|  0%| F|  |TAMS 0x0000000085900000, 0x0000000085900000| Untracked 
|  90|0x0000000085a00000, 0x0000000085a00000, 0x0000000085b00000|  0%| F|  |TAMS 0x0000000085a00000, 0x0000000085a00000| Untracked 
|  91|0x0000000085b00000, 0x0000000085b00000, 0x0000000085c00000|  0%| F|  |TAMS 0x0000000085b00000, 0x0000000085b00000| Untracked 
|  92|0x0000000085c00000, 0x0000000085c00000, 0x0000000085d00000|  0%| F|  |TAMS 0x0000000085c00000, 0x0000000085c00000| Untracked 
|  93|0x0000000085d00000, 0x0000000085d00000, 0x0000000085e00000|  0%| F|  |TAMS 0x0000000085d00000, 0x0000000085d00000| Untracked 
|  94|0x0000000085e00000, 0x0000000085e00000, 0x0000000085f00000|  0%| F|  |TAMS 0x0000000085e00000, 0x0000000085e00000| Untracked 
|  95|0x0000000085f00000, 0x0000000085f00000, 0x0000000086000000|  0%| F|  |TAMS 0x0000000085f00000, 0x0000000085f00000| Untracked 
|  96|0x0000000086000000, 0x0000000086000000, 0x0000000086100000|  0%| F|  |TAMS 0x0000000086000000, 0x0000000086000000| Untracked 
|  97|0x0000000086100000, 0x0000000086100000, 0x0000000086200000|  0%| F|  |TAMS 0x0000000086100000, 0x0000000086100000| Untracked 
|  98|0x0000000086200000, 0x0000000086200000, 0x0000000086300000|  0%| F|  |TAMS 0x0000000086200000, 0x0000000086200000| Untracked 
|  99|0x0000000086300000, 0x0000000086300000, 0x0000000086400000|  0%| F|  |TAMS 0x0000000086300000, 0x0000000086300000| Untracked 
| 100|0x0000000086400000, 0x0000000086400000, 0x0000000086500000|  0%| F|  |TAMS 0x0000000086400000, 0x0000000086400000| Untracked 
| 101|0x0000000086500000, 0x0000000086500000, 0x0000000086600000|  0%| F|  |TAMS 0x0000000086500000, 0x0000000086500000| Untracked 
| 102|0x0000000086600000, 0x0000000086600000, 0x0000000086700000|  0%| F|  |TAMS 0x0000000086600000, 0x0000000086600000| Untracked 
| 103|0x0000000086700000, 0x0000000086700000, 0x0000000086800000|  0%| F|  |TAMS 0x0000000086700000, 0x0000000086700000| Untracked 
| 104|0x0000000086800000, 0x0000000086800000, 0x0000000086900000|  0%| F|  |TAMS 0x0000000086800000, 0x0000000086800000| Untracked 
| 105|0x0000000086900000, 0x0000000086900000, 0x0000000086a00000|  0%| F|  |TAMS 0x0000000086900000, 0x0000000086900000| Untracked 
| 106|0x0000000086a00000, 0x0000000086a00000, 0x0000000086b00000|  0%| F|  |TAMS 0x0000000086a00000, 0x0000000086a00000| Untracked 
| 107|0x0000000086b00000, 0x0000000086b00000, 0x0000000086c00000|  0%| F|  |TAMS 0x0000000086b00000, 0x0000000086b00000| Untracked 
| 108|0x0000000086c00000, 0x0000000086c00000, 0x0000000086d00000|  0%| F|  |TAMS 0x0000000086c00000, 0x0000000086c00000| Untracked 
| 109|0x0000000086d00000, 0x0000000086d00000, 0x0000000086e00000|  0%| F|  |TAMS 0x0000000086d00000, 0x0000000086d00000| Untracked 
| 110|0x0000000086e00000, 0x0000000086e00000, 0x0000000086f00000|  0%| F|  |TAMS 0x0000000086e00000, 0x0000000086e00000| Untracked 
| 111|0x0000000086f00000, 0x0000000086f00000, 0x0000000087000000|  0%| F|  |TAMS 0x0000000086f00000, 0x0000000086f00000| Untracked 
| 112|0x0000000087000000, 0x0000000087000000, 0x0000000087100000|  0%| F|  |TAMS 0x0000000087000000, 0x0000000087000000| Untracked 
| 113|0x0000000087100000, 0x0000000087100000, 0x0000000087200000|  0%| F|  |TAMS 0x0000000087100000, 0x0000000087100000| Untracked 
| 114|0x0000000087200000, 0x0000000087200000, 0x0000000087300000|  0%| F|  |TAMS 0x0000000087200000, 0x0000000087200000| Untracked 
| 115|0x0000000087300000, 0x0000000087300000, 0x0000000087400000|  0%| F|  |TAMS 0x0000000087300000, 0x0000000087300000| Untracked 
| 116|0x0000000087400000, 0x0000000087400000, 0x0000000087500000|  0%| F|  |TAMS 0x0000000087400000, 0x0000000087400000| Untracked 
| 117|0x0000000087500000, 0x0000000087500000, 0x0000000087600000|  0%| F|  |TAMS 0x0000000087500000, 0x0000000087500000| Untracked 
| 118|0x0000000087600000, 0x0000000087600000, 0x0000000087700000|  0%| F|  |TAMS 0x0000000087600000, 0x0000000087600000| Untracked 
| 119|0x0000000087700000, 0x0000000087700000, 0x0000000087800000|  0%| F|  |TAMS 0x0000000087700000, 0x0000000087700000| Untracked 
| 120|0x0000000087800000, 0x0000000087800000, 0x0000000087900000|  0%| F|  |TAMS 0x0000000087800000, 0x0000000087800000| Untracked 
| 121|0x0000000087900000, 0x0000000087900000, 0x0000000087a00000|  0%| F|  |TAMS 0x0000000087900000, 0x0000000087900000| Untracked 
| 122|0x0000000087a00000, 0x0000000087a00000, 0x0000000087b00000|  0%| F|  |TAMS 0x0000000087a00000, 0x0000000087a00000| Untracked 
| 123|0x0000000087b00000, 0x0000000087b00000, 0x0000000087c00000|  0%| F|  |TAMS 0x0000000087b00000, 0x0000000087b00000| Untracked 
| 124|0x0000000087c00000, 0x0000000087c00000, 0x0000000087d00000|  0%| F|  |TAMS 0x0000000087c00000, 0x0000000087c00000| Untracked 
| 125|0x0000000087d00000, 0x0000000087d00000, 0x0000000087e00000|  0%| F|  |TAMS 0x0000000087d00000, 0x0000000087d00000| Untracked 
| 126|0x0000000087e00000, 0x0000000087e00000, 0x0000000087f00000|  0%| F|  |TAMS 0x0000000087e00000, 0x0000000087e00000| Untracked 
| 127|0x0000000087f00000, 0x0000000087f00000, 0x0000000088000000|  0%| F|  |TAMS 0x0000000087f00000, 0x0000000087f00000| Untracked 
| 128|0x0000000088000000, 0x0000000088000000, 0x0000000088100000|  0%| F|  |TAMS 0x0000000088000000, 0x0000000088000000| Untracked 
| 129|0x0000000088100000, 0x0000000088100000, 0x0000000088200000|  0%| F|  |TAMS 0x0000000088100000, 0x0000000088100000| Untracked 
| 130|0x0000000088200000, 0x0000000088200000, 0x0000000088300000|  0%| F|  |TAMS 0x0000000088200000, 0x0000000088200000| Untracked 
| 131|0x0000000088300000, 0x0000000088300000, 0x0000000088400000|  0%| F|  |TAMS 0x0000000088300000, 0x0000000088300000| Untracked 
| 132|0x0000000088400000, 0x0000000088400000, 0x0000000088500000|  0%| F|  |TAMS 0x0000000088400000, 0x0000000088400000| Untracked 
| 133|0x0000000088500000, 0x0000000088500000, 0x0000000088600000|  0%| F|  |TAMS 0x0000000088500000, 0x0000000088500000| Untracked 
| 134|0x0000000088600000, 0x0000000088600000, 0x0000000088700000|  0%| F|  |TAMS 0x0000000088600000, 0x0000000088600000| Untracked 
| 135|0x0000000088700000, 0x0000000088700000, 0x0000000088800000|  0%| F|  |TAMS 0x0000000088700000, 0x0000000088700000| Untracked 
| 136|0x0000000088800000, 0x0000000088800000, 0x0000000088900000|  0%| F|  |TAMS 0x0000000088800000, 0x0000000088800000| Untracked 
| 137|0x0000000088900000, 0x0000000088900000, 0x0000000088a00000|  0%| F|  |TAMS 0x0000000088900000, 0x0000000088900000| Untracked 
| 138|0x0000000088a00000, 0x0000000088a00000, 0x0000000088b00000|  0%| F|  |TAMS 0x0000000088a00000, 0x0000000088a00000| Untracked 
| 139|0x0000000088b00000, 0x0000000088b00000, 0x0000000088c00000|  0%| F|  |TAMS 0x0000000088b00000, 0x0000000088b00000| Untracked 
| 140|0x0000000088c00000, 0x0000000088c00000, 0x0000000088d00000|  0%| F|  |TAMS 0x0000000088c00000, 0x0000000088c00000| Untracked 
| 141|0x0000000088d00000, 0x0000000088d00000, 0x0000000088e00000|  0%| F|  |TAMS 0x0000000088d00000, 0x0000000088d00000| Untracked 
| 142|0x0000000088e00000, 0x0000000088e00000, 0x0000000088f00000|  0%| F|  |TAMS 0x0000000088e00000, 0x0000000088e00000| Untracked 
| 143|0x0000000088f00000, 0x0000000088f00000, 0x0000000089000000|  0%| F|  |TAMS 0x0000000088f00000, 0x0000000088f00000| Untracked 
| 144|0x0000000089000000, 0x0000000089000000, 0x0000000089100000|  0%| F|  |TAMS 0x0000000089000000, 0x0000000089000000| Untracked 
| 145|0x0000000089100000, 0x0000000089100000, 0x0000000089200000|  0%| F|  |TAMS 0x0000000089100000, 0x0000000089100000| Untracked 
| 146|0x0000000089200000, 0x0000000089200000, 0x0000000089300000|  0%| F|  |TAMS 0x0000000089200000, 0x0000000089200000| Untracked 
| 147|0x0000000089300000, 0x0000000089300000, 0x0000000089400000|  0%| F|  |TAMS 0x0000000089300000, 0x0000000089300000| Untracked 
| 148|0x0000000089400000, 0x0000000089400000, 0x0000000089500000|  0%| F|  |TAMS 0x0000000089400000, 0x0000000089400000| Untracked 
| 149|0x0000000089500000, 0x0000000089600000, 0x0000000089600000|100%| S|CS|TAMS 0x0000000089500000, 0x0000000089500000| Complete 
| 150|0x0000000089600000, 0x0000000089600000, 0x0000000089700000|  0%| F|  |TAMS 0x0000000089600000, 0x0000000089600000| Untracked 
| 151|0x0000000089700000, 0x0000000089700000, 0x0000000089800000|  0%| F|  |TAMS 0x0000000089700000, 0x0000000089700000| Untracked 
| 152|0x0000000089800000, 0x0000000089800000, 0x0000000089900000|  0%| F|  |TAMS 0x0000000089800000, 0x0000000089800000| Untracked 
| 153|0x0000000089900000, 0x0000000089900000, 0x0000000089a00000|  0%| F|  |TAMS 0x0000000089900000, 0x0000000089900000| Untracked 
| 154|0x0000000089a00000, 0x0000000089a00000, 0x0000000089b00000|  0%| F|  |TAMS 0x0000000089a00000, 0x0000000089a00000| Untracked 
| 155|0x0000000089b00000, 0x0000000089b00000, 0x0000000089c00000|  0%| F|  |TAMS 0x0000000089b00000, 0x0000000089b00000| Untracked 
| 156|0x0000000089c00000, 0x0000000089c00000, 0x0000000089d00000|  0%| F|  |TAMS 0x0000000089c00000, 0x0000000089c00000| Untracked 
| 157|0x0000000089d00000, 0x0000000089d00000, 0x0000000089e00000|  0%| F|  |TAMS 0x0000000089d00000, 0x0000000089d00000| Untracked 
| 158|0x0000000089e00000, 0x0000000089e00000, 0x0000000089f00000|  0%| F|  |TAMS 0x0000000089e00000, 0x0000000089e00000| Untracked 
| 159|0x0000000089f00000, 0x0000000089f00000, 0x000000008a000000|  0%| F|  |TAMS 0x0000000089f00000, 0x0000000089f00000| Untracked 

Card table byte_map: [0x0000018680960000,0x0000018680d60000] _byte_map_base: 0x0000018680560000

Marking Bits (Prev, Next): (CMBitMap*) 0x00000186ebeadc10, (CMBitMap*) 0x00000186ebeadbd0
 Prev Bits: [0x0000018683160000, 0x0000018685160000)
 Next Bits: [0x0000018681160000, 0x0000018683160000)

Polling page: 0x00000186f0ac0000

Metaspace:

Usage:
  Non-class:     79.18 MB used.
      Class:     12.58 MB used.
       Both:     91.76 MB used.

Virtual space:
  Non-class space:       88.00 MB reserved,      79.50 MB ( 90%) committed,  11 nodes.
      Class space:        1.00 GB reserved,      12.88 MB (  1%) committed,  1 nodes.
             Both:        1.09 GB reserved,      92.38 MB (  8%) committed. 

Chunk freelists:
   Non-Class:  3.88 MB
       Class:  3.09 MB
        Both:  6.97 MB

MaxMetaspaceSize: unlimited
CompressedClassSpaceSize: 1.00 GB
Initial GC threshold: 21.00 MB
Current GC threshold: 152.00 MB
CDS: off
MetaspaceReclaimPolicy: balanced
 - commit_granule_bytes: 65536.
 - commit_granule_words: 8192.
 - virtual_space_node_default_size: 1048576.
 - enlarge_chunks_in_place: 1.
 - new_chunks_are_fully_committed: 0.
 - uncommit_free_chunks: 1.
 - use_allocation_guard: 0.
 - handle_deallocations: 1.


Internal statistics:

num_allocs_failed_limit: 6.
num_arena_births: 950.
num_arena_deaths: 0.
num_vsnodes_births: 12.
num_vsnodes_deaths: 0.
num_space_committed: 1478.
num_space_uncommitted: 0.
num_chunks_returned_to_freelist: 6.
num_chunks_taken_from_freelist: 4381.
num_chunk_merges: 6.
num_chunk_splits: 2911.
num_chunks_enlarged: 2001.
num_purges: 0.
num_inconsistent_stats: 0.

CodeHeap 'non-profiled nmethods': size=120000Kb used=4793Kb max_used=5341Kb free=115206Kb
 bounds [0x00000186f85b0000, 0x00000186f8af0000, 0x00000186ffae0000]
CodeHeap 'profiled nmethods': size=120000Kb used=15379Kb max_used=16783Kb free=104620Kb
 bounds [0x00000186f0ae0000, 0x00000186f1b50000, 0x00000186f8010000]
CodeHeap 'non-nmethods': size=5760Kb used=2395Kb max_used=2441Kb free=3364Kb
 bounds [0x00000186f8010000, 0x00000186f8280000, 0x00000186f85b0000]
 total_blobs=9167 nmethods=8247 adapters=831
 compilation: enabled
              stopped_count=0, restarted_count=0
 full_count=0

Compilation events (20 events):
Event: 13.175 Thread 0x0000018688838630 9776       3       org.gradle.api.internal.artifacts.ivyservice.resolveengine.graph.builder.NodeState::cacheDependencyStates (68 bytes)
Event: 13.177 Thread 0x0000018688838630 nmethod 9776 0x00000186f0b34c90 code [0x00000186f0b34f80, 0x00000186f0b36278]
Event: 13.177 Thread 0x0000018688838630 9778       3       org.gradle.api.internal.artifacts.ivyservice.resolveengine.graph.builder.NodeState::cacheFilteredDependencyStates (102 bytes)
Event: 13.178 Thread 0x0000018688838630 nmethod 9778 0x00000186f10efd10 code [0x00000186f10effc0, 0x00000186f10f0de8]
Event: 13.179 Thread 0x0000018688838630 9779       3       org.gradle.api.internal.artifacts.ivyservice.resolveengine.graph.builder.ResolveState$SelectorCacheKey::<init> (8 bytes)
Event: 13.179 Thread 0x0000018688838630 nmethod 9779 0x00000186f1326690 code [0x00000186f1326840, 0x00000186f1326a78]
Event: 13.179 Thread 0x0000018688838630 9780       3       org.gradle.api.internal.artifacts.ivyservice.resolveengine.graph.builder.ResolveState$SelectorCacheKey::<init> (20 bytes)
Event: 13.180 Thread 0x0000018688838630 nmethod 9780 0x00000186f1362810 code [0x00000186f13629a0, 0x00000186f1362b78]
Event: 13.180 Thread 0x0000018688838630 9785   !   3       org.gradle.internal.serialize.kryo.KryoBackedDecoder::readLong (15 bytes)
Event: 13.180 Thread 0x0000018688838630 nmethod 9785 0x00000186f138c310 code [0x00000186f138c520, 0x00000186f138caa8]
Event: 13.180 Thread 0x0000018688838630 9781       3       org.gradle.api.internal.artifacts.ivyservice.resolveengine.graph.builder.ResolveState$$Lambda$658/0x00000001006eb060::<init> (20 bytes)
Event: 13.181 Thread 0x0000018688838630 nmethod 9781 0x00000186f1395c10 code [0x00000186f1395dc0, 0x00000186f1395ff8]
Event: 13.181 Thread 0x0000018688838630 9782       3       org.gradle.api.internal.artifacts.ivyservice.resolveengine.graph.builder.ResolveState$SelectorCacheKey::hashCode (35 bytes)
Event: 13.181 Thread 0x0000018688838630 nmethod 9782 0x00000186f0f35390 code [0x00000186f0f35580, 0x00000186f0f35d88]
Event: 13.181 Thread 0x0000018688838630 9784       3       org.gradle.api.internal.artifacts.ivyservice.resolveengine.graph.builder.DependencyState::isNewReason (40 bytes)
Event: 13.182 Thread 0x0000018688838630 nmethod 9784 0x00000186f1239110 code [0x00000186f12392e0, 0x00000186f12397b8]
Event: 13.182 Thread 0x0000018688838630 9783       1       org.gradle.api.internal.artifacts.ivyservice.resolveengine.strict.StrictVersionConstraints$1::contains (2 bytes)
Event: 13.182 Thread 0x0000018688838630 nmethod 9783 0x00000186f895d290 code [0x00000186f895d420, 0x00000186f895d4f8]
Event: 13.182 Thread 0x0000018688838630 9777       1       java.util.Collections$EmptyList::hashCode (2 bytes)
Event: 13.182 Thread 0x0000018688838630 nmethod 9777 0x00000186f8851590 code [0x00000186f8851720, 0x00000186f88517f8]

GC Heap History (20 events):
Event: 8.096 GC heap after
{Heap after GC invocations=24 (full 0):
 garbage-first heap   total 141312K, used 59190K [0x0000000080000000, 0x0000000100000000)
  region size 1024K, 1 young (1024K), 1 survivors (1024K)
 Metaspace       used 65282K, committed 65792K, reserved 1114112K
  class space    used 8680K, committed 8896K, reserved 1048576K
}
Event: 8.775 GC heap before
{Heap before GC invocations=24 (full 0):
 garbage-first heap   total 141312K, used 101174K [0x0000000080000000, 0x0000000100000000)
  region size 1024K, 42 young (43008K), 1 survivors (1024K)
 Metaspace       used 69283K, committed 69824K, reserved 1114112K
  class space    used 9209K, committed 9472K, reserved 1048576K
}
Event: 8.779 GC heap after
{Heap after GC invocations=25 (full 0):
 garbage-first heap   total 141312K, used 62089K [0x0000000080000000, 0x0000000100000000)
  region size 1024K, 4 young (4096K), 4 survivors (4096K)
 Metaspace       used 69283K, committed 69824K, reserved 1114112K
  class space    used 9209K, committed 9472K, reserved 1048576K
}
Event: 9.421 GC heap before
{Heap before GC invocations=25 (full 0):
 garbage-first heap   total 141312K, used 105097K [0x0000000080000000, 0x0000000100000000)
  region size 1024K, 46 young (47104K), 4 survivors (4096K)
 Metaspace       used 74661K, committed 75328K, reserved 1114112K
  class space    used 9925K, committed 10240K, reserved 1048576K
}
Event: 9.426 GC heap after
{Heap after GC invocations=26 (full 0):
 garbage-first heap   total 141312K, used 64715K [0x0000000080000000, 0x0000000100000000)
  region size 1024K, 3 young (3072K), 3 survivors (3072K)
 Metaspace       used 74661K, committed 75328K, reserved 1114112K
  class space    used 9925K, committed 10240K, reserved 1048576K
}
Event: 10.058 GC heap before
{Heap before GC invocations=26 (full 0):
 garbage-first heap   total 141312K, used 108747K [0x0000000080000000, 0x0000000100000000)
  region size 1024K, 46 young (47104K), 3 survivors (3072K)
 Metaspace       used 77750K, committed 78400K, reserved 1122304K
  class space    used 10335K, committed 10624K, reserved 1048576K
}
Event: 10.064 GC heap after
{Heap after GC invocations=27 (full 0):
 garbage-first heap   total 141312K, used 68585K [0x0000000080000000, 0x0000000100000000)
  region size 1024K, 6 young (6144K), 6 survivors (6144K)
 Metaspace       used 77750K, committed 78400K, reserved 1122304K
  class space    used 10335K, committed 10624K, reserved 1048576K
}
Event: 10.809 GC heap before
{Heap before GC invocations=27 (full 0):
 garbage-first heap   total 141312K, used 110569K [0x0000000080000000, 0x0000000100000000)
  region size 1024K, 47 young (48128K), 6 survivors (6144K)
 Metaspace       used 82739K, committed 83328K, reserved 1122304K
  class space    used 11226K, committed 11520K, reserved 1048576K
}
Event: 10.816 GC heap after
{Heap after GC invocations=28 (full 0):
 garbage-first heap   total 141312K, used 71095K [0x0000000080000000, 0x0000000100000000)
  region size 1024K, 4 young (4096K), 4 survivors (4096K)
 Metaspace       used 82739K, committed 83328K, reserved 1122304K
  class space    used 11226K, committed 11520K, reserved 1048576K
}
Event: 11.530 GC heap before
{Heap before GC invocations=28 (full 0):
 garbage-first heap   total 141312K, used 112055K [0x0000000080000000, 0x0000000100000000)
  region size 1024K, 44 young (45056K), 4 survivors (4096K)
 Metaspace       used 86800K, committed 87424K, reserved 1130496K
  class space    used 11820K, committed 12096K, reserved 1048576K
}
Event: 11.537 GC heap after
{Heap after GC invocations=29 (full 0):
 garbage-first heap   total 141312K, used 74037K [0x0000000080000000, 0x0000000100000000)
  region size 1024K, 6 young (6144K), 6 survivors (6144K)
 Metaspace       used 86800K, committed 87424K, reserved 1130496K
  class space    used 11820K, committed 12096K, reserved 1048576K
}
Event: 12.260 GC heap before
{Heap before GC invocations=30 (full 0):
 garbage-first heap   total 141312K, used 113973K [0x0000000080000000, 0x0000000100000000)
  region size 1024K, 45 young (46080K), 6 survivors (6144K)
 Metaspace       used 91496K, committed 92160K, reserved 1130496K
  class space    used 12487K, committed 12800K, reserved 1048576K
}
Event: 12.268 GC heap after
{Heap after GC invocations=31 (full 0):
 garbage-first heap   total 141312K, used 77676K [0x0000000080000000, 0x0000000100000000)
  region size 1024K, 4 young (4096K), 4 survivors (4096K)
 Metaspace       used 91496K, committed 92160K, reserved 1130496K
  class space    used 12487K, committed 12800K, reserved 1048576K
}
Event: 12.293 GC heap before
{Heap before GC invocations=31 (full 0):
 garbage-first heap   total 141312K, used 79724K [0x0000000080000000, 0x0000000100000000)
  region size 1024K, 6 young (6144K), 4 survivors (4096K)
 Metaspace       used 91628K, committed 92224K, reserved 1130496K
  class space    used 12510K, committed 12800K, reserved 1048576K
}
Event: 12.297 GC heap after
{Heap after GC invocations=32 (full 0):
 garbage-first heap   total 141312K, used 77668K [0x0000000080000000, 0x0000000100000000)
  region size 1024K, 1 young (1024K), 1 survivors (1024K)
 Metaspace       used 91628K, committed 92224K, reserved 1130496K
  class space    used 12510K, committed 12800K, reserved 1048576K
}
Event: 12.703 GC heap before
{Heap before GC invocations=32 (full 0):
 garbage-first heap   total 141312K, used 114532K [0x0000000080000000, 0x0000000100000000)
  region size 1024K, 37 young (37888K), 1 survivors (1024K)
 Metaspace       used 92640K, committed 93248K, reserved 1130496K
  class space    used 12642K, committed 12928K, reserved 1048576K
}
Event: 12.709 GC heap after
{Heap after GC invocations=33 (full 0):
 garbage-first heap   total 141312K, used 82625K [0x0000000080000000, 0x0000000100000000)
  region size 1024K, 5 young (5120K), 5 survivors (5120K)
 Metaspace       used 92640K, committed 93248K, reserved 1130496K
  class space    used 12642K, committed 12928K, reserved 1048576K
}
Event: 13.135 GC heap before
{Heap before GC invocations=34 (full 0):
 garbage-first heap   total 155648K, used 113345K [0x0000000080000000, 0x0000000100000000)
  region size 1024K, 35 young (35840K), 5 survivors (5120K)
 Metaspace       used 93925K, committed 94592K, reserved 1138688K
  class space    used 12883K, committed 13184K, reserved 1048576K
}
Event: 13.144 GC heap after
{Heap after GC invocations=35 (full 0):
 garbage-first heap   total 155648K, used 87526K [0x0000000080000000, 0x0000000100000000)
  region size 1024K, 5 young (5120K), 5 survivors (5120K)
 Metaspace       used 93925K, committed 94592K, reserved 1138688K
  class space    used 12883K, committed 13184K, reserved 1048576K
}
Event: 13.183 GC heap before
{Heap before GC invocations=35 (full 0):
 garbage-first heap   total 155648K, used 89574K [0x0000000080000000, 0x0000000100000000)
  region size 1024K, 7 young (7168K), 5 survivors (5120K)
 Metaspace       used 93963K, committed 94592K, reserved 1138688K
  class space    used 12883K, committed 13184K, reserved 1048576K
}

Dll operation events (2 events):
Event: 0.007 Loaded shared library C:\Program Files\Android\Android Studio\jbr\bin\java.dll
Event: 0.379 Loaded shared library C:\Program Files\Android\Android Studio\jbr\bin\verify.dll

Deoptimization events (20 events):
Event: 13.054 Thread 0x000001868aead1e0 Uncommon trap: trap_request=0xffffffde fr.pc=0x00000186f86aa63c relative=0x000000000000067c
Event: 13.054 Thread 0x000001868aead1e0 Uncommon trap: reason=class_check action=maybe_recompile pc=0x00000186f86aa63c method=java.util.Collections$SetFromMap.remove(Ljava/lang/Object;)Z @ 5 c2
Event: 13.054 Thread 0x000001868aead1e0 DEOPT PACKING pc=0x00000186f86aa63c sp=0x0000004545cfdd40
Event: 13.054 Thread 0x000001868aead1e0 DEOPT UNPACKING pc=0x00000186f80669a3 sp=0x0000004545cfdd28 mode 2
Event: 13.054 Thread 0x000001868aeab500 Uncommon trap: trap_request=0xffffffde fr.pc=0x00000186f8811778 relative=0x0000000000000258
Event: 13.054 Thread 0x000001868aeab500 Uncommon trap: reason=class_check action=maybe_recompile pc=0x00000186f8811778 method=java.util.stream.StreamOpFlag.fromCharacteristics(Ljava/util/Spliterator;)I @ 14 c2
Event: 13.054 Thread 0x000001868aeab500 DEOPT PACKING pc=0x00000186f8811778 sp=0x0000004545ffe700
Event: 13.054 Thread 0x000001868aeab500 DEOPT UNPACKING pc=0x00000186f80669a3 sp=0x0000004545ffe5e8 mode 2
Event: 13.054 Thread 0x000001868aeab500 Uncommon trap: trap_request=0xffffffde fr.pc=0x00000186f87826d0 relative=0x0000000000000230
Event: 13.054 Thread 0x000001868aeab500 Uncommon trap: reason=class_check action=maybe_recompile pc=0x00000186f87826d0 method=java.util.stream.StreamOpFlag.fromCharacteristics(Ljava/util/Spliterator;)I @ 14 c2
Event: 13.054 Thread 0x000001868aeab500 DEOPT PACKING pc=0x00000186f87826d0 sp=0x0000004545ffe6a0
Event: 13.055 Thread 0x000001868aeab500 DEOPT UNPACKING pc=0x00000186f80669a3 sp=0x0000004545ffe5f0 mode 2
Event: 13.056 Thread 0x000001868aeab500 Uncommon trap: trap_request=0xffffffde fr.pc=0x00000186f86aa63c relative=0x000000000000067c
Event: 13.056 Thread 0x000001868aeab500 Uncommon trap: reason=class_check action=maybe_recompile pc=0x00000186f86aa63c method=java.util.Collections$SetFromMap.remove(Ljava/lang/Object;)Z @ 5 c2
Event: 13.056 Thread 0x000001868aeab500 DEOPT PACKING pc=0x00000186f86aa63c sp=0x0000004545ffee10
Event: 13.056 Thread 0x000001868aeab500 DEOPT UNPACKING pc=0x00000186f80669a3 sp=0x0000004545ffedf8 mode 2
Event: 13.057 Thread 0x000001868aeab500 Uncommon trap: trap_request=0xffffffde fr.pc=0x00000186f8782e80 relative=0x0000000000000060
Event: 13.057 Thread 0x000001868aeab500 Uncommon trap: reason=class_check action=maybe_recompile pc=0x00000186f8782e80 method=java.util.stream.StreamOpFlag.fromCharacteristics(Ljava/util/Spliterator;)I @ 14 c2
Event: 13.057 Thread 0x000001868aeab500 DEOPT PACKING pc=0x00000186f8782e80 sp=0x0000004545ffe650
Event: 13.057 Thread 0x000001868aeab500 DEOPT UNPACKING pc=0x00000186f80669a3 sp=0x0000004545ffe5e8 mode 2

Classes unloaded (0 events):
No events

Classes redefined (0 events):
No events

Internal exceptions (20 events):
Event: 12.910 Thread 0x000001868a156750 Exception <a 'java/lang/ClassNotFoundException'{0x0000000088ed7dd8}: com/android/build/gradle/internal/tasks/ListingFileRedirectTaskBeanInfo> (0x0000000088ed7dd8) 
thrown [s\src\hotspot\share\classfile\systemDictionary.cpp, line 256]
Event: 12.911 Thread 0x000001868a156750 Exception <a 'java/lang/ClassNotFoundException'{0x0000000088ee37c8}: com/android/build/gradle/internal/tasks/ListingFileRedirectTaskCustomizer> (0x0000000088ee37c8) 
thrown [s\src\hotspot\share\classfile\systemDictionary.cpp, line 256]
Event: 12.912 Thread 0x000001868a156750 Exception <a 'java/lang/ClassNotFoundException'{0x0000000088d00438}: com/android/build/gradle/internal/tasks/ListingFileRedirectTask_DecoratedCustomizer> (0x0000000088d00438) 
thrown [s\src\hotspot\share\classfile\systemDictionary.cpp, line 256]
Event: 12.919 Thread 0x000001868a156750 Exception <a 'java/lang/NoSuchMethodError'{0x0000000088d5a3b0}: 'java.lang.Object java.lang.invoke.DirectMethodHandle$Holder.newInvokeSpecial(java.lang.Object, java.lang.Object, java.lang.Object, java.lang.Object, int, java.lang.Object)'> (0x0000000088d5a3b0) 
thrown [s\src\hotspot\share\interpreter\linkResolver.cpp, line 771]
Event: 12.920 Thread 0x000001868a156750 Exception <a 'java/lang/NoSuchMethodError'{0x0000000088d5f170}: 'java.lang.Object java.lang.invoke.Invokers$Holder.linkToTargetMethod(java.lang.Object, java.lang.Object, java.lang.Object, int, java.lang.Object, java.lang.Object)'> (0x0000000088d5f170) 
thrown [s\src\hotspot\share\interpreter\linkResolver.cpp, line 771]
Event: 12.945 Thread 0x000001868a156750 Implicit null exception at 0x00000186f8a50bdd to 0x00000186f8a515dc
Event: 12.984 Thread 0x000001868aead1e0 Exception <a 'java/lang/NoSuchMethodError'{0x0000000088a7e0a8}: 'void java.lang.invoke.DirectMethodHandle$Holder.invokeInterface(java.lang.Object, java.lang.Object, java.lang.Object, java.lang.Object)'> (0x0000000088a7e0a8) 
thrown [s\src\hotspot\share\interpreter\linkResolver.cpp, line 771]
Event: 13.013 Thread 0x000001868a03a810 Exception <a 'java/lang/NoSuchMethodError'{0x000000008896b090}: static Lorg/gradle/internal/build/event/types/DefaultTaskStartedProgressEvent;.<clinit>()V> (0x000000008896b090) 
thrown [s\src\hotspot\share\prims\jni.cpp, line 1108]
Event: 13.014 Thread 0x000001868a03a810 Exception <a 'java/lang/NoSuchMethodError'{0x00000000889a1240}: static Lorg/gradle/internal/build/event/types/DefaultTaskDescriptor;.<clinit>()V> (0x00000000889a1240) 
thrown [s\src\hotspot\share\prims\jni.cpp, line 1108]
Event: 13.054 Thread 0x000001868a03a810 Exception <a 'java/lang/NoSuchMethodError'{0x0000000087e11b70}: static Lorg/gradle/internal/build/event/types/DefaultTaskFinishedProgressEvent;.<clinit>()V> (0x0000000087e11b70) 
thrown [s\src\hotspot\share\prims\jni.cpp, line 1108]
Event: 13.057 Thread 0x000001868a03a810 Exception <a 'java/lang/NoSuchMethodError'{0x0000000087e545b8}: static Lorg/gradle/internal/build/event/types/DefaultTaskSuccessResult;.<clinit>()V> (0x0000000087e545b8) 
thrown [s\src\hotspot\share\prims\jni.cpp, line 1108]
Event: 13.057 Thread 0x000001868a03a810 Exception <a 'java/lang/NoSuchMethodError'{0x0000000087e55cc0}: static Lorg/gradle/internal/build/event/types/AbstractTaskResult;.<clinit>()V> (0x0000000087e55cc0) 
thrown [s\src\hotspot\share\prims\jni.cpp, line 1108]
Event: 13.070 Thread 0x000001868aeab500 Exception <a 'sun/nio/fs/WindowsException'{0x0000000087e71968}> (0x0000000087e71968) 
thrown [s\src\hotspot\share\prims\jni.cpp, line 517]
Event: 13.079 Thread 0x000001868a03a810 Exception <a 'java/lang/NoSuchMethodError'{0x0000000087d65c48}: static Lorg/gradle/internal/build/event/types/DefaultTaskSkippedResult;.<clinit>()V> (0x0000000087d65c48) 
thrown [s\src\hotspot\share\prims\jni.cpp, line 1108]
Event: 13.084 Thread 0x000001868aeae9f0 Exception <a 'java/lang/NoSuchMethodError'{0x0000000087dc0ad8}: static Lcom/android/buildanalyzer/common/AndroidGradlePluginAttributionData$BuildInfo;.<clinit>()V> (0x0000000087dc0ad8) 
thrown [s\src\hotspot\share\prims\jni.cpp, line 1108]
Event: 13.087 Thread 0x000001868aeae9f0 Exception <a 'java/lang/NoSuchMethodError'{0x0000000087dd8458}: static Lcom/android/buildanalyzer/common/AndroidGradlePluginAttributionData$JavaInfo;.<clinit>()V> (0x0000000087dd8458) 
thrown [s\src\hotspot\share\prims\jni.cpp, line 1108]
Event: 13.092 Thread 0x000001868aeae9f0 Exception <a 'java/lang/NoSuchMethodError'{0x0000000087c06820}: static [Ljava/lang/String;.<clinit>()V> (0x0000000087c06820) 
thrown [s\src\hotspot\share\prims\jni.cpp, line 1108]
Event: 13.094 Thread 0x000001868aeae9f0 Exception <a 'java/lang/NoSuchMethodError'{0x0000000087c36430}: static Lcom/android/buildanalyzer/common/AndroidGradlePluginAttributionData$TaskInfo;.<clinit>()V> (0x0000000087c36430) 
thrown [s\src\hotspot\share\prims\jni.cpp, line 1108]
Event: 13.095 Thread 0x000001868aeae9f0 Exception <a 'java/lang/NoSuchMethodError'{0x0000000087c43290}: static Lcom/android/buildanalyzer/common/AndroidGradlePluginAttributionData$TaskCategoryInfo;.<clinit>()V> (0x0000000087c43290) 
thrown [s\src\hotspot\share\prims\jni.cpp, line 1108]
Event: 13.102 Thread 0x000001868aeae9f0 Exception <a 'java/lang/NoSuchMethodError'{0x0000000087cf9b40}: 'void java.lang.invoke.DirectMethodHandle$Holder.invokeSpecial(java.lang.Object, java.lang.Object, java.lang.Object, int)'> (0x0000000087cf9b40) 
thrown [s\src\hotspot\share\interpreter\linkResolver.cpp, line 771]

VM Operations (20 events):
Event: 12.581 Executing VM operation: HandshakeAllThreads done
Event: 12.605 Executing VM operation: HandshakeAllThreads
Event: 12.605 Executing VM operation: HandshakeAllThreads done
Event: 12.702 Executing VM operation: G1CollectForAllocation
Event: 12.709 Executing VM operation: G1CollectForAllocation done
Event: 12.801 Executing VM operation: G1Concurrent
Event: 12.806 Executing VM operation: G1Concurrent done
Event: 12.843 Executing VM operation: G1Concurrent
Event: 12.843 Executing VM operation: G1Concurrent done
Event: 12.977 Executing VM operation: HandshakeAllThreads
Event: 12.978 Executing VM operation: HandshakeAllThreads done
Event: 13.051 Executing VM operation: HandshakeAllThreads
Event: 13.051 Executing VM operation: HandshakeAllThreads done
Event: 13.112 Executing VM operation: HandshakeAllThreads
Event: 13.112 Executing VM operation: HandshakeAllThreads done
Event: 13.121 Executing VM operation: ICBufferFull
Event: 13.121 Executing VM operation: ICBufferFull done
Event: 13.135 Executing VM operation: G1CollectForAllocation
Event: 13.144 Executing VM operation: G1CollectForAllocation done
Event: 13.183 Executing VM operation: G1CollectForAllocation

Events (20 events):
Event: 13.104 loading class java/io/ObjectInputStream$HandleTable
Event: 13.104 loading class java/io/ObjectInputStream$HandleTable done
Event: 13.105 loading class java/io/ObjectInputStream$HandleTable$HandleList
Event: 13.105 loading class java/io/ObjectInputStream$HandleTable$HandleList done
Event: 13.105 loading class java/io/ObjectInputStream$ValidationList
Event: 13.105 loading class java/io/ObjectInputStream$ValidationList done
Event: 13.105 loading class java/io/ObjectInputFilter$Config
Event: 13.105 loading class java/io/ObjectInputFilter$Config done
Event: 13.106 loading class java/io/ObjectInputFilter
Event: 13.106 loading class java/io/ObjectInputFilter done
Event: 13.106 loading class java/io/ObjectInputFilter$Config$BuiltinFilterFactory
Event: 13.106 loading class java/io/ObjectInputFilter$Config$BuiltinFilterFactory done
Event: 13.106 loading class jdk/internal/access/JavaObjectInputFilterAccess
Event: 13.106 loading class jdk/internal/access/JavaObjectInputFilterAccess done
Event: 13.107 loading class jdk/internal/event/DeserializationEvent
Event: 13.107 loading class jdk/internal/event/DeserializationEvent done
Event: 13.107 loading class java/io/ObjectInputStream$FieldValues
Event: 13.107 loading class java/io/ObjectInputStream$GetField
Event: 13.107 loading class java/io/ObjectInputStream$GetField done
Event: 13.107 loading class java/io/ObjectInputStream$FieldValues done


Dynamic libraries:
0x00007ff76a0b0000 - 0x00007ff76a0ba000 	C:\Program Files\Android\Android Studio\jbr\bin\java.exe
0x00007ff822430000 - 0x00007ff822644000 	C:\Windows\SYSTEM32\ntdll.dll
0x00007ff8217e0000 - 0x00007ff8218a3000 	C:\Windows\System32\KERNEL32.DLL
0x00007ff81fc40000 - 0x00007ff81ffdd000 	C:\Windows\System32\KERNELBASE.dll
0x00007ff81f850000 - 0x00007ff81f961000 	C:\Windows\System32\ucrtbase.dll
0x00007ff819240000 - 0x00007ff81925b000 	C:\Program Files\Android\Android Studio\jbr\bin\VCRUNTIME140.dll
0x00007ff810a30000 - 0x00007ff810a47000 	C:\Program Files\Android\Android Studio\jbr\bin\jli.dll
0x00007ff822240000 - 0x00007ff8223ed000 	C:\Windows\System32\USER32.dll
0x00007ff812020000 - 0x00007ff8122ae000 	C:\Windows\WinSxS\amd64_microsoft.windows.common-controls_6595b64144ccf1df_6.0.22621.608_none_a9444ca7c10bb01d\COMCTL32.dll
0x00007ff821700000 - 0x00007ff8217a7000 	C:\Windows\System32\msvcrt.dll
0x00007ff81f970000 - 0x00007ff81f996000 	C:\Windows\System32\win32u.dll
0x00007ff8217b0000 - 0x00007ff8217d9000 	C:\Windows\System32\GDI32.dll
0x00007ff81ffe0000 - 0x00007ff8200f2000 	C:\Windows\System32\gdi32full.dll
0x00007ff820100000 - 0x00007ff82019a000 	C:\Windows\System32\msvcp_win.dll
0x00007ff821a60000 - 0x00007ff821a92000 	C:\Windows\System32\IMM32.DLL
0x00007ff816830000 - 0x00007ff81683c000 	C:\Program Files\Android\Android Studio\jbr\bin\vcruntime140_1.dll
0x00007ff802780000 - 0x00007ff80280d000 	C:\Program Files\Android\Android Studio\jbr\bin\msvcp140.dll
0x00007ffff9780000 - 0x00007ffffa3ee000 	C:\Program Files\Android\Android Studio\jbr\bin\server\jvm.dll
0x00007ff822190000 - 0x00007ff82223e000 	C:\Windows\System32\ADVAPI32.dll
0x00007ff821aa0000 - 0x00007ff821b44000 	C:\Windows\System32\sechost.dll
0x00007ff821d60000 - 0x00007ff821e75000 	C:\Windows\System32\RPCRT4.dll
0x00007ff819260000 - 0x00007ff819294000 	C:\Windows\SYSTEM32\WINMM.dll
0x00007ff81d4a0000 - 0x00007ff81d4aa000 	C:\Windows\SYSTEM32\VERSION.dll
0x00007ff81b770000 - 0x00007ff81b779000 	C:\Windows\SYSTEM32\WSOCK32.dll
0x00007ff821f90000 - 0x00007ff822001000 	C:\Windows\System32\WS2_32.dll
0x00007ff81e8b0000 - 0x00007ff81e8c8000 	C:\Windows\SYSTEM32\kernel.appcore.dll
0x00007ff81b550000 - 0x00007ff81b55a000 	C:\Program Files\Android\Android Studio\jbr\bin\jimage.dll
0x00007ff80dc30000 - 0x00007ff80de5e000 	C:\Windows\SYSTEM32\DBGHELP.DLL
0x00007ff820740000 - 0x00007ff820aca000 	C:\Windows\System32\combase.dll
0x00007ff821500000 - 0x00007ff8215d7000 	C:\Windows\System32\OLEAUT32.dll
0x00007ff80f6c0000 - 0x00007ff80f6f2000 	C:\Windows\SYSTEM32\dbgcore.DLL
0x00007ff8201a0000 - 0x00007ff82021b000 	C:\Windows\System32\bcryptPrimitives.dll
0x00007ff816d00000 - 0x00007ff816d25000 	C:\Program Files\Android\Android Studio\jbr\bin\java.dll
0x00007ff81b3d0000 - 0x00007ff81b3e8000 	C:\Program Files\Android\Android Studio\jbr\bin\zip.dll
0x00007ff820d10000 - 0x00007ff8214ff000 	C:\Windows\System32\SHELL32.dll
0x00007ff81d880000 - 0x00007ff81e148000 	C:\Windows\SYSTEM32\windows.storage.dll
0x00007ff81d740000 - 0x00007ff81d87e000 	C:\Windows\SYSTEM32\wintypes.dll
0x00007ff822090000 - 0x00007ff822181000 	C:\Windows\System32\SHCORE.dll
0x00007ff8215e0000 - 0x00007ff82163e000 	C:\Windows\System32\shlwapi.dll
0x00007ff81f780000 - 0x00007ff81f7a1000 	C:\Windows\SYSTEM32\profapi.dll
0x00007ff815dd0000 - 0x00007ff815de9000 	C:\Program Files\Android\Android Studio\jbr\bin\net.dll
0x00007ff818660000 - 0x00007ff81878f000 	C:\Windows\SYSTEM32\WINHTTP.dll
0x00007ff81ed10000 - 0x00007ff81ed79000 	C:\Windows\system32\mswsock.dll
0x00007ff815db0000 - 0x00007ff815dc6000 	C:\Program Files\Android\Android Studio\jbr\bin\nio.dll
0x00007ff817c50000 - 0x00007ff817c60000 	C:\Program Files\Android\Android Studio\jbr\bin\verify.dll
0x00007ff8101d0000 - 0x00007ff8101f7000 	C:\Users\Admin\.gradle\native\68d5fa5c4cc2d200863cafc0d521ce42e7d3e7ee720ec0a83991735586a16f82\windows-amd64\native-platform.dll
0x00007fffd7980000 - 0x00007fffd7ac4000 	C:\Users\Admin\.gradle\native\e376f236ea51e6404a007f0833ffe2c6e607c4080706a723a18a27aeea778392\windows-amd64\native-platform-file-events.dll
0x00007ff815d90000 - 0x00007ff815d99000 	C:\Program Files\Android\Android Studio\jbr\bin\management.dll
0x00007ff815910000 - 0x00007ff81591b000 	C:\Program Files\Android\Android Studio\jbr\bin\management_ext.dll
0x00007ff821900000 - 0x00007ff821908000 	C:\Windows\System32\PSAPI.DLL
0x00007ff81ef60000 - 0x00007ff81ef7b000 	C:\Windows\SYSTEM32\CRYPTSP.dll
0x00007ff81e820000 - 0x00007ff81e855000 	C:\Windows\system32\rsaenh.dll
0x00007ff81ee00000 - 0x00007ff81ee28000 	C:\Windows\SYSTEM32\USERENV.dll
0x00007ff81f120000 - 0x00007ff81f148000 	C:\Windows\SYSTEM32\bcrypt.dll
0x00007ff81ef80000 - 0x00007ff81ef8c000 	C:\Windows\SYSTEM32\CRYPTBASE.dll
0x00007ff81e3e0000 - 0x00007ff81e40d000 	C:\Windows\SYSTEM32\IPHLPAPI.DLL
0x00007ff821910000 - 0x00007ff821919000 	C:\Windows\System32\NSI.dll
0x00007ff819490000 - 0x00007ff8194a9000 	C:\Windows\SYSTEM32\dhcpcsvc6.DLL
0x00007ff818450000 - 0x00007ff81846f000 	C:\Windows\SYSTEM32\dhcpcsvc.DLL
0x00007ff81e410000 - 0x00007ff81e502000 	C:\Windows\SYSTEM32\DNSAPI.dll
0x00007ff810840000 - 0x00007ff810848000 	C:\Windows\system32\wshunix.dll
0x00007ff8193f0000 - 0x00007ff819407000 	C:\Windows\system32\napinsp.dll
0x00007ff8193d0000 - 0x00007ff8193eb000 	C:\Windows\system32\pnrpnsp.dll
0x00007ff80efa0000 - 0x00007ff80efb1000 	C:\Windows\System32\winrnr.dll
0x00007ff818290000 - 0x00007ff8182a5000 	C:\Windows\system32\wshbth.dll
0x00007ff80a570000 - 0x00007ff80a591000 	C:\Windows\system32\nlansp_c.dll
0x00007ff8162c0000 - 0x00007ff8162ca000 	C:\Windows\System32\rasadhlp.dll
0x00007ff818080000 - 0x00007ff818103000 	C:\Windows\System32\fwpuclnt.dll

dbghelp: loaded successfully - version: 4.0.5 - missing functions: none
symbol engine: initialized successfully - sym options: 0x614 - pdb path: .;C:\Program Files\Android\Android Studio\jbr\bin;C:\Windows\SYSTEM32;C:\Windows\WinSxS\amd64_microsoft.windows.common-controls_6595b64144ccf1df_6.0.22621.608_none_a9444ca7c10bb01d;C:\Program Files\Android\Android Studio\jbr\bin\server;C:\Users\Admin\.gradle\native\68d5fa5c4cc2d200863cafc0d521ce42e7d3e7ee720ec0a83991735586a16f82\windows-amd64;C:\Users\Admin\.gradle\native\e376f236ea51e6404a007f0833ffe2c6e607c4080706a723a18a27aeea778392\windows-amd64

VM Arguments:
jvm_args: --add-opens=java.base/java.util=ALL-UNNAMED --add-opens=java.base/java.lang=ALL-UNNAMED --add-opens=java.base/java.lang.invoke=ALL-UNNAMED --add-opens=java.prefs/java.util.prefs=ALL-UNNAMED --add-opens=java.base/java.nio.charset=ALL-UNNAMED --add-opens=java.base/java.net=ALL-UNNAMED --add-opens=java.base/java.util.concurrent.atomic=ALL-UNNAMED -Xmx2048m -Dfile.encoding=UTF-8 -Duser.country=US -Duser.language=en -Duser.variant 
java_command: org.gradle.launcher.daemon.bootstrap.GradleDaemon 8.0
java_class_path (initial): C:\Users\Admin\.gradle\wrapper\dists\gradle-8.0-bin\ca5e32bp14vu59qr306oxotwh\gradle-8.0\lib\gradle-launcher-8.0.jar
Launcher Type: SUN_STANDARD

[Global flags]
     intx CICompilerCount                          = 4                                         {product} {ergonomic}
     uint ConcGCThreads                            = 2                                         {product} {ergonomic}
     uint G1ConcRefinementThreads                  = 8                                         {product} {ergonomic}
   size_t G1HeapRegionSize                         = 1048576                                   {product} {ergonomic}
    uintx GCDrainStackTargetSize                   = 64                                        {product} {ergonomic}
   size_t InitialHeapSize                          = 167772160                                 {product} {ergonomic}
   size_t MarkStackSize                            = 4194304                                   {product} {ergonomic}
   size_t MaxHeapSize                              = 2147483648                                {product} {command line}
   size_t MaxNewSize                               = 1287651328                                {product} {ergonomic}
   size_t MinHeapDeltaBytes                        = 1048576                                   {product} {ergonomic}
   size_t MinHeapSize                              = 8388608                                   {product} {ergonomic}
    uintx NonNMethodCodeHeapSize                   = 5839372                                {pd product} {ergonomic}
    uintx NonProfiledCodeHeapSize                  = 122909434                              {pd product} {ergonomic}
    uintx ProfiledCodeHeapSize                     = 122909434                              {pd product} {ergonomic}
    uintx ReservedCodeCacheSize                    = 251658240                              {pd product} {ergonomic}
     bool SegmentedCodeCache                       = true                                      {product} {ergonomic}
   size_t SoftMaxHeapSize                          = 2147483648                             {manageable} {ergonomic}
     bool UseCompressedClassPointers               = true                           {product lp64_product} {ergonomic}
     bool UseCompressedOops                        = true                           {product lp64_product} {ergonomic}
     bool UseG1GC                                  = true                                      {product} {ergonomic}
     bool UseLargePagesIndividualAllocation        = false                                  {pd product} {ergonomic}

Logging:
Log output configuration:
 #0: stdout all=warning uptime,level,tags
 #1: stderr all=off uptime,level,tags

Environment Variables:
PATH=C:\Python312\Scripts\;C:\Python312\;C:\Windows\system32;C:\Windows;C:\Windows\System32\Wbem;C:\Windows\System32\WindowsPowerShell\v1.0\;C:\Windows\System32\OpenSSH\;C:\Program Files\Git\cmd;C:\Program Files\nodejs\;C:\ProgramData\chocolatey\bin;C:\Users\Admin\AppData\Local\Microsoft\WindowsApps;;C:\Users\Admin\AppData\Local\Programs\Microsoft VS Code\bin;C:\Users\Admin\AppData\Roaming\npm
USERNAME=Admin
OS=Windows_NT
PROCESSOR_IDENTIFIER=AMD64 Family 23 Model 24 Stepping 1, AuthenticAMD
TMP=C:\Users\Admin\AppData\Local\Temp
TEMP=C:\Users\Admin\AppData\Local\Temp


JNI global refs:
JNI global refs: 25, weak refs: 8

JNI global refs memory usage: 843, weak refs: 841


---------------  S Y S T E M  ---------------

OS:
 Windows 11 , 64 bit Build 22621 (10.0.22621.963)
OS uptime: 0 days 0:26 hours

CPU: total 8 (initial active 8) (8 cores per cpu, 2 threads per core) family 23 model 24 stepping 1 microcode 0x0, cx8, cmov, fxsr, ht, mmx, 3dnowpref, sse, sse2, sse3, ssse3, sse4a, sse4.1, sse4.2, popcnt, lzcnt, tsc, tscinvbit, avx, avx2, aes, clmul, bmi1, bmi2, adx, sha, fma, vzeroupper, clflush, clflushopt

Memory: 4k page, system-wide physical 10177M (912M free)
TotalPageFile size 10177M (AvailPageFile size 67M)
current process WorkingSet (physical memory assigned to process): 425M, peak: 428M
current process commit charge ("private bytes"): 468M, peak: 580M

vm_info: OpenJDK 64-Bit Server VM (17.0.6+0-b2043.56-10027231) for windows-amd64 JRE (17.0.6+0-b2043.56-10027231), built on Apr 28 2023 00:43:19 by "androidbuild" with MS VC++ 16.10 / 16.11 (VS2019)

END.
