#
# There is insufficient memory for the Java Runtime Environment to continue.
# Native memory allocation (malloc) failed to allocate 296656 bytes for Chunk::new
# Possible reasons:
#   The system is out of physical RAM or swap space
#   The process is running with CompressedOops enabled, and the Java Heap may be blocking the growth of the native heap
# Possible solutions:
#   Reduce memory load on the system
#   Increase physical memory or swap space
#   Check if swap backing store is full
#   Decrease Java heap size (-Xmx/-Xms)
#   Decrease number of Java threads
#   Decrease Java thread stack sizes (-Xss)
#   Set larger code cache with -XX:ReservedCodeCacheSize=
#   JVM is running with Unscaled Compressed Oops mode in which the Java heap is
#     placed in the first 4GB address space. The Java Heap base address is the
#     maximum limit for the native heap growth. Please use -XX:HeapBaseMinAddress
#     to set the Java Heap base and to place the Java Heap above 4GB virtual address.
# This output file may be truncated or incomplete.
#
#  Out of Memory Error (arena.cpp:189), pid=3116, tid=3800
#
# JRE version: OpenJDK Runtime Environment (17.0.6) (build 17.0.6+0-b2043.56-10027231)
# Java VM: OpenJDK 64-Bit Server VM (17.0.6+0-b2043.56-10027231, mixed mode, tiered, compressed oops, compressed class ptrs, g1 gc, windows-amd64)
# No core dump will be written. Minidumps are not enabled by default on client versions of Windows
#

---------------  S U M M A R Y ------------

Command Line: --add-opens=java.base/java.util=ALL-UNNAMED --add-opens=java.base/java.lang=ALL-UNNAMED --add-opens=java.base/java.lang.invoke=ALL-UNNAMED --add-opens=java.prefs/java.util.prefs=ALL-UNNAMED --add-opens=java.base/java.nio.charset=ALL-UNNAMED --add-opens=java.base/java.net=ALL-UNNAMED --add-opens=java.base/java.util.concurrent.atomic=ALL-UNNAMED -Xmx2048m -Dfile.encoding=UTF-8 -Duser.country=US -Duser.language=en -Duser.variant org.gradle.launcher.daemon.bootstrap.GradleDaemon 8.0

Host: AMD Ryzen 5 3500U with Radeon Vega Mobile Gfx  , 8 cores, 9G,  Windows 11 , 64 bit Build 22621 (10.0.22621.963)
Time: Fri Oct 27 10:18:24 2023 SE Asia Standard Time elapsed time: 17.074356 seconds (0d 0h 0m 17s)

---------------  T H R E A D  ---------------

Current thread (0x0000025a19440ed0):  JavaThread "C2 CompilerThread0" daemon [_thread_in_native, id=3800, stack(0x000000fc9a700000,0x000000fc9a800000)]


Current CompileTask:
C2:  17074 12350       4       sun.nio.fs.WindowsPathParser::normalize (138 bytes)

Stack: [0x000000fc9a700000,0x000000fc9a800000]
Native frames: (J=compiled Java code, j=interpreted, Vv=VM code, C=native code)
V  [jvm.dll+0x683c9a]
V  [jvm.dll+0x8427a4]
V  [jvm.dll+0x843f9e]
V  [jvm.dll+0x844603]
V  [jvm.dll+0x249b75]
V  [jvm.dll+0xabcac]
V  [jvm.dll+0xac27c]
V  [jvm.dll+0x2b0eef]
V  [jvm.dll+0x58a267]
V  [jvm.dll+0x2243b2]
V  [jvm.dll+0x22478f]
V  [jvm.dll+0x21e055]
V  [jvm.dll+0x21b51b]
V  [jvm.dll+0x1a4fdd]
V  [jvm.dll+0x22b098]
V  [jvm.dll+0x229159]
V  [jvm.dll+0x7f81ec]
V  [jvm.dll+0x7f274a]
V  [jvm.dll+0x682ad5]
C  [ucrtbase.dll+0x29363]
C  [KERNEL32.DLL+0x126bd]
C  [ntdll.dll+0x5dfb8]


---------------  P R O C E S S  ---------------

Threads class SMR info:
_java_thread_list=0x0000025a1b83cf70, length=140, elements={
0x0000025a7eaf7fb0, 0x0000025a18a39440, 0x0000025a18a3c000, 0x0000025a1943c4c0,
0x0000025a1943ee90, 0x0000025a1943f840, 0x0000025a194401f0, 0x0000025a19440ed0,
0x0000025a19441970, 0x0000025a1944b380, 0x0000025a195b7b30, 0x0000025a195b8000,
0x0000025a196dec40, 0x0000025a1b991ba0, 0x0000025a1a2480a0, 0x0000025a1a938130,
0x0000025a1af467a0, 0x0000025a1ae8d250, 0x0000025a1c40a330, 0x0000025a1c40a800,
0x0000025a1ac01420, 0x0000025a1ac000e0, 0x0000025a1ac018f0, 0x0000025a1ac00a80,
0x0000025a1ac02290, 0x0000025a1ac00f50, 0x0000025a1abffc10, 0x0000025a1ac01dc0,
0x0000025a1ac005b0, 0x0000025a1ac02760, 0x0000025a1ac02c30, 0x0000025a1ac03100,
0x0000025a1ac035d0, 0x0000025a1c568cf0, 0x0000025a1c56dec0, 0x0000025a1c567e80,
0x0000025a1c56d050, 0x0000025a1c56aea0, 0x0000025a1c569b60, 0x0000025a1c56c1e0,
0x0000025a1c56a030, 0x0000025a1c56a500, 0x0000025a1c56b840, 0x0000025a1c56bd10,
0x0000025a1c56f6d0, 0x0000025a1c56e860, 0x0000025a1c568820, 0x0000025a1c56c6b0,
0x0000025a1c568350, 0x0000025a1c56cb80, 0x0000025a1c56d9f0, 0x0000025a1c56f200,
0x0000025a22a6b2c0, 0x0000025a22a69ab0, 0x0000025a22a6c600, 0x0000025a22a67430,
0x0000025a22a6bc60, 0x0000025a22a6cad0, 0x0000025a22a695e0, 0x0000025a22a69f80,
0x0000025a22a6cfa0, 0x0000025a22a66f60, 0x0000025a22a6d470, 0x0000025a22a67900,
0x0000025a22a682a0, 0x0000025a22a6c130, 0x0000025a22a66a90, 0x0000025a22a65c20,
0x0000025a22a6b790, 0x0000025a22a660f0, 0x0000025a22a665c0, 0x0000025a22a67dd0,
0x0000025a22a68770, 0x0000025a22a6a920, 0x0000025a22a68c40, 0x0000025a22a6a450,
0x0000025a22a69110, 0x0000025a22a6adf0, 0x0000025a2297b500, 0x0000025a22981a10,
0x0000025a22981ee0, 0x0000025a2297fd30, 0x0000025a2297e050, 0x0000025a2297bea0,
0x0000025a22981540, 0x0000025a2297a690, 0x0000025a2297d6b0, 0x0000025a2297db80,
0x0000025a2297ab60, 0x0000025a2297e520, 0x0000025a2297b9d0, 0x0000025a2297d1e0,
0x0000025a2297b030, 0x0000025a2297e9f0, 0x0000025a2297eec0, 0x0000025a2297c370,
0x0000025a2297c840, 0x0000025a2297cd10, 0x0000025a2297f390, 0x0000025a2297f860,
0x0000025a22980200, 0x0000025a229806d0, 0x0000025a22980ba0, 0x0000025a22981070,
0x0000025a1b9dd740, 0x0000025a1b9db590, 0x0000025a1b9ddc10, 0x0000025a1b9d9d80,
0x0000025a1b9d63c0, 0x0000025a1b9d6890, 0x0000025a1b9da250, 0x0000025a1b9d8570,
0x0000025a1b9dd270, 0x0000025a1b9d6d60, 0x0000025a1b9d7230, 0x0000025a1b9d7700,
0x0000025a1b9da720, 0x0000025a1b9dabf0, 0x0000025a1b9dba60, 0x0000025a1b9d7bd0,
0x0000025a1b9db0c0, 0x0000025a1b9d80a0, 0x0000025a1b9dbf30, 0x0000025a1b9d8f10,
0x0000025a1b9d8a40, 0x0000025a1b9dc8d0, 0x0000025a1b9dc400, 0x0000025a197c10c0,
0x0000025a1ecdf780, 0x0000025a1ecde440, 0x0000025a1ece2c70, 0x0000025a1ece27a0,
0x0000025a1ece1460, 0x0000025a1ece4480, 0x0000025a1ece4950, 0x0000025a1ecdd100,
0x0000025a1ecdede0, 0x0000025a1ece3140, 0x0000025a22758260, 0x0000025a22978740
}

Java Threads: ( => current thread )
  0x0000025a7eaf7fb0 JavaThread "main" [_thread_blocked, id=5152, stack(0x000000fc99a00000,0x000000fc99b00000)]
  0x0000025a18a39440 JavaThread "Reference Handler" daemon [_thread_blocked, id=7552, stack(0x000000fc9a100000,0x000000fc9a200000)]
  0x0000025a18a3c000 JavaThread "Finalizer" daemon [_thread_blocked, id=2928, stack(0x000000fc9a200000,0x000000fc9a300000)]
  0x0000025a1943c4c0 JavaThread "Signal Dispatcher" daemon [_thread_blocked, id=8632, stack(0x000000fc9a300000,0x000000fc9a400000)]
  0x0000025a1943ee90 JavaThread "Attach Listener" daemon [_thread_blocked, id=1396, stack(0x000000fc9a400000,0x000000fc9a500000)]
  0x0000025a1943f840 JavaThread "Service Thread" daemon [_thread_blocked, id=2328, stack(0x000000fc9a500000,0x000000fc9a600000)]
  0x0000025a194401f0 JavaThread "Monitor Deflation Thread" daemon [_thread_blocked, id=3684, stack(0x000000fc9a600000,0x000000fc9a700000)]
=>0x0000025a19440ed0 JavaThread "C2 CompilerThread0" daemon [_thread_in_native, id=3800, stack(0x000000fc9a700000,0x000000fc9a800000)]
  0x0000025a19441970 JavaThread "C1 CompilerThread0" daemon [_thread_in_native, id=7096, stack(0x000000fc9a800000,0x000000fc9a900000)]
  0x0000025a1944b380 JavaThread "Sweeper thread" daemon [_thread_blocked, id=5628, stack(0x000000fc9a900000,0x000000fc9aa00000)]
  0x0000025a195b7b30 JavaThread "Common-Cleaner" daemon [_thread_blocked, id=7708, stack(0x000000fc9aa00000,0x000000fc9ab00000)]
  0x0000025a195b8000 JavaThread "Notification Thread" daemon [_thread_blocked, id=6888, stack(0x000000fc9ab00000,0x000000fc9ac00000)]
  0x0000025a196dec40 JavaThread "C2 CompilerThread1" daemon [_thread_in_native, id=840, stack(0x000000fc9ad00000,0x000000fc9ae00000)]
  0x0000025a1b991ba0 JavaThread "Daemon health stats" [_thread_blocked, id=4540, stack(0x000000fc9b300000,0x000000fc9b400000)]
  0x0000025a1a2480a0 JavaThread "Incoming local TCP Connector on port 50542" [_thread_in_native, id=4504, stack(0x000000fc9b400000,0x000000fc9b500000)]
  0x0000025a1a938130 JavaThread "Daemon periodic checks" [_thread_blocked, id=4104, stack(0x000000fc9b500000,0x000000fc9b600000)]
  0x0000025a1af467a0 JavaThread "Daemon" [_thread_blocked, id=1832, stack(0x000000fc9b600000,0x000000fc9b700000)]
  0x0000025a1ae8d250 JavaThread "Handler for socket connection from /127.0.0.1:50542 to /127.0.0.1:50543" [_thread_in_native, id=2296, stack(0x000000fc9b700000,0x000000fc9b800000)]
  0x0000025a1c40a330 JavaThread "Cancel handler" [_thread_blocked, id=9156, stack(0x000000fc9b800000,0x000000fc9b900000)]
  0x0000025a1c40a800 JavaThread "Daemon worker" [_thread_blocked, id=2680, stack(0x000000fc9b900000,0x000000fc9ba00000)]
  0x0000025a1ac01420 JavaThread "Asynchronous log dispatcher for DefaultDaemonConnection: socket connection from /127.0.0.1:50542 to /127.0.0.1:50543" [_thread_blocked, id=2416, stack(0x000000fc9ba00000,0x000000fc9bb00000)]
  0x0000025a1ac000e0 JavaThread "Stdin handler" [_thread_blocked, id=9168, stack(0x000000fc9bb00000,0x000000fc9bc00000)]
  0x0000025a1ac018f0 JavaThread "Daemon client event forwarder" [_thread_blocked, id=7192, stack(0x000000fc9bc00000,0x000000fc9bd00000)]
  0x0000025a1ac00a80 JavaThread "Cache worker for journal cache (C:\Users\Admin\.gradle\caches\journal-1)" [_thread_blocked, id=5300, stack(0x000000fc9c000000,0x000000fc9c100000)]
  0x0000025a1ac02290 JavaThread "File lock request listener" [_thread_in_native, id=1904, stack(0x000000fc9c100000,0x000000fc9c200000)]
  0x0000025a1ac00f50 JavaThread "Cache worker for file hash cache (C:\Users\Admin\.gradle\caches\8.0\fileHashes)" [_thread_blocked, id=7248, stack(0x000000fc9c200000,0x000000fc9c300000)]
  0x0000025a1abffc10 JavaThread "File watcher server" daemon [_thread_in_native, id=7140, stack(0x000000fc9c400000,0x000000fc9c500000)]
  0x0000025a1ac01dc0 JavaThread "File watcher consumer" daemon [_thread_blocked, id=9184, stack(0x000000fc9c500000,0x000000fc9c600000)]
  0x0000025a1ac005b0 JavaThread "Cache worker for checksums cache (C:\Users\Admin\AndroidStudioProjects\aykay\.gradle\8.0\checksums)" [_thread_blocked, id=8728, stack(0x000000fc9c600000,0x000000fc9c700000)]
  0x0000025a1ac02760 JavaThread "Cache worker for cache directory md-rule (C:\Users\Admin\.gradle\caches\8.0\md-rule)" [_thread_blocked, id=8908, stack(0x000000fc9c700000,0x000000fc9c800000)]
  0x0000025a1ac02c30 JavaThread "Cache worker for file content cache (C:\Users\Admin\.gradle\caches\8.0\fileContent)" [_thread_blocked, id=4212, stack(0x000000fc9c800000,0x000000fc9c900000)]
  0x0000025a1ac03100 JavaThread "Cache worker for file hash cache (C:\Users\Admin\AndroidStudioProjects\aykay\.gradle\8.0\fileHashes)" [_thread_blocked, id=2052, stack(0x000000fc9c900000,0x000000fc9ca00000)]
  0x0000025a1ac035d0 JavaThread "Cache worker for cache directory md-supplier (C:\Users\Admin\.gradle\caches\8.0\md-supplier)" [_thread_blocked, id=5456, stack(0x000000fc9ca00000,0x000000fc9cb00000)]
  0x0000025a1c568cf0 JavaThread "Cache worker for execution history cache (C:\Users\Admin\.gradle\caches\8.0\executionHistory)" [_thread_blocked, id=6072, stack(0x000000fc9cb00000,0x000000fc9cc00000)]
  0x0000025a1c56dec0 JavaThread "jar transforms" [_thread_blocked, id=9212, stack(0x000000fc9cc00000,0x000000fc9cd00000)]
  0x0000025a1c567e80 JavaThread "jar transforms Thread 2" [_thread_blocked, id=7656, stack(0x000000fc9cd00000,0x000000fc9ce00000)]
  0x0000025a1c56d050 JavaThread "Cache worker for kotlin-dsl (C:\Users\Admin\.gradle\caches\8.0\kotlin-dsl)" [_thread_blocked, id=1288, stack(0x000000fc9ce00000,0x000000fc9cf00000)]
  0x0000025a1c56aea0 JavaThread "jar transforms Thread 3" [_thread_blocked, id=7804, stack(0x000000fc9cf00000,0x000000fc9d000000)]
  0x0000025a1c569b60 JavaThread "jar transforms Thread 4" [_thread_blocked, id=9176, stack(0x000000fc9d000000,0x000000fc9d100000)]
  0x0000025a1c56c1e0 JavaThread "Cache worker for dependencies-accessors (C:\Users\Admin\AndroidStudioProjects\aykay\.gradle\8.0\dependencies-accessors)" [_thread_blocked, id=1268, stack(0x000000fc9d100000,0x000000fc9d200000)]
  0x0000025a1c56a030 JavaThread "Cache worker for Build Output Cleanup Cache (C:\Users\Admin\AndroidStudioProjects\aykay\.gradle\buildOutputCleanup)" [_thread_blocked, id=2400, stack(0x000000fc9d200000,0x000000fc9d300000)]
  0x0000025a1c56a500 JavaThread "jar transforms Thread 5" [_thread_blocked, id=272, stack(0x000000fc9d300000,0x000000fc9d400000)]
  0x0000025a1c56b840 JavaThread "Unconstrained build operations" [_thread_blocked, id=2368, stack(0x000000fc9d400000,0x000000fc9d500000)]
  0x0000025a1c56bd10 JavaThread "Unconstrained build operations Thread 2" [_thread_blocked, id=7844, stack(0x000000fc9d500000,0x000000fc9d600000)]
  0x0000025a1c56f6d0 JavaThread "Unconstrained build operations Thread 3" [_thread_blocked, id=2888, stack(0x000000fc9d600000,0x000000fc9d700000)]
  0x0000025a1c56e860 JavaThread "Unconstrained build operations Thread 4" [_thread_blocked, id=6948, stack(0x000000fc9d700000,0x000000fc9d800000)]
  0x0000025a1c568820 JavaThread "Unconstrained build operations Thread 5" [_thread_blocked, id=8112, stack(0x000000fc9d800000,0x000000fc9d900000)]
  0x0000025a1c56c6b0 JavaThread "Unconstrained build operations Thread 6" [_thread_blocked, id=4068, stack(0x000000fc9d900000,0x000000fc9da00000)]
  0x0000025a1c568350 JavaThread "Unconstrained build operations Thread 7" [_thread_blocked, id=7104, stack(0x000000fc9da00000,0x000000fc9db00000)]
  0x0000025a1c56cb80 JavaThread "Unconstrained build operations Thread 8" [_thread_blocked, id=2444, stack(0x000000fc9db00000,0x000000fc9dc00000)]
  0x0000025a1c56d9f0 JavaThread "Unconstrained build operations Thread 9" [_thread_blocked, id=4760, stack(0x000000fc9dc00000,0x000000fc9dd00000)]
  0x0000025a1c56f200 JavaThread "Unconstrained build operations Thread 10" [_thread_blocked, id=7924, stack(0x000000fc9dd00000,0x000000fc9de00000)]
  0x0000025a22a6b2c0 JavaThread "Unconstrained build operations Thread 11" [_thread_blocked, id=7072, stack(0x000000fc9de00000,0x000000fc9df00000)]
  0x0000025a22a69ab0 JavaThread "Unconstrained build operations Thread 12" [_thread_blocked, id=8744, stack(0x000000fc9df00000,0x000000fc9e000000)]
  0x0000025a22a6c600 JavaThread "Unconstrained build operations Thread 13" [_thread_blocked, id=3028, stack(0x000000fc9e000000,0x000000fc9e100000)]
  0x0000025a22a67430 JavaThread "Unconstrained build operations Thread 14" [_thread_blocked, id=8036, stack(0x000000fc9e100000,0x000000fc9e200000)]
  0x0000025a22a6bc60 JavaThread "Unconstrained build operations Thread 15" [_thread_blocked, id=3488, stack(0x000000fc9e200000,0x000000fc9e300000)]
  0x0000025a22a6cad0 JavaThread "Unconstrained build operations Thread 16" [_thread_blocked, id=1136, stack(0x000000fc9e300000,0x000000fc9e400000)]
  0x0000025a22a695e0 JavaThread "Unconstrained build operations Thread 17" [_thread_blocked, id=7928, stack(0x000000fc9e400000,0x000000fc9e500000)]
  0x0000025a22a69f80 JavaThread "Unconstrained build operations Thread 18" [_thread_blocked, id=7280, stack(0x000000fc9e500000,0x000000fc9e600000)]
  0x0000025a22a6cfa0 JavaThread "Unconstrained build operations Thread 19" [_thread_blocked, id=4988, stack(0x000000fc9e600000,0x000000fc9e700000)]
  0x0000025a22a66f60 JavaThread "Unconstrained build operations Thread 20" [_thread_blocked, id=1580, stack(0x000000fc9e700000,0x000000fc9e800000)]
  0x0000025a22a6d470 JavaThread "Unconstrained build operations Thread 21" [_thread_blocked, id=7108, stack(0x000000fc9e800000,0x000000fc9e900000)]
  0x0000025a22a67900 JavaThread "Unconstrained build operations Thread 22" [_thread_blocked, id=8016, stack(0x000000fc9e900000,0x000000fc9ea00000)]
  0x0000025a22a682a0 JavaThread "Unconstrained build operations Thread 23" [_thread_blocked, id=1892, stack(0x000000fc9ea00000,0x000000fc9eb00000)]
  0x0000025a22a6c130 JavaThread "Unconstrained build operations Thread 24" [_thread_blocked, id=5220, stack(0x000000fc9eb00000,0x000000fc9ec00000)]
  0x0000025a22a66a90 JavaThread "Unconstrained build operations Thread 25" [_thread_blocked, id=1568, stack(0x000000fc9ec00000,0x000000fc9ed00000)]
  0x0000025a22a65c20 JavaThread "Unconstrained build operations Thread 26" [_thread_blocked, id=5284, stack(0x000000fc9ed00000,0x000000fc9ee00000)]
  0x0000025a22a6b790 JavaThread "Unconstrained build operations Thread 27" [_thread_blocked, id=4536, stack(0x000000fc9ee00000,0x000000fc9ef00000)]
  0x0000025a22a660f0 JavaThread "Unconstrained build operations Thread 28" [_thread_blocked, id=3132, stack(0x000000fc9ef00000,0x000000fc9f000000)]
  0x0000025a22a665c0 JavaThread "Unconstrained build operations Thread 29" [_thread_blocked, id=5012, stack(0x000000fc9f000000,0x000000fc9f100000)]
  0x0000025a22a67dd0 JavaThread "Unconstrained build operations Thread 30" [_thread_blocked, id=8092, stack(0x000000fc9f100000,0x000000fc9f200000)]
  0x0000025a22a68770 JavaThread "Unconstrained build operations Thread 31" [_thread_blocked, id=684, stack(0x000000fc9f200000,0x000000fc9f300000)]
  0x0000025a22a6a920 JavaThread "Unconstrained build operations Thread 32" [_thread_blocked, id=4600, stack(0x000000fc9f300000,0x000000fc9f400000)]
  0x0000025a22a68c40 JavaThread "Unconstrained build operations Thread 33" [_thread_blocked, id=1208, stack(0x000000fc9f400000,0x000000fc9f500000)]
  0x0000025a22a6a450 JavaThread "Unconstrained build operations Thread 34" [_thread_blocked, id=3956, stack(0x000000fc9f500000,0x000000fc9f600000)]
  0x0000025a22a69110 JavaThread "Unconstrained build operations Thread 35" [_thread_blocked, id=3204, stack(0x000000fc9f600000,0x000000fc9f700000)]
  0x0000025a22a6adf0 JavaThread "Unconstrained build operations Thread 36" [_thread_blocked, id=8876, stack(0x000000fc9f700000,0x000000fc9f800000)]
  0x0000025a2297b500 JavaThread "Unconstrained build operations Thread 37" [_thread_blocked, id=1712, stack(0x000000fc9f800000,0x000000fc9f900000)]
  0x0000025a22981a10 JavaThread "Unconstrained build operations Thread 38" [_thread_blocked, id=1716, stack(0x000000fc9f900000,0x000000fc9fa00000)]
  0x0000025a22981ee0 JavaThread "Unconstrained build operations Thread 39" [_thread_blocked, id=3544, stack(0x000000fc9fa00000,0x000000fc9fb00000)]
  0x0000025a2297fd30 JavaThread "Unconstrained build operations Thread 40" [_thread_blocked, id=7064, stack(0x000000fc9fb00000,0x000000fc9fc00000)]
  0x0000025a2297e050 JavaThread "Unconstrained build operations Thread 41" [_thread_blocked, id=5200, stack(0x000000fc9fc00000,0x000000fc9fd00000)]
  0x0000025a2297bea0 JavaThread "Unconstrained build operations Thread 42" [_thread_blocked, id=2112, stack(0x000000fc9fd00000,0x000000fc9fe00000)]
  0x0000025a22981540 JavaThread "Unconstrained build operations Thread 43" [_thread_blocked, id=8580, stack(0x000000fc9fe00000,0x000000fc9ff00000)]
  0x0000025a2297a690 JavaThread "Unconstrained build operations Thread 44" [_thread_blocked, id=3764, stack(0x000000fc9ff00000,0x000000fca0000000)]
  0x0000025a2297d6b0 JavaThread "Unconstrained build operations Thread 45" [_thread_blocked, id=2196, stack(0x000000fca0000000,0x000000fca0100000)]
  0x0000025a2297db80 JavaThread "Unconstrained build operations Thread 46" [_thread_blocked, id=2532, stack(0x000000fca0100000,0x000000fca0200000)]
  0x0000025a2297ab60 JavaThread "Unconstrained build operations Thread 47" [_thread_blocked, id=4776, stack(0x000000fca0200000,0x000000fca0300000)]
  0x0000025a2297e520 JavaThread "Unconstrained build operations Thread 48" [_thread_blocked, id=7136, stack(0x000000fca0300000,0x000000fca0400000)]
  0x0000025a2297b9d0 JavaThread "Unconstrained build operations Thread 49" [_thread_blocked, id=1552, stack(0x000000fca0400000,0x000000fca0500000)]
  0x0000025a2297d1e0 JavaThread "Unconstrained build operations Thread 50" [_thread_blocked, id=8304, stack(0x000000fca0500000,0x000000fca0600000)]
  0x0000025a2297b030 JavaThread "Unconstrained build operations Thread 51" [_thread_blocked, id=5272, stack(0x000000fca0600000,0x000000fca0700000)]
  0x0000025a2297e9f0 JavaThread "Unconstrained build operations Thread 52" [_thread_blocked, id=6844, stack(0x000000fca0700000,0x000000fca0800000)]
  0x0000025a2297eec0 JavaThread "Unconstrained build operations Thread 53" [_thread_blocked, id=1936, stack(0x000000fca0800000,0x000000fca0900000)]
  0x0000025a2297c370 JavaThread "Unconstrained build operations Thread 54" [_thread_blocked, id=6688, stack(0x000000fca0900000,0x000000fca0a00000)]
  0x0000025a2297c840 JavaThread "Unconstrained build operations Thread 55" [_thread_blocked, id=8360, stack(0x000000fca0a00000,0x000000fca0b00000)]
  0x0000025a2297cd10 JavaThread "Unconstrained build operations Thread 56" [_thread_blocked, id=6112, stack(0x000000fca0b00000,0x000000fca0c00000)]
  0x0000025a2297f390 JavaThread "Unconstrained build operations Thread 57" [_thread_blocked, id=5184, stack(0x000000fca0c00000,0x000000fca0d00000)]
  0x0000025a2297f860 JavaThread "Unconstrained build operations Thread 58" [_thread_blocked, id=2284, stack(0x000000fca0d00000,0x000000fca0e00000)]
  0x0000025a22980200 JavaThread "Unconstrained build operations Thread 59" [_thread_blocked, id=8996, stack(0x000000fca0e00000,0x000000fca0f00000)]
  0x0000025a229806d0 JavaThread "Unconstrained build operations Thread 60" [_thread_blocked, id=5188, stack(0x000000fca0f00000,0x000000fca1000000)]
  0x0000025a22980ba0 JavaThread "Unconstrained build operations Thread 61" [_thread_blocked, id=3744, stack(0x000000fca1000000,0x000000fca1100000)]
  0x0000025a22981070 JavaThread "Unconstrained build operations Thread 62" [_thread_blocked, id=6516, stack(0x000000fca1100000,0x000000fca1200000)]
  0x0000025a1b9dd740 JavaThread "Unconstrained build operations Thread 63" [_thread_blocked, id=280, stack(0x000000fca1200000,0x000000fca1300000)]
  0x0000025a1b9db590 JavaThread "Unconstrained build operations Thread 64" [_thread_blocked, id=2304, stack(0x000000fca1300000,0x000000fca1400000)]
  0x0000025a1b9ddc10 JavaThread "Unconstrained build operations Thread 65" [_thread_blocked, id=8732, stack(0x000000fca1400000,0x000000fca1500000)]
  0x0000025a1b9d9d80 JavaThread "Unconstrained build operations Thread 66" [_thread_blocked, id=3900, stack(0x000000fca1500000,0x000000fca1600000)]
  0x0000025a1b9d63c0 JavaThread "Unconstrained build operations Thread 67" [_thread_blocked, id=1408, stack(0x000000fca1600000,0x000000fca1700000)]
  0x0000025a1b9d6890 JavaThread "Unconstrained build operations Thread 68" [_thread_blocked, id=4636, stack(0x000000fca1700000,0x000000fca1800000)]
  0x0000025a1b9da250 JavaThread "Unconstrained build operations Thread 69" [_thread_blocked, id=8868, stack(0x000000fca1800000,0x000000fca1900000)]
  0x0000025a1b9d8570 JavaThread "Unconstrained build operations Thread 70" [_thread_blocked, id=292, stack(0x000000fca1900000,0x000000fca1a00000)]
  0x0000025a1b9dd270 JavaThread "Unconstrained build operations Thread 71" [_thread_blocked, id=856, stack(0x000000fca1a00000,0x000000fca1b00000)]
  0x0000025a1b9d6d60 JavaThread "Unconstrained build operations Thread 72" [_thread_blocked, id=4292, stack(0x000000fca1b00000,0x000000fca1c00000)]
  0x0000025a1b9d7230 JavaThread "Unconstrained build operations Thread 73" [_thread_blocked, id=872, stack(0x000000fca1c00000,0x000000fca1d00000)]
  0x0000025a1b9d7700 JavaThread "Unconstrained build operations Thread 74" [_thread_blocked, id=9136, stack(0x000000fca1d00000,0x000000fca1e00000)]
  0x0000025a1b9da720 JavaThread "Unconstrained build operations Thread 75" [_thread_blocked, id=7272, stack(0x000000fca1e00000,0x000000fca1f00000)]
  0x0000025a1b9dabf0 JavaThread "Unconstrained build operations Thread 76" [_thread_blocked, id=4076, stack(0x000000fca1f00000,0x000000fca2000000)]
  0x0000025a1b9dba60 JavaThread "Unconstrained build operations Thread 77" [_thread_blocked, id=4440, stack(0x000000fca2000000,0x000000fca2100000)]
  0x0000025a1b9d7bd0 JavaThread "Unconstrained build operations Thread 78" [_thread_blocked, id=4648, stack(0x000000fca2100000,0x000000fca2200000)]
  0x0000025a1b9db0c0 JavaThread "Unconstrained build operations Thread 79" [_thread_blocked, id=4956, stack(0x000000fca2200000,0x000000fca2300000)]
  0x0000025a1b9d80a0 JavaThread "Unconstrained build operations Thread 80" [_thread_blocked, id=9032, stack(0x000000fca2300000,0x000000fca2400000)]
  0x0000025a1b9dbf30 JavaThread "jar transforms Thread 6" [_thread_blocked, id=5544, stack(0x000000fca2400000,0x000000fca2500000)]
  0x0000025a1b9d8f10 JavaThread "jar transforms Thread 7" [_thread_blocked, id=4488, stack(0x000000fca2500000,0x000000fca2600000)]
  0x0000025a1b9d8a40 JavaThread "jar transforms Thread 8" [_thread_blocked, id=1248, stack(0x000000fca2600000,0x000000fca2700000)]
  0x0000025a1b9dc8d0 JavaThread "build event listener" [_thread_blocked, id=4692, stack(0x000000fca2700000,0x000000fca2800000)]
  0x0000025a1b9dc400 JavaThread "Memory manager" [_thread_blocked, id=2724, stack(0x000000fca2800000,0x000000fca2900000)]
  0x0000025a197c10c0 JavaThread "C2 CompilerThread2" daemon [_thread_in_native, id=1480, stack(0x000000fc9c300000,0x000000fc9c400000)]
  0x0000025a1ecdf780 JavaThread "included builds" [_thread_in_vm, id=4140, stack(0x000000fca2900000,0x000000fca2a00000)]
  0x0000025a1ecde440 JavaThread "Execution worker" [_thread_blocked, id=2344, stack(0x000000fca2a00000,0x000000fca2b00000)]
  0x0000025a1ece2c70 JavaThread "Execution worker Thread 2" [_thread_blocked, id=8804, stack(0x000000fca2b00000,0x000000fca2c00000)]
  0x0000025a1ece27a0 JavaThread "Execution worker Thread 3" [_thread_blocked, id=9112, stack(0x000000fca2c00000,0x000000fca2d00000)]
  0x0000025a1ece1460 JavaThread "Execution worker Thread 4" [_thread_in_Java, id=6968, stack(0x000000fca2d00000,0x000000fca2e00000)]
  0x0000025a1ece4480 JavaThread "Execution worker Thread 5" [_thread_blocked, id=2556, stack(0x000000fca2e00000,0x000000fca2f00000)]
  0x0000025a1ece4950 JavaThread "Execution worker Thread 6" [_thread_blocked, id=6056, stack(0x000000fca2f00000,0x000000fca3000000)]
  0x0000025a1ecdd100 JavaThread "Execution worker Thread 7" [_thread_blocked, id=8172, stack(0x000000fca3000000,0x000000fca3100000)]
  0x0000025a1ecdede0 JavaThread "Cache worker for execution history cache (C:\Users\Admin\AndroidStudioProjects\aykay\.gradle\8.0\executionHistory)" [_thread_blocked, id=892, stack(0x000000fca3100000,0x000000fca3200000)]
  0x0000025a1ece3140 JavaThread "WorkerExecutor Queue" [_thread_in_vm, id=860, stack(0x000000fca3200000,0x000000fca3300000)]
  0x0000025a22758260 JavaThread "WorkerExecutor Queue Thread 2" [_thread_blocked, id=5976, stack(0x000000fca3400000,0x000000fca3500000)]
  0x0000025a22978740 JavaThread "WorkerExecutor Queue Thread 3" [_thread_blocked, id=4948, stack(0x000000fca3300000,0x000000fca3400000)]

Other Threads:
  0x0000025a18a31960 VMThread "VM Thread" [stack: 0x000000fc9a000000,0x000000fc9a100000] [id=132]
  0x0000025a7eb7d4e0 WatcherThread [stack: 0x000000fc9ac00000,0x000000fc9ad00000] [id=3372]
  0x0000025a7eb531a0 GCTaskThread "GC Thread#0" [stack: 0x000000fc99b00000,0x000000fc99c00000] [id=1156]
  0x0000025a1a08b380 GCTaskThread "GC Thread#1" [stack: 0x000000fc9af00000,0x000000fc9b000000] [id=3328]
  0x0000025a1979c0e0 GCTaskThread "GC Thread#2" [stack: 0x000000fc9b000000,0x000000fc9b100000] [id=5008]
  0x0000025a1a48bf30 GCTaskThread "GC Thread#3" [stack: 0x000000fc9b100000,0x000000fc9b200000] [id=3420]
  0x0000025a1abb0ac0 GCTaskThread "GC Thread#4" [stack: 0x000000fc9b200000,0x000000fc9b300000] [id=8920]
  0x0000025a1bc00420 GCTaskThread "GC Thread#5" [stack: 0x000000fc9ae00000,0x000000fc9af00000] [id=868]
  0x0000025a1aa2e460 GCTaskThread "GC Thread#6" [stack: 0x000000fc9bd00000,0x000000fc9be00000] [id=5780]
  0x0000025a1aa2e710 GCTaskThread "GC Thread#7" [stack: 0x000000fc9be00000,0x000000fc9bf00000] [id=3040]
  0x0000025a7eb64240 ConcurrentGCThread "G1 Main Marker" [stack: 0x000000fc99c00000,0x000000fc99d00000] [id=692]
  0x0000025a7eb65b00 ConcurrentGCThread "G1 Conc#0" [stack: 0x000000fc99d00000,0x000000fc99e00000] [id=2912]
  0x0000025a1aeccc20 ConcurrentGCThread "G1 Conc#1" [stack: 0x000000fc9bf00000,0x000000fc9c000000] [id=8768]
  0x0000025a7ebbe230 ConcurrentGCThread "G1 Refine#0" [stack: 0x000000fc99e00000,0x000000fc99f00000] [id=8892]
  0x0000025a7ebbeaf0 ConcurrentGCThread "G1 Service" [stack: 0x000000fc99f00000,0x000000fc9a000000] [id=2808]

Threads with active compile tasks:
C2 CompilerThread0    17111 12350       4       sun.nio.fs.WindowsPathParser::normalize (138 bytes)
C1 CompilerThread0    17112 12407       2       org.gradle.api.internal.provider.TransformBackedProvider::calculateOwnValue (21 bytes)
C2 CompilerThread1    17112 12312       4       org.gradle.internal.logging.text.AbstractLineChoppingStyledTextOutput::doAppend (43 bytes)
C2 CompilerThread2    17112 12332       4       org.objectweb.asm.AnnotationWriter::visit (935 bytes)

VM state: not at safepoint (normal execution)

VM Mutex/Monitor currently owned by a thread:  ([mutex/lock_event])
[0x0000025a7caa91a0] CodeCache_lock - owner thread: 0x0000025a1ecdf780
[0x0000025a7eaf3230] Compile_lock - owner thread: 0x0000025a1ecdf780

Heap address: 0x0000000080000000, size: 2048 MB, Compressed Oops mode: 32-bit

CDS archive(s) not mapped
Compressed class space mapped at: 0x0000000100000000-0x0000000140000000, reserved size: 1073741824
Narrow klass base: 0x0000000000000000, Narrow klass shift: 3, Narrow klass range: 0x140000000

GC Precious Log:
 CPUs: 8 total, 8 available
 Memory: 10177M
 Large Page Support: Disabled
 NUMA Support: Disabled
 Compressed Oops: Enabled (32-bit)
 Heap Region Size: 1M
 Heap Min Capacity: 8M
 Heap Initial Capacity: 160M
 Heap Max Capacity: 2G
 Pre-touch: Disabled
 Parallel Workers: 8
 Concurrent Workers: 2
 Concurrent Refinement Workers: 8
 Periodic GC: Disabled

Heap:
 garbage-first heap   total 246784K, used 126611K [0x0000000080000000, 0x0000000100000000)
  region size 1024K, 36 young (36864K), 8 survivors (8192K)
 Metaspace       used 100499K, committed 101248K, reserved 1138688K
  class space    used 13686K, committed 14080K, reserved 1048576K

Heap Regions: E=young(eden), S=young(survivor), O=old, HS=humongous(starts), HC=humongous(continues), CS=collection set, F=free, OA=open archive, CA=closed archive, TAMS=top-at-mark-start (previous, next)
|   0|0x0000000080000000, 0x0000000080100000, 0x0000000080100000|100%|HS|  |TAMS 0x0000000080100000, 0x0000000080000000| Complete 
|   1|0x0000000080100000, 0x0000000080200000, 0x0000000080200000|100%|HC|  |TAMS 0x0000000080200000, 0x0000000080100000| Complete 
|   2|0x0000000080200000, 0x0000000080300000, 0x0000000080300000|100%|HC|  |TAMS 0x0000000080300000, 0x0000000080200000| Complete 
|   3|0x0000000080300000, 0x0000000080400000, 0x0000000080400000|100%|HC|  |TAMS 0x0000000080400000, 0x0000000080300000| Complete 
|   4|0x0000000080400000, 0x0000000080500000, 0x0000000080500000|100%| O|  |TAMS 0x0000000080500000, 0x0000000080400000| Untracked 
|   5|0x0000000080500000, 0x0000000080600000, 0x0000000080600000|100%| O|  |TAMS 0x0000000080600000, 0x0000000080500000| Untracked 
|   6|0x0000000080600000, 0x0000000080700000, 0x0000000080700000|100%| O|  |TAMS 0x0000000080700000, 0x0000000080600000| Untracked 
|   7|0x0000000080700000, 0x0000000080800000, 0x0000000080800000|100%| O|  |TAMS 0x0000000080800000, 0x0000000080700000| Untracked 
|   8|0x0000000080800000, 0x0000000080900000, 0x0000000080900000|100%| O|  |TAMS 0x0000000080900000, 0x0000000080800000| Untracked 
|   9|0x0000000080900000, 0x0000000080a00000, 0x0000000080a00000|100%| O|  |TAMS 0x0000000080a00000, 0x0000000080900000| Untracked 
|  10|0x0000000080a00000, 0x0000000080b00000, 0x0000000080b00000|100%| O|  |TAMS 0x0000000080b00000, 0x0000000080a00000| Untracked 
|  11|0x0000000080b00000, 0x0000000080c00000, 0x0000000080c00000|100%| O|  |TAMS 0x0000000080c00000, 0x0000000080b00000| Untracked 
|  12|0x0000000080c00000, 0x0000000080d00000, 0x0000000080d00000|100%| O|  |TAMS 0x0000000080d00000, 0x0000000080c00000| Untracked 
|  13|0x0000000080d00000, 0x0000000080e00000, 0x0000000080e00000|100%| O|  |TAMS 0x0000000080e00000, 0x0000000080d00000| Untracked 
|  14|0x0000000080e00000, 0x0000000080f00000, 0x0000000080f00000|100%| O|  |TAMS 0x0000000080f00000, 0x0000000080e00000| Untracked 
|  15|0x0000000080f00000, 0x0000000081000000, 0x0000000081000000|100%| O|  |TAMS 0x0000000081000000, 0x0000000080f00000| Untracked 
|  16|0x0000000081000000, 0x0000000081100000, 0x0000000081100000|100%| O|  |TAMS 0x0000000081100000, 0x0000000081000000| Untracked 
|  17|0x0000000081100000, 0x0000000081200000, 0x0000000081200000|100%| O|  |TAMS 0x0000000081200000, 0x0000000081100000| Untracked 
|  18|0x0000000081200000, 0x0000000081300000, 0x0000000081300000|100%| O|  |TAMS 0x0000000081300000, 0x0000000081200000| Untracked 
|  19|0x0000000081300000, 0x0000000081400000, 0x0000000081400000|100%| O|  |TAMS 0x0000000081400000, 0x0000000081300000| Untracked 
|  20|0x0000000081400000, 0x0000000081500000, 0x0000000081500000|100%| O|  |TAMS 0x0000000081500000, 0x0000000081400000| Untracked 
|  21|0x0000000081500000, 0x0000000081600000, 0x0000000081600000|100%| O|  |TAMS 0x0000000081600000, 0x0000000081500000| Untracked 
|  22|0x0000000081600000, 0x0000000081700000, 0x0000000081700000|100%| O|  |TAMS 0x0000000081700000, 0x0000000081600000| Untracked 
|  23|0x0000000081700000, 0x0000000081800000, 0x0000000081800000|100%| O|  |TAMS 0x0000000081700000, 0x0000000081700000| Untracked 
|  24|0x0000000081800000, 0x0000000081900000, 0x0000000081900000|100%| O|  |TAMS 0x0000000081900000, 0x0000000081800000| Untracked 
|  25|0x0000000081900000, 0x0000000081a00000, 0x0000000081a00000|100%| O|  |TAMS 0x0000000081a00000, 0x0000000081900000| Untracked 
|  26|0x0000000081a00000, 0x0000000081b00000, 0x0000000081b00000|100%| O|  |TAMS 0x0000000081b00000, 0x0000000081a00000| Untracked 
|  27|0x0000000081b00000, 0x0000000081c00000, 0x0000000081c00000|100%| O|  |TAMS 0x0000000081c00000, 0x0000000081b00000| Untracked 
|  28|0x0000000081c00000, 0x0000000081d00000, 0x0000000081d00000|100%| O|  |TAMS 0x0000000081d00000, 0x0000000081c00000| Untracked 
|  29|0x0000000081d00000, 0x0000000081e00000, 0x0000000081e00000|100%| O|  |TAMS 0x0000000081e00000, 0x0000000081d00000| Untracked 
|  30|0x0000000081e00000, 0x0000000081f00000, 0x0000000081f00000|100%| O|  |TAMS 0x0000000081f00000, 0x0000000081e00000| Untracked 
|  31|0x0000000081f00000, 0x0000000082000000, 0x0000000082000000|100%|HS|  |TAMS 0x0000000082000000, 0x0000000081f00000| Complete 
|  32|0x0000000082000000, 0x0000000082100000, 0x0000000082100000|100%|HS|  |TAMS 0x0000000082100000, 0x0000000082000000| Complete 
|  33|0x0000000082100000, 0x0000000082200000, 0x0000000082200000|100%|HS|  |TAMS 0x0000000082200000, 0x0000000082100000| Complete 
|  34|0x0000000082200000, 0x0000000082300000, 0x0000000082300000|100%|HC|  |TAMS 0x0000000082300000, 0x0000000082200000| Complete 
|  35|0x0000000082300000, 0x0000000082400000, 0x0000000082400000|100%| O|  |TAMS 0x0000000082400000, 0x0000000082300000| Untracked 
|  36|0x0000000082400000, 0x0000000082500000, 0x0000000082500000|100%| O|  |TAMS 0x0000000082500000, 0x0000000082400000| Untracked 
|  37|0x0000000082500000, 0x0000000082600000, 0x0000000082600000|100%| O|  |TAMS 0x0000000082600000, 0x0000000082500000| Untracked 
|  38|0x0000000082600000, 0x0000000082700000, 0x0000000082700000|100%| O|  |TAMS 0x0000000082700000, 0x0000000082600000| Untracked 
|  39|0x0000000082700000, 0x0000000082800000, 0x0000000082800000|100%| O|  |TAMS 0x0000000082800000, 0x0000000082700000| Untracked 
|  40|0x0000000082800000, 0x0000000082900000, 0x0000000082900000|100%|HS|  |TAMS 0x0000000082900000, 0x0000000082800000| Complete 
|  41|0x0000000082900000, 0x0000000082a00000, 0x0000000082a00000|100%|HS|  |TAMS 0x0000000082a00000, 0x0000000082900000| Complete 
|  42|0x0000000082a00000, 0x0000000082b00000, 0x0000000082b00000|100%|HC|  |TAMS 0x0000000082b00000, 0x0000000082a00000| Complete 
|  43|0x0000000082b00000, 0x0000000082c00000, 0x0000000082c00000|100%|HC|  |TAMS 0x0000000082c00000, 0x0000000082b00000| Complete 
|  44|0x0000000082c00000, 0x0000000082d00000, 0x0000000082d00000|100%|HC|  |TAMS 0x0000000082d00000, 0x0000000082c00000| Complete 
|  45|0x0000000082d00000, 0x0000000082e00000, 0x0000000082e00000|100%| O|  |TAMS 0x0000000082e00000, 0x0000000082d00000| Untracked 
|  46|0x0000000082e00000, 0x0000000082f00000, 0x0000000082f00000|100%| O|  |TAMS 0x0000000082f00000, 0x0000000082e00000| Untracked 
|  47|0x0000000082f00000, 0x0000000083000000, 0x0000000083000000|100%| O|  |TAMS 0x0000000083000000, 0x0000000082f00000| Untracked 
|  48|0x0000000083000000, 0x0000000083100000, 0x0000000083100000|100%| O|  |TAMS 0x0000000083100000, 0x0000000083000000| Untracked 
|  49|0x0000000083100000, 0x0000000083200000, 0x0000000083200000|100%| O|  |TAMS 0x0000000083200000, 0x0000000083100000| Untracked 
|  50|0x0000000083200000, 0x0000000083300000, 0x0000000083300000|100%| O|  |TAMS 0x0000000083300000, 0x0000000083200000| Untracked 
|  51|0x0000000083300000, 0x0000000083400000, 0x0000000083400000|100%| O|  |TAMS 0x0000000083400000, 0x0000000083300000| Untracked 
|  52|0x0000000083400000, 0x0000000083500000, 0x0000000083500000|100%| O|  |TAMS 0x0000000083500000, 0x0000000083400000| Untracked 
|  53|0x0000000083500000, 0x0000000083600000, 0x0000000083600000|100%| O|  |TAMS 0x0000000083600000, 0x0000000083500000| Untracked 
|  54|0x0000000083600000, 0x0000000083700000, 0x0000000083700000|100%| O|  |TAMS 0x0000000083700000, 0x0000000083600000| Untracked 
|  55|0x0000000083700000, 0x0000000083800000, 0x0000000083800000|100%| O|  |TAMS 0x0000000083800000, 0x0000000083700000| Untracked 
|  56|0x0000000083800000, 0x0000000083900000, 0x0000000083900000|100%| O|  |TAMS 0x0000000083900000, 0x0000000083800000| Untracked 
|  57|0x0000000083900000, 0x0000000083a00000, 0x0000000083a00000|100%| O|  |TAMS 0x0000000083a00000, 0x0000000083900000| Untracked 
|  58|0x0000000083a00000, 0x0000000083b00000, 0x0000000083b00000|100%| O|  |TAMS 0x0000000083b00000, 0x0000000083a00000| Untracked 
|  59|0x0000000083b00000, 0x0000000083c00000, 0x0000000083c00000|100%| O|  |TAMS 0x0000000083c00000, 0x0000000083b00000| Untracked 
|  60|0x0000000083c00000, 0x0000000083d00000, 0x0000000083d00000|100%| O|  |TAMS 0x0000000083d00000, 0x0000000083c00000| Untracked 
|  61|0x0000000083d00000, 0x0000000083e00000, 0x0000000083e00000|100%| O|  |TAMS 0x0000000083e00000, 0x0000000083d00000| Untracked 
|  62|0x0000000083e00000, 0x0000000083f00000, 0x0000000083f00000|100%| O|  |TAMS 0x0000000083f00000, 0x0000000083e00000| Untracked 
|  63|0x0000000083f00000, 0x0000000084000000, 0x0000000084000000|100%| O|  |TAMS 0x0000000084000000, 0x0000000083f00000| Untracked 
|  64|0x0000000084000000, 0x0000000084100000, 0x0000000084100000|100%| O|  |TAMS 0x0000000084100000, 0x0000000084000000| Untracked 
|  65|0x0000000084100000, 0x0000000084200000, 0x0000000084200000|100%|HS|  |TAMS 0x0000000084100000, 0x0000000084100000| Complete 
|  66|0x0000000084200000, 0x0000000084300000, 0x0000000084300000|100%| O|  |TAMS 0x0000000084300000, 0x0000000084200000| Untracked 
|  67|0x0000000084300000, 0x0000000084400000, 0x0000000084400000|100%| O|  |TAMS 0x0000000084400000, 0x0000000084300000| Untracked 
|  68|0x0000000084400000, 0x0000000084500000, 0x0000000084500000|100%| O|  |TAMS 0x0000000084500000, 0x0000000084400000| Untracked 
|  69|0x0000000084500000, 0x0000000084600000, 0x0000000084600000|100%| O|  |TAMS 0x0000000084600000, 0x0000000084500000| Untracked 
|  70|0x0000000084600000, 0x0000000084700000, 0x0000000084700000|100%| O|  |TAMS 0x0000000084700000, 0x0000000084600000| Untracked 
|  71|0x0000000084700000, 0x0000000084800000, 0x0000000084800000|100%| O|  |TAMS 0x0000000084800000, 0x0000000084700000| Untracked 
|  72|0x0000000084800000, 0x0000000084900000, 0x0000000084900000|100%| O|  |TAMS 0x0000000084900000, 0x0000000084800000| Untracked 
|  73|0x0000000084900000, 0x0000000084a00000, 0x0000000084a00000|100%| O|  |TAMS 0x0000000084a00000, 0x0000000084900000| Untracked 
|  74|0x0000000084a00000, 0x0000000084b00000, 0x0000000084b00000|100%| O|  |TAMS 0x0000000084b00000, 0x0000000084a00000| Untracked 
|  75|0x0000000084b00000, 0x0000000084c00000, 0x0000000084c00000|100%| O|  |TAMS 0x0000000084bd9a00, 0x0000000084b00000| Untracked 
|  76|0x0000000084c00000, 0x0000000084d00000, 0x0000000084d00000|100%| O|  |TAMS 0x0000000084c00000, 0x0000000084c00000| Untracked 
|  77|0x0000000084d00000, 0x0000000084e00000, 0x0000000084e00000|100%| O|  |TAMS 0x0000000084d00000, 0x0000000084d00000| Untracked 
|  78|0x0000000084e00000, 0x0000000084f00000, 0x0000000084f00000|100%| O|  |TAMS 0x0000000084e00000, 0x0000000084e00000| Untracked 
|  79|0x0000000084f00000, 0x0000000085000000, 0x0000000085000000|100%| O|  |TAMS 0x0000000084f00000, 0x0000000084f00000| Untracked 
|  80|0x0000000085000000, 0x0000000085100000, 0x0000000085100000|100%| O|  |TAMS 0x0000000085000000, 0x0000000085000000| Untracked 
|  81|0x0000000085100000, 0x0000000085200000, 0x0000000085200000|100%| O|  |TAMS 0x0000000085100000, 0x0000000085100000| Untracked 
|  82|0x0000000085200000, 0x0000000085300000, 0x0000000085300000|100%| O|  |TAMS 0x0000000085200000, 0x0000000085200000| Untracked 
|  83|0x0000000085300000, 0x0000000085400000, 0x0000000085400000|100%| O|  |TAMS 0x0000000085300000, 0x0000000085300000| Untracked 
|  84|0x0000000085400000, 0x0000000085500000, 0x0000000085500000|100%| O|  |TAMS 0x0000000085400000, 0x0000000085400000| Untracked 
|  85|0x0000000085500000, 0x0000000085600000, 0x0000000085600000|100%| O|  |TAMS 0x0000000085500000, 0x0000000085500000| Untracked 
|  86|0x0000000085600000, 0x0000000085700000, 0x0000000085700000|100%| O|  |TAMS 0x0000000085600000, 0x0000000085600000| Untracked 
|  87|0x0000000085700000, 0x0000000085800000, 0x0000000085800000|100%| O|  |TAMS 0x0000000085700000, 0x0000000085700000| Untracked 
|  88|0x0000000085800000, 0x0000000085900000, 0x0000000085900000|100%| O|  |TAMS 0x0000000085800000, 0x0000000085800000| Untracked 
|  89|0x0000000085900000, 0x0000000085a00000, 0x0000000085a00000|100%| O|  |TAMS 0x0000000085900000, 0x0000000085900000| Untracked 
|  90|0x0000000085a00000, 0x0000000085a30e00, 0x0000000085b00000| 19%| O|  |TAMS 0x0000000085a00000, 0x0000000085a00000| Untracked 
|  91|0x0000000085b00000, 0x0000000085b00000, 0x0000000085c00000|  0%| F|  |TAMS 0x0000000085b00000, 0x0000000085b00000| Untracked 
|  92|0x0000000085c00000, 0x0000000085c00000, 0x0000000085d00000|  0%| F|  |TAMS 0x0000000085c00000, 0x0000000085c00000| Untracked 
|  93|0x0000000085d00000, 0x0000000085d00000, 0x0000000085e00000|  0%| F|  |TAMS 0x0000000085d00000, 0x0000000085d00000| Untracked 
|  94|0x0000000085e00000, 0x0000000085e00000, 0x0000000085f00000|  0%| F|  |TAMS 0x0000000085e00000, 0x0000000085e00000| Untracked 
|  95|0x0000000085f00000, 0x0000000085f00000, 0x0000000086000000|  0%| F|  |TAMS 0x0000000085f00000, 0x0000000085f00000| Untracked 
|  96|0x0000000086000000, 0x0000000086000000, 0x0000000086100000|  0%| F|  |TAMS 0x0000000086000000, 0x0000000086000000| Untracked 
|  97|0x0000000086100000, 0x0000000086100000, 0x0000000086200000|  0%| F|  |TAMS 0x0000000086100000, 0x0000000086100000| Untracked 
|  98|0x0000000086200000, 0x0000000086200000, 0x0000000086300000|  0%| F|  |TAMS 0x0000000086200000, 0x0000000086200000| Untracked 
|  99|0x0000000086300000, 0x0000000086300000, 0x0000000086400000|  0%| F|  |TAMS 0x0000000086300000, 0x0000000086300000| Untracked 
| 100|0x0000000086400000, 0x0000000086400000, 0x0000000086500000|  0%| F|  |TAMS 0x0000000086400000, 0x0000000086400000| Untracked 
| 101|0x0000000086500000, 0x0000000086500000, 0x0000000086600000|  0%| F|  |TAMS 0x0000000086500000, 0x0000000086500000| Untracked 
| 102|0x0000000086600000, 0x0000000086600000, 0x0000000086700000|  0%| F|  |TAMS 0x0000000086600000, 0x0000000086600000| Untracked 
| 103|0x0000000086700000, 0x0000000086700000, 0x0000000086800000|  0%| F|  |TAMS 0x0000000086700000, 0x0000000086700000| Untracked 
| 104|0x0000000086800000, 0x0000000086800000, 0x0000000086900000|  0%| F|  |TAMS 0x0000000086800000, 0x0000000086800000| Untracked 
| 105|0x0000000086900000, 0x0000000086900000, 0x0000000086a00000|  0%| F|  |TAMS 0x0000000086900000, 0x0000000086900000| Untracked 
| 106|0x0000000086a00000, 0x0000000086a00000, 0x0000000086b00000|  0%| F|  |TAMS 0x0000000086a00000, 0x0000000086a00000| Untracked 
| 107|0x0000000086b00000, 0x0000000086b00000, 0x0000000086c00000|  0%| F|  |TAMS 0x0000000086b00000, 0x0000000086b00000| Untracked 
| 108|0x0000000086c00000, 0x0000000086c00000, 0x0000000086d00000|  0%| F|  |TAMS 0x0000000086c00000, 0x0000000086c00000| Untracked 
| 109|0x0000000086d00000, 0x0000000086d00000, 0x0000000086e00000|  0%| F|  |TAMS 0x0000000086d00000, 0x0000000086d00000| Untracked 
| 110|0x0000000086e00000, 0x0000000086e00000, 0x0000000086f00000|  0%| F|  |TAMS 0x0000000086e00000, 0x0000000086e00000| Untracked 
| 111|0x0000000086f00000, 0x0000000086f00000, 0x0000000087000000|  0%| F|  |TAMS 0x0000000086f00000, 0x0000000086f00000| Untracked 
| 112|0x0000000087000000, 0x0000000087000000, 0x0000000087100000|  0%| F|  |TAMS 0x0000000087000000, 0x0000000087000000| Untracked 
| 113|0x0000000087100000, 0x0000000087100000, 0x0000000087200000|  0%| F|  |TAMS 0x0000000087100000, 0x0000000087100000| Untracked 
| 114|0x0000000087200000, 0x0000000087200000, 0x0000000087300000|  0%| F|  |TAMS 0x0000000087200000, 0x0000000087200000| Untracked 
| 115|0x0000000087300000, 0x0000000087300000, 0x0000000087400000|  0%| F|  |TAMS 0x0000000087300000, 0x0000000087300000| Untracked 
| 116|0x0000000087400000, 0x0000000087400000, 0x0000000087500000|  0%| F|  |TAMS 0x0000000087400000, 0x0000000087400000| Untracked 
| 117|0x0000000087500000, 0x0000000087500000, 0x0000000087600000|  0%| F|  |TAMS 0x0000000087500000, 0x0000000087500000| Untracked 
| 118|0x0000000087600000, 0x0000000087600000, 0x0000000087700000|  0%| F|  |TAMS 0x0000000087600000, 0x0000000087600000| Untracked 
| 119|0x0000000087700000, 0x0000000087700000, 0x0000000087800000|  0%| F|  |TAMS 0x0000000087700000, 0x0000000087700000| Untracked 
| 120|0x0000000087800000, 0x0000000087800000, 0x0000000087900000|  0%| F|  |TAMS 0x0000000087800000, 0x0000000087800000| Untracked 
| 121|0x0000000087900000, 0x0000000087900000, 0x0000000087a00000|  0%| F|  |TAMS 0x0000000087900000, 0x0000000087900000| Untracked 
| 122|0x0000000087a00000, 0x0000000087a00000, 0x0000000087b00000|  0%| F|  |TAMS 0x0000000087a00000, 0x0000000087a00000| Untracked 
| 123|0x0000000087b00000, 0x0000000087b00000, 0x0000000087c00000|  0%| F|  |TAMS 0x0000000087b00000, 0x0000000087b00000| Untracked 
| 124|0x0000000087c00000, 0x0000000087c00000, 0x0000000087d00000|  0%| F|  |TAMS 0x0000000087c00000, 0x0000000087c00000| Untracked 
| 125|0x0000000087d00000, 0x0000000087d00000, 0x0000000087e00000|  0%| F|  |TAMS 0x0000000087d00000, 0x0000000087d00000| Untracked 
| 126|0x0000000087e00000, 0x0000000087e00000, 0x0000000087f00000|  0%| F|  |TAMS 0x0000000087e00000, 0x0000000087e00000| Untracked 
| 127|0x0000000087f00000, 0x0000000087f00000, 0x0000000088000000|  0%| F|  |TAMS 0x0000000087f00000, 0x0000000087f00000| Untracked 
| 128|0x0000000088000000, 0x0000000088000000, 0x0000000088100000|  0%| F|  |TAMS 0x0000000088000000, 0x0000000088000000| Untracked 
| 129|0x0000000088100000, 0x0000000088100000, 0x0000000088200000|  0%| F|  |TAMS 0x0000000088100000, 0x0000000088100000| Untracked 
| 130|0x0000000088200000, 0x0000000088200000, 0x0000000088300000|  0%| F|  |TAMS 0x0000000088200000, 0x0000000088200000| Untracked 
| 131|0x0000000088300000, 0x0000000088300000, 0x0000000088400000|  0%| F|  |TAMS 0x0000000088300000, 0x0000000088300000| Untracked 
| 132|0x0000000088400000, 0x0000000088400000, 0x0000000088500000|  0%| F|  |TAMS 0x0000000088400000, 0x0000000088400000| Untracked 
| 133|0x0000000088500000, 0x0000000088500000, 0x0000000088600000|  0%| F|  |TAMS 0x0000000088500000, 0x0000000088500000| Untracked 
| 134|0x0000000088600000, 0x0000000088600000, 0x0000000088700000|  0%| F|  |TAMS 0x0000000088600000, 0x0000000088600000| Untracked 
| 135|0x0000000088700000, 0x0000000088700000, 0x0000000088800000|  0%| F|  |TAMS 0x0000000088700000, 0x0000000088700000| Untracked 
| 136|0x0000000088800000, 0x0000000088800000, 0x0000000088900000|  0%| F|  |TAMS 0x0000000088800000, 0x0000000088800000| Untracked 
| 137|0x0000000088900000, 0x0000000088900000, 0x0000000088a00000|  0%| F|  |TAMS 0x0000000088900000, 0x0000000088900000| Untracked 
| 138|0x0000000088a00000, 0x0000000088a00000, 0x0000000088b00000|  0%| F|  |TAMS 0x0000000088a00000, 0x0000000088a00000| Untracked 
| 139|0x0000000088b00000, 0x0000000088b00000, 0x0000000088c00000|  0%| F|  |TAMS 0x0000000088b00000, 0x0000000088b00000| Untracked 
| 140|0x0000000088c00000, 0x0000000088c74098, 0x0000000088d00000| 45%| S|CS|TAMS 0x0000000088c00000, 0x0000000088c00000| Complete 
| 141|0x0000000088d00000, 0x0000000088e00000, 0x0000000088e00000|100%| S|CS|TAMS 0x0000000088d00000, 0x0000000088d00000| Complete 
| 142|0x0000000088e00000, 0x0000000088f00000, 0x0000000088f00000|100%| S|CS|TAMS 0x0000000088e00000, 0x0000000088e00000| Complete 
| 143|0x0000000088f00000, 0x0000000089000000, 0x0000000089000000|100%| S|CS|TAMS 0x0000000088f00000, 0x0000000088f00000| Complete 
| 144|0x0000000089000000, 0x0000000089100000, 0x0000000089100000|100%| S|CS|TAMS 0x0000000089000000, 0x0000000089000000| Complete 
| 145|0x0000000089100000, 0x0000000089200000, 0x0000000089200000|100%| S|CS|TAMS 0x0000000089100000, 0x0000000089100000| Complete 
| 146|0x0000000089200000, 0x0000000089300000, 0x0000000089300000|100%| S|CS|TAMS 0x0000000089200000, 0x0000000089200000| Complete 
| 147|0x0000000089300000, 0x0000000089400000, 0x0000000089400000|100%| S|CS|TAMS 0x0000000089300000, 0x0000000089300000| Complete 
| 148|0x0000000089400000, 0x0000000089400000, 0x0000000089500000|  0%| F|  |TAMS 0x0000000089400000, 0x0000000089400000| Untracked 
| 149|0x0000000089500000, 0x0000000089500000, 0x0000000089600000|  0%| F|  |TAMS 0x0000000089500000, 0x0000000089500000| Untracked 
| 150|0x0000000089600000, 0x0000000089600000, 0x0000000089700000|  0%| F|  |TAMS 0x0000000089600000, 0x0000000089600000| Untracked 
| 151|0x0000000089700000, 0x0000000089700000, 0x0000000089800000|  0%| F|  |TAMS 0x0000000089700000, 0x0000000089700000| Untracked 
| 152|0x0000000089800000, 0x0000000089800000, 0x0000000089900000|  0%| F|  |TAMS 0x0000000089800000, 0x0000000089800000| Untracked 
| 153|0x0000000089900000, 0x0000000089900000, 0x0000000089a00000|  0%| F|  |TAMS 0x0000000089900000, 0x0000000089900000| Untracked 
| 154|0x0000000089a00000, 0x0000000089a00000, 0x0000000089b00000|  0%| F|  |TAMS 0x0000000089a00000, 0x0000000089a00000| Untracked 
| 155|0x0000000089b00000, 0x0000000089b00000, 0x0000000089c00000|  0%| F|  |TAMS 0x0000000089b00000, 0x0000000089b00000| Untracked 
| 156|0x0000000089c00000, 0x0000000089c00000, 0x0000000089d00000|  0%| F|  |TAMS 0x0000000089c00000, 0x0000000089c00000| Untracked 
| 157|0x0000000089d00000, 0x0000000089d00000, 0x0000000089e00000|  0%| F|  |TAMS 0x0000000089d00000, 0x0000000089d00000| Untracked 
| 158|0x0000000089e00000, 0x0000000089e00000, 0x0000000089f00000|  0%| F|  |TAMS 0x0000000089e00000, 0x0000000089e00000| Untracked 
| 159|0x0000000089f00000, 0x0000000089f00000, 0x000000008a000000|  0%| F|  |TAMS 0x0000000089f00000, 0x0000000089f00000| Untracked 
| 160|0x000000008a000000, 0x000000008a000000, 0x000000008a100000|  0%| F|  |TAMS 0x000000008a000000, 0x000000008a000000| Untracked 
| 161|0x000000008a100000, 0x000000008a100000, 0x000000008a200000|  0%| F|  |TAMS 0x000000008a100000, 0x000000008a100000| Untracked 
| 162|0x000000008a200000, 0x000000008a200000, 0x000000008a300000|  0%| F|  |TAMS 0x000000008a200000, 0x000000008a200000| Untracked 
| 163|0x000000008a300000, 0x000000008a300000, 0x000000008a400000|  0%| F|  |TAMS 0x000000008a300000, 0x000000008a300000| Untracked 
| 164|0x000000008a400000, 0x000000008a400000, 0x000000008a500000|  0%| F|  |TAMS 0x000000008a400000, 0x000000008a400000| Untracked 
| 165|0x000000008a500000, 0x000000008a500000, 0x000000008a600000|  0%| F|  |TAMS 0x000000008a500000, 0x000000008a500000| Untracked 
| 166|0x000000008a600000, 0x000000008a600000, 0x000000008a700000|  0%| F|  |TAMS 0x000000008a600000, 0x000000008a600000| Untracked 
| 167|0x000000008a700000, 0x000000008a700000, 0x000000008a800000|  0%| F|  |TAMS 0x000000008a700000, 0x000000008a700000| Untracked 
| 168|0x000000008a800000, 0x000000008a800000, 0x000000008a900000|  0%| F|  |TAMS 0x000000008a800000, 0x000000008a800000| Untracked 
| 169|0x000000008a900000, 0x000000008a900000, 0x000000008aa00000|  0%| F|  |TAMS 0x000000008a900000, 0x000000008a900000| Untracked 
| 170|0x000000008aa00000, 0x000000008aa00000, 0x000000008ab00000|  0%| F|  |TAMS 0x000000008aa00000, 0x000000008aa00000| Untracked 
| 171|0x000000008ab00000, 0x000000008ab00000, 0x000000008ac00000|  0%| F|  |TAMS 0x000000008ab00000, 0x000000008ab00000| Untracked 
| 172|0x000000008ac00000, 0x000000008ac00000, 0x000000008ad00000|  0%| F|  |TAMS 0x000000008ac00000, 0x000000008ac00000| Untracked 
| 173|0x000000008ad00000, 0x000000008ad00000, 0x000000008ae00000|  0%| F|  |TAMS 0x000000008ad00000, 0x000000008ad00000| Untracked 
| 174|0x000000008ae00000, 0x000000008ae00000, 0x000000008af00000|  0%| F|  |TAMS 0x000000008ae00000, 0x000000008ae00000| Untracked 
| 175|0x000000008af00000, 0x000000008af00000, 0x000000008b000000|  0%| F|  |TAMS 0x000000008af00000, 0x000000008af00000| Untracked 
| 176|0x000000008b000000, 0x000000008b000000, 0x000000008b100000|  0%| F|  |TAMS 0x000000008b000000, 0x000000008b000000| Untracked 
| 177|0x000000008b100000, 0x000000008b100000, 0x000000008b200000|  0%| F|  |TAMS 0x000000008b100000, 0x000000008b100000| Untracked 
| 178|0x000000008b200000, 0x000000008b200000, 0x000000008b300000|  0%| F|  |TAMS 0x000000008b200000, 0x000000008b200000| Untracked 
| 179|0x000000008b300000, 0x000000008b300000, 0x000000008b400000|  0%| F|  |TAMS 0x000000008b300000, 0x000000008b300000| Untracked 
| 180|0x000000008b400000, 0x000000008b400000, 0x000000008b500000|  0%| F|  |TAMS 0x000000008b400000, 0x000000008b400000| Untracked 
| 181|0x000000008b500000, 0x000000008b500000, 0x000000008b600000|  0%| F|  |TAMS 0x000000008b500000, 0x000000008b500000| Untracked 
| 182|0x000000008b600000, 0x000000008b600000, 0x000000008b700000|  0%| F|  |TAMS 0x000000008b600000, 0x000000008b600000| Untracked 
| 183|0x000000008b700000, 0x000000008b700000, 0x000000008b800000|  0%| F|  |TAMS 0x000000008b700000, 0x000000008b700000| Untracked 
| 184|0x000000008b800000, 0x000000008b800000, 0x000000008b900000|  0%| F|  |TAMS 0x000000008b800000, 0x000000008b800000| Untracked 
| 185|0x000000008b900000, 0x000000008b900000, 0x000000008ba00000|  0%| F|  |TAMS 0x000000008b900000, 0x000000008b900000| Untracked 
| 186|0x000000008ba00000, 0x000000008ba00000, 0x000000008bb00000|  0%| F|  |TAMS 0x000000008ba00000, 0x000000008ba00000| Untracked 
| 187|0x000000008bb00000, 0x000000008bb00000, 0x000000008bc00000|  0%| F|  |TAMS 0x000000008bb00000, 0x000000008bb00000| Untracked 
| 188|0x000000008bc00000, 0x000000008bc00000, 0x000000008bd00000|  0%| F|  |TAMS 0x000000008bc00000, 0x000000008bc00000| Untracked 
| 189|0x000000008bd00000, 0x000000008bd00000, 0x000000008be00000|  0%| F|  |TAMS 0x000000008bd00000, 0x000000008bd00000| Untracked 
| 190|0x000000008be00000, 0x000000008be00000, 0x000000008bf00000|  0%| F|  |TAMS 0x000000008be00000, 0x000000008be00000| Untracked 
| 191|0x000000008bf00000, 0x000000008bf00000, 0x000000008c000000|  0%| F|  |TAMS 0x000000008bf00000, 0x000000008bf00000| Untracked 
| 192|0x000000008c000000, 0x000000008c000000, 0x000000008c100000|  0%| F|  |TAMS 0x000000008c000000, 0x000000008c000000| Untracked 
| 193|0x000000008c100000, 0x000000008c100000, 0x000000008c200000|  0%| F|  |TAMS 0x000000008c100000, 0x000000008c100000| Untracked 
| 194|0x000000008c200000, 0x000000008c200000, 0x000000008c300000|  0%| F|  |TAMS 0x000000008c200000, 0x000000008c200000| Untracked 
| 195|0x000000008c300000, 0x000000008c300000, 0x000000008c400000|  0%| F|  |TAMS 0x000000008c300000, 0x000000008c300000| Untracked 
| 196|0x000000008c400000, 0x000000008c400000, 0x000000008c500000|  0%| F|  |TAMS 0x000000008c400000, 0x000000008c400000| Untracked 
| 197|0x000000008c500000, 0x000000008c500000, 0x000000008c600000|  0%| F|  |TAMS 0x000000008c500000, 0x000000008c500000| Untracked 
| 198|0x000000008c600000, 0x000000008c600000, 0x000000008c700000|  0%| F|  |TAMS 0x000000008c600000, 0x000000008c600000| Untracked 
| 199|0x000000008c700000, 0x000000008c700000, 0x000000008c800000|  0%| F|  |TAMS 0x000000008c700000, 0x000000008c700000| Untracked 
| 200|0x000000008c800000, 0x000000008c800000, 0x000000008c900000|  0%| F|  |TAMS 0x000000008c800000, 0x000000008c800000| Untracked 
| 201|0x000000008c900000, 0x000000008c900000, 0x000000008ca00000|  0%| F|  |TAMS 0x000000008c900000, 0x000000008c900000| Untracked 
| 202|0x000000008ca00000, 0x000000008ca00000, 0x000000008cb00000|  0%| F|  |TAMS 0x000000008ca00000, 0x000000008ca00000| Untracked 
| 203|0x000000008cb00000, 0x000000008cb00000, 0x000000008cc00000|  0%| F|  |TAMS 0x000000008cb00000, 0x000000008cb00000| Untracked 
| 204|0x000000008cc00000, 0x000000008cc00000, 0x000000008cd00000|  0%| F|  |TAMS 0x000000008cc00000, 0x000000008cc00000| Untracked 
| 205|0x000000008cd00000, 0x000000008cd00000, 0x000000008ce00000|  0%| F|  |TAMS 0x000000008cd00000, 0x000000008cd00000| Untracked 
| 206|0x000000008ce00000, 0x000000008ce00000, 0x000000008cf00000|  0%| F|  |TAMS 0x000000008ce00000, 0x000000008ce00000| Untracked 
| 207|0x000000008cf00000, 0x000000008cf00000, 0x000000008d000000|  0%| F|  |TAMS 0x000000008cf00000, 0x000000008cf00000| Untracked 
| 208|0x000000008d000000, 0x000000008d000000, 0x000000008d100000|  0%| F|  |TAMS 0x000000008d000000, 0x000000008d000000| Untracked 
| 209|0x000000008d100000, 0x000000008d100000, 0x000000008d200000|  0%| F|  |TAMS 0x000000008d100000, 0x000000008d100000| Untracked 
| 210|0x000000008d200000, 0x000000008d200000, 0x000000008d300000|  0%| F|  |TAMS 0x000000008d200000, 0x000000008d200000| Untracked 
| 211|0x000000008d300000, 0x000000008d38db78, 0x000000008d400000| 55%| E|  |TAMS 0x000000008d300000, 0x000000008d300000| Complete 
| 212|0x000000008d400000, 0x000000008d500000, 0x000000008d500000|100%| E|CS|TAMS 0x000000008d400000, 0x000000008d400000| Complete 
| 213|0x000000008d500000, 0x000000008d600000, 0x000000008d600000|100%| E|CS|TAMS 0x000000008d500000, 0x000000008d500000| Complete 
| 214|0x000000008d600000, 0x000000008d700000, 0x000000008d700000|100%| E|CS|TAMS 0x000000008d600000, 0x000000008d600000| Complete 
| 215|0x000000008d700000, 0x000000008d800000, 0x000000008d800000|100%| E|CS|TAMS 0x000000008d700000, 0x000000008d700000| Complete 
| 216|0x000000008d800000, 0x000000008d900000, 0x000000008d900000|100%| E|CS|TAMS 0x000000008d800000, 0x000000008d800000| Complete 
| 217|0x000000008d900000, 0x000000008da00000, 0x000000008da00000|100%| E|CS|TAMS 0x000000008d900000, 0x000000008d900000| Complete 
| 218|0x000000008da00000, 0x000000008db00000, 0x000000008db00000|100%| E|CS|TAMS 0x000000008da00000, 0x000000008da00000| Complete 
| 219|0x000000008db00000, 0x000000008dc00000, 0x000000008dc00000|100%| E|  |TAMS 0x000000008db00000, 0x000000008db00000| Complete 
| 220|0x000000008dc00000, 0x000000008dd00000, 0x000000008dd00000|100%| E|CS|TAMS 0x000000008dc00000, 0x000000008dc00000| Complete 
| 221|0x000000008dd00000, 0x000000008de00000, 0x000000008de00000|100%| E|CS|TAMS 0x000000008dd00000, 0x000000008dd00000| Complete 
| 222|0x000000008de00000, 0x000000008df00000, 0x000000008df00000|100%| E|CS|TAMS 0x000000008de00000, 0x000000008de00000| Complete 
| 223|0x000000008df00000, 0x000000008e000000, 0x000000008e000000|100%| E|CS|TAMS 0x000000008df00000, 0x000000008df00000| Complete 
| 224|0x000000008e000000, 0x000000008e100000, 0x000000008e100000|100%| E|CS|TAMS 0x000000008e000000, 0x000000008e000000| Complete 
| 225|0x000000008e100000, 0x000000008e200000, 0x000000008e200000|100%| E|CS|TAMS 0x000000008e100000, 0x000000008e100000| Complete 
| 226|0x000000008e200000, 0x000000008e300000, 0x000000008e300000|100%| E|CS|TAMS 0x000000008e200000, 0x000000008e200000| Complete 
| 227|0x000000008e300000, 0x000000008e400000, 0x000000008e400000|100%| E|CS|TAMS 0x000000008e300000, 0x000000008e300000| Complete 
| 228|0x000000008e400000, 0x000000008e500000, 0x000000008e500000|100%| E|CS|TAMS 0x000000008e400000, 0x000000008e400000| Complete 
| 229|0x000000008e500000, 0x000000008e600000, 0x000000008e600000|100%| E|CS|TAMS 0x000000008e500000, 0x000000008e500000| Complete 
| 230|0x000000008e600000, 0x000000008e700000, 0x000000008e700000|100%| E|CS|TAMS 0x000000008e600000, 0x000000008e600000| Complete 
| 231|0x000000008e700000, 0x000000008e800000, 0x000000008e800000|100%| E|CS|TAMS 0x000000008e700000, 0x000000008e700000| Complete 
| 232|0x000000008e800000, 0x000000008e900000, 0x000000008e900000|100%| E|CS|TAMS 0x000000008e800000, 0x000000008e800000| Complete 
| 233|0x000000008e900000, 0x000000008ea00000, 0x000000008ea00000|100%| E|CS|TAMS 0x000000008e900000, 0x000000008e900000| Complete 
| 234|0x000000008ea00000, 0x000000008eb00000, 0x000000008eb00000|100%| E|CS|TAMS 0x000000008ea00000, 0x000000008ea00000| Complete 
| 235|0x000000008eb00000, 0x000000008ec00000, 0x000000008ec00000|100%| E|CS|TAMS 0x000000008eb00000, 0x000000008eb00000| Complete 
| 236|0x000000008ec00000, 0x000000008ed00000, 0x000000008ed00000|100%| E|CS|TAMS 0x000000008ec00000, 0x000000008ec00000| Complete 
| 237|0x000000008ed00000, 0x000000008ee00000, 0x000000008ee00000|100%| E|CS|TAMS 0x000000008ed00000, 0x000000008ed00000| Complete 
| 238|0x000000008ee00000, 0x000000008ef00000, 0x000000008ef00000|100%| E|CS|TAMS 0x000000008ee00000, 0x000000008ee00000| Complete 
| 239|0x000000008ef00000, 0x000000008f000000, 0x000000008f000000|100%| E|CS|TAMS 0x000000008ef00000, 0x000000008ef00000| Complete 
| 240|0x000000008f000000, 0x000000008f100000, 0x000000008f100000|100%| E|CS|TAMS 0x000000008f000000, 0x000000008f000000| Complete 

Card table byte_map: [0x0000025a7f2f0000,0x0000025a7f6f0000] _byte_map_base: 0x0000025a7eef0000

Marking Bits (Prev, Next): (CMBitMap*) 0x0000025a7eb537f0, (CMBitMap*) 0x0000025a7eb537b0
 Prev Bits: [0x0000025a14400000, 0x0000025a16400000)
 Next Bits: [0x0000025a12400000, 0x0000025a14400000)

Polling page: 0x0000025a7e2c0000

Metaspace:

Usage:
  Non-class:     84.83 MB used.
      Class:     13.38 MB used.
       Both:     98.21 MB used.

Virtual space:
  Non-class space:       88.00 MB reserved,      85.19 MB ( 97%) committed,  11 nodes.
      Class space:        1.00 GB reserved,      13.75 MB (  1%) committed,  1 nodes.
             Both:        1.09 GB reserved,      98.94 MB (  9%) committed. 

Chunk freelists:
   Non-Class:  2.59 MB
       Class:  2.29 MB
        Both:  4.89 MB

MaxMetaspaceSize: unlimited
CompressedClassSpaceSize: 1.00 GB
Initial GC threshold: 21.00 MB
Current GC threshold: 151.81 MB
CDS: off
MetaspaceReclaimPolicy: balanced
 - commit_granule_bytes: 65536.
 - commit_granule_words: 8192.
 - virtual_space_node_default_size: 1048576.
 - enlarge_chunks_in_place: 1.
 - new_chunks_are_fully_committed: 0.
 - uncommit_free_chunks: 1.
 - use_allocation_guard: 0.
 - handle_deallocations: 1.


Internal statistics:

num_allocs_failed_limit: 6.
num_arena_births: 1108.
num_arena_deaths: 0.
num_vsnodes_births: 12.
num_vsnodes_deaths: 0.
num_space_committed: 1582.
num_space_uncommitted: 0.
num_chunks_returned_to_freelist: 6.
num_chunks_taken_from_freelist: 4912.
num_chunk_merges: 6.
num_chunk_splits: 3224.
num_chunks_enlarged: 2129.
num_purges: 0.
num_inconsistent_stats: 0.

CodeHeap 'non-profiled nmethods': size=120000Kb used=6193Kb max_used=6193Kb free=113806Kb
 bounds [0x0000025a0aed0000, 0x0000025a0b4e0000, 0x0000025a12400000]
CodeHeap 'profiled nmethods': size=120000Kb used=20923Kb max_used=20923Kb free=99076Kb
 bounds [0x0000025a03400000, 0x0000025a04870000, 0x0000025a0a930000]
CodeHeap 'non-nmethods': size=5760Kb used=2405Kb max_used=2452Kb free=3354Kb
 bounds [0x0000025a0a930000, 0x0000025a0aba0000, 0x0000025a0aed0000]
 total_blobs=11795 nmethods=10850 adapters=857
 compilation: enabled
              stopped_count=0, restarted_count=0
 full_count=0

Compilation events (20 events):
Event: 17.053 Thread 0x0000025a19441970 12361       3       org.gradle.api.internal.artifacts.transform.ConsumerProvidedVariantFinder$$Lambda$1100/0x0000000100cecda8::<init> (15 bytes)
Event: 17.054 Thread 0x0000025a19441970 nmethod 12361 0x0000025a04853590 code [0x0000025a04853740, 0x0000025a04853958]
Event: 17.054 Thread 0x0000025a19441970 12358       3       java.io.OutputStreamWriter::flushBuffer (8 bytes)
Event: 17.054 Thread 0x0000025a19441970 nmethod 12358 0x0000025a04853a10 code [0x0000025a04853bc0, 0x0000025a04853d08]
Event: 17.054 Thread 0x0000025a19441970 12353       3       org.gradle.api.internal.tasks.execution.ExecuteTaskBuildOperationDetails::getTask (8 bytes)
Event: 17.054 Thread 0x0000025a19441970 nmethod 12353 0x0000025a04853e10 code [0x0000025a04853fa0, 0x0000025a048540d8]
Event: 17.054 Thread 0x0000025a19441970 12351       3       org.gradle.internal.execution.steps.SkipUpToDateStep::execute (72 bytes)
Event: 17.058 Thread 0x0000025a19441970 nmethod 12351 0x0000025a04854190 code [0x0000025a04854600, 0x0000025a04856a88]
Event: 17.058 Thread 0x0000025a19441970 12374       3       java.nio.file.FileTreeWalker::close (30 bytes)
Event: 17.059 Thread 0x0000025a19441970 nmethod 12374 0x0000025a04857690 code [0x0000025a048578a0, 0x0000025a04858088]
Event: 17.059 Thread 0x0000025a19441970 12369       3       org.gradle.internal.work.DefaultWorkerLeaseService::locksNotHeld (36 bytes)
Event: 17.059 Thread 0x0000025a19441970 nmethod 12369 0x0000025a04858390 code [0x0000025a04858580, 0x0000025a04858a28]
Event: 17.059 Thread 0x0000025a19441970 12365       1       org.gradle.internal.logging.events.RenderableOutputEvent::getBuildOperationId (5 bytes)
Event: 17.059 Thread 0x0000025a19441970 nmethod 12365 0x0000025a0b4daf90 code [0x0000025a0b4db120, 0x0000025a0b4db1f8]
Event: 17.060 Thread 0x0000025a19441970 12377       3       java.nio.file.FileTreeIterator::fetchNextIfNeeded (65 bytes)
Event: 17.061 Thread 0x0000025a19441970 nmethod 12377 0x0000025a04858c10 code [0x0000025a04858e00, 0x0000025a048592c8]
Event: 17.061 Thread 0x0000025a19441970 12376       3       java.nio.file.FileTreeWalker::isOpen (13 bytes)
Event: 17.061 Thread 0x0000025a19441970 nmethod 12376 0x0000025a04859490 code [0x0000025a04859620, 0x0000025a04859798]
Event: 17.062 Thread 0x0000025a19441970 12378       3       com.google.common.cache.Striped64$Cell::cas (13 bytes)
Event: 17.062 Thread 0x0000025a19441970 nmethod 12378 0x0000025a04859810 code [0x0000025a048599a0, 0x0000025a04859b38]

GC Heap History (20 events):
Event: 10.674 GC heap before
{Heap before GC invocations=26 (full 0):
 garbage-first heap   total 141312K, used 104660K [0x0000000080000000, 0x0000000100000000)
  region size 1024K, 46 young (47104K), 4 survivors (4096K)
 Metaspace       used 74286K, committed 74880K, reserved 1114112K
  class space    used 9879K, committed 10176K, reserved 1048576K
}
Event: 10.680 GC heap after
{Heap after GC invocations=27 (full 0):
 garbage-first heap   total 141312K, used 64560K [0x0000000080000000, 0x0000000100000000)
  region size 1024K, 6 young (6144K), 6 survivors (6144K)
 Metaspace       used 74286K, committed 74880K, reserved 1114112K
  class space    used 9879K, committed 10176K, reserved 1048576K
}
Event: 11.335 GC heap before
{Heap before GC invocations=27 (full 0):
 garbage-first heap   total 141312K, used 108592K [0x0000000080000000, 0x0000000100000000)
  region size 1024K, 48 young (49152K), 6 survivors (6144K)
 Metaspace       used 77398K, committed 78016K, reserved 1122304K
  class space    used 10291K, committed 10560K, reserved 1048576K
}
Event: 11.345 GC heap after
{Heap after GC invocations=28 (full 0):
 garbage-first heap   total 141312K, used 67993K [0x0000000080000000, 0x0000000100000000)
  region size 1024K, 6 young (6144K), 6 survivors (6144K)
 Metaspace       used 77398K, committed 78016K, reserved 1122304K
  class space    used 10291K, committed 10560K, reserved 1048576K
}
Event: 12.204 GC heap before
{Heap before GC invocations=28 (full 0):
 garbage-first heap   total 141312K, used 109977K [0x0000000080000000, 0x0000000100000000)
  region size 1024K, 47 young (48128K), 6 survivors (6144K)
 Metaspace       used 82337K, committed 82944K, reserved 1122304K
  class space    used 11172K, committed 11456K, reserved 1048576K
}
Event: 12.211 GC heap after
{Heap after GC invocations=29 (full 0):
 garbage-first heap   total 141312K, used 70474K [0x0000000080000000, 0x0000000100000000)
  region size 1024K, 3 young (3072K), 3 survivors (3072K)
 Metaspace       used 82337K, committed 82944K, reserved 1122304K
  class space    used 11172K, committed 11456K, reserved 1048576K
}
Event: 13.017 GC heap before
{Heap before GC invocations=29 (full 0):
 garbage-first heap   total 141312K, used 112458K [0x0000000080000000, 0x0000000100000000)
  region size 1024K, 44 young (45056K), 3 survivors (3072K)
 Metaspace       used 86361K, committed 86976K, reserved 1130496K
  class space    used 11754K, committed 12032K, reserved 1048576K
}
Event: 13.026 GC heap after
{Heap after GC invocations=30 (full 0):
 garbage-first heap   total 141312K, used 73607K [0x0000000080000000, 0x0000000100000000)
  region size 1024K, 6 young (6144K), 6 survivors (6144K)
 Metaspace       used 86361K, committed 86976K, reserved 1130496K
  class space    used 11754K, committed 12032K, reserved 1048576K
}
Event: 13.789 GC heap before
{Heap before GC invocations=31 (full 0):
 garbage-first heap   total 141312K, used 113543K [0x0000000080000000, 0x0000000100000000)
  region size 1024K, 45 young (46080K), 6 survivors (6144K)
 Metaspace       used 91316K, committed 91904K, reserved 1130496K
  class space    used 12474K, committed 12736K, reserved 1048576K
}
Event: 13.797 GC heap after
{Heap after GC invocations=32 (full 0):
 garbage-first heap   total 141312K, used 77504K [0x0000000080000000, 0x0000000100000000)
  region size 1024K, 4 young (4096K), 4 survivors (4096K)
 Metaspace       used 91316K, committed 91904K, reserved 1130496K
  class space    used 12474K, committed 12736K, reserved 1048576K
}
Event: 13.827 GC heap before
{Heap before GC invocations=32 (full 0):
 garbage-first heap   total 141312K, used 79552K [0x0000000080000000, 0x0000000100000000)
  region size 1024K, 6 young (6144K), 4 survivors (4096K)
 Metaspace       used 91448K, committed 92096K, reserved 1130496K
  class space    used 12489K, committed 12800K, reserved 1048576K
}
Event: 13.832 GC heap after
{Heap after GC invocations=33 (full 0):
 garbage-first heap   total 141312K, used 77402K [0x0000000080000000, 0x0000000100000000)
  region size 1024K, 1 young (1024K), 1 survivors (1024K)
 Metaspace       used 91448K, committed 92096K, reserved 1130496K
  class space    used 12489K, committed 12800K, reserved 1048576K
}
Event: 14.236 GC heap before
{Heap before GC invocations=33 (full 0):
 garbage-first heap   total 141312K, used 114266K [0x0000000080000000, 0x0000000100000000)
  region size 1024K, 37 young (37888K), 1 survivors (1024K)
 Metaspace       used 92567K, committed 93248K, reserved 1130496K
  class space    used 12639K, committed 12928K, reserved 1048576K
}
Event: 14.244 GC heap after
{Heap after GC invocations=34 (full 0):
 garbage-first heap   total 246784K, used 81644K [0x0000000080000000, 0x0000000100000000)
  region size 1024K, 5 young (5120K), 5 survivors (5120K)
 Metaspace       used 92567K, committed 93248K, reserved 1130496K
  class space    used 12639K, committed 12928K, reserved 1048576K
}
Event: 15.563 GC heap before
{Heap before GC invocations=35 (full 0):
 garbage-first heap   total 246784K, used 191212K [0x0000000080000000, 0x0000000100000000)
  region size 1024K, 113 young (115712K), 5 survivors (5120K)
 Metaspace       used 95334K, committed 96000K, reserved 1138688K
  class space    used 13086K, committed 13376K, reserved 1048576K
}
Event: 15.581 GC heap after
{Heap after GC invocations=36 (full 0):
 garbage-first heap   total 246784K, used 91961K [0x0000000080000000, 0x0000000100000000)
  region size 1024K, 15 young (15360K), 15 survivors (15360K)
 Metaspace       used 95334K, committed 96000K, reserved 1138688K
  class space    used 13086K, committed 13376K, reserved 1048576K
}
Event: 15.589 GC heap before
{Heap before GC invocations=36 (full 0):
 garbage-first heap   total 246784K, used 91961K [0x0000000080000000, 0x0000000100000000)
  region size 1024K, 16 young (16384K), 15 survivors (15360K)
 Metaspace       used 95343K, committed 96000K, reserved 1138688K
  class space    used 13086K, committed 13376K, reserved 1048576K
}
Event: 15.604 GC heap after
{Heap after GC invocations=37 (full 0):
 garbage-first heap   total 246784K, used 92970K [0x0000000080000000, 0x0000000100000000)
  region size 1024K, 2 young (2048K), 2 survivors (2048K)
 Metaspace       used 95343K, committed 96000K, reserved 1138688K
  class space    used 13086K, committed 13376K, reserved 1048576K
}
Event: 16.883 GC heap before
{Heap before GC invocations=37 (full 0):
 garbage-first heap   total 246784K, used 185130K [0x0000000080000000, 0x0000000100000000)
  region size 1024K, 93 young (95232K), 2 survivors (2048K)
 Metaspace       used 99275K, committed 99968K, reserved 1138688K
  class space    used 13596K, committed 13888K, reserved 1048576K
}
Event: 16.893 GC heap after
{Heap after GC invocations=38 (full 0):
 garbage-first heap   total 246784K, used 98963K [0x0000000080000000, 0x0000000100000000)
  region size 1024K, 8 young (8192K), 8 survivors (8192K)
 Metaspace       used 99275K, committed 99968K, reserved 1138688K
  class space    used 13596K, committed 13888K, reserved 1048576K
}

Dll operation events (2 events):
Event: 0.006 Loaded shared library C:\Program Files\Android\Android Studio\jbr\bin\java.dll
Event: 0.337 Loaded shared library C:\Program Files\Android\Android Studio\jbr\bin\verify.dll

Deoptimization events (20 events):
Event: 17.025 Thread 0x0000025a1ecdd100 Uncommon trap: trap_request=0xffffffc6 fr.pc=0x0000025a0b4014e8 relative=0x0000000000000d28
Event: 17.025 Thread 0x0000025a1ecdd100 Uncommon trap: reason=bimorphic_or_optimized_type_check action=maybe_recompile pc=0x0000025a0b4014e8 method=com.google.common.collect.AbstractMapBasedMultimap.get(Ljava/lang/Object;)Ljava/util/Collection; @ 5 c2
Event: 17.025 Thread 0x0000025a1ecdd100 DEOPT PACKING pc=0x0000025a0b4014e8 sp=0x000000fca30fb690
Event: 17.025 Thread 0x0000025a1ecdd100 DEOPT UNPACKING pc=0x0000025a0a9869a3 sp=0x000000fca30fb628 mode 2
Event: 17.025 Thread 0x0000025a1ecdd100 Uncommon trap: trap_request=0xffffffc6 fr.pc=0x0000025a0b4014e8 relative=0x0000000000000d28
Event: 17.025 Thread 0x0000025a1ecdd100 Uncommon trap: reason=bimorphic_or_optimized_type_check action=maybe_recompile pc=0x0000025a0b4014e8 method=com.google.common.collect.AbstractMapBasedMultimap.get(Ljava/lang/Object;)Ljava/util/Collection; @ 5 c2
Event: 17.025 Thread 0x0000025a1ecdd100 DEOPT PACKING pc=0x0000025a0b4014e8 sp=0x000000fca30fb620
Event: 17.025 Thread 0x0000025a1ecdd100 DEOPT UNPACKING pc=0x0000025a0a9869a3 sp=0x000000fca30fb5b8 mode 2
Event: 17.038 Thread 0x0000025a22758260 Uncommon trap: trap_request=0xffffff45 fr.pc=0x0000025a0b4d3a9c relative=0x000000000000083c
Event: 17.038 Thread 0x0000025a22758260 Uncommon trap: reason=unstable_if action=reinterpret pc=0x0000025a0b4d3a9c method=java.lang.String.regionMatches(ZILjava/lang/String;II)Z @ 21 c2
Event: 17.038 Thread 0x0000025a22758260 DEOPT PACKING pc=0x0000025a0b4d3a9c sp=0x000000fca34fd650
Event: 17.038 Thread 0x0000025a22758260 DEOPT UNPACKING pc=0x0000025a0a9869a3 sp=0x000000fca34fd540 mode 2
Event: 17.042 Thread 0x0000025a1ece2c70 Uncommon trap: trap_request=0xffffffc6 fr.pc=0x0000025a0b2adf84 relative=0x00000000000000e4
Event: 17.042 Thread 0x0000025a1ece2c70 Uncommon trap: reason=bimorphic_or_optimized_type_check action=maybe_recompile pc=0x0000025a0b2adf84 method=com.google.common.collect.RegularImmutableMap.checkNoConflictInKeyBucket(Ljava/lang/Object;Ljava/lang/Object;Lcom/google/common/collect/ImmutableMa
Event: 17.042 Thread 0x0000025a1ece2c70 DEOPT PACKING pc=0x0000025a0b2adf84 sp=0x000000fca2bfcd10
Event: 17.042 Thread 0x0000025a1ece2c70 DEOPT UNPACKING pc=0x0000025a0a9869a3 sp=0x000000fca2bfcca8 mode 2
Event: 17.042 Thread 0x0000025a22758260 DEOPT PACKING pc=0x0000025a0479bfec sp=0x000000fca34fd800
Event: 17.042 Thread 0x0000025a22758260 DEOPT UNPACKING pc=0x0000025a0a987143 sp=0x000000fca34fcd58 mode 0
Event: 17.062 Thread 0x0000025a1b9dba60 DEOPT PACKING pc=0x0000025a0479bfec sp=0x000000fca20fc480
Event: 17.062 Thread 0x0000025a1b9dba60 DEOPT UNPACKING pc=0x0000025a0a987143 sp=0x000000fca20fb9d8 mode 0

Classes unloaded (0 events):
No events

Classes redefined (0 events):
No events

Internal exceptions (20 events):
Event: 14.889 Thread 0x0000025a1b9db590 Exception <a 'java/lang/NoSuchMethodError'{0x000000008beba350}: 'java.lang.Object java.lang.invoke.DirectMethodHandle$Holder.invokeSpecialIFC(java.lang.Object, java.lang.Object, java.lang.Object)'> (0x000000008beba350) 
thrown [s\src\hotspot\share\interpreter\linkResolver.cpp, line 771]
Event: 14.889 Thread 0x0000025a1b9dd740 Exception <a 'java/lang/NoSuchMethodError'{0x000000008be61490}: 'java.lang.Object java.lang.invoke.DirectMethodHandle$Holder.invokeSpecialIFC(java.lang.Object, java.lang.Object, java.lang.Object)'> (0x000000008be61490) 
thrown [s\src\hotspot\share\interpreter\linkResolver.cpp, line 771]
Event: 14.889 Thread 0x0000025a1b9ddc10 Exception <a 'java/lang/NoSuchMethodError'{0x000000008befc900}: 'java.lang.Object java.lang.invoke.DirectMethodHandle$Holder.invokeSpecialIFC(java.lang.Object, java.lang.Object, java.lang.Object)'> (0x000000008befc900) 
thrown [s\src\hotspot\share\interpreter\linkResolver.cpp, line 771]
Event: 15.521 Thread 0x0000025a1ecdf780 Exception <a 'java/lang/NoSuchMethodError'{0x000000008860a548}: static Lcom/android/build/gradle/internal/scope/InternalArtifactType;.<clinit>()V> (0x000000008860a548) 
thrown [s\src\hotspot\share\prims\jni.cpp, line 1108]
Event: 15.521 Thread 0x0000025a1ecdf780 Exception <a 'java/lang/NoSuchMethodError'{0x000000008860bf48}: static Lcom/android/build/gradle/internal/scope/InternalArtifactType;.<clinit>()V> (0x000000008860bf48) 
thrown [s\src\hotspot\share\prims\jni.cpp, line 1108]
Event: 15.522 Thread 0x0000025a1ecdf780 Exception <a 'java/lang/NoSuchMethodError'{0x000000008860f390}: static Lcom/android/build/api/artifact/Artifact$Single;.<clinit>()V> (0x000000008860f390) 
thrown [s\src\hotspot\share\prims\jni.cpp, line 1108]
Event: 15.522 Thread 0x0000025a1ecdf780 Exception <a 'java/lang/NoSuchMethodError'{0x0000000088611bc8}: static Ljava/lang/Object;.<clinit>()V> (0x0000000088611bc8) 
thrown [s\src\hotspot\share\prims\jni.cpp, line 1108]
Event: 15.523 Thread 0x0000025a1ecdf780 Exception <a 'java/lang/NoSuchMethodError'{0x000000008862b2a0}: static Lcom/android/build/api/artifact/ArtifactKind;.<clinit>()V> (0x000000008862b2a0) 
thrown [s\src\hotspot\share\prims\jni.cpp, line 1108]
Event: 15.523 Thread 0x0000025a1ecdf780 Exception <a 'java/lang/NoSuchMethodError'{0x000000008862c708}: static Lcom/android/build/api/artifact/ArtifactKind;.<clinit>()V> (0x000000008862c708) 
thrown [s\src\hotspot\share\prims\jni.cpp, line 1108]
Event: 15.802 Thread 0x0000025a1ecdf780 Exception <a 'java/lang/NoSuchMethodError'{0x000000008da3b5c8}: 'int java.lang.invoke.DirectMethodHandle$Holder.invokeSpecial(java.lang.Object, java.lang.Object, java.lang.Object, java.lang.Object, java.lang.Object)'> (0x000000008da3b5c8) 
thrown [s\src\hotspot\share\interpreter\linkResolver.cpp, line 771]
Event: 15.919 Thread 0x0000025a1ecdf780 Exception <a 'java/lang/NoSuchMethodError'{0x000000008d059ca0}: 'void java.lang.invoke.DirectMethodHandle$Holder.invokeVirtual(java.lang.Object, java.lang.Object)'> (0x000000008d059ca0) 
thrown [s\src\hotspot\share\interpreter\linkResolver.cpp, line 771]
Event: 16.552 Thread 0x0000025a1ecdf780 Exception <a 'java/lang/NoSuchMethodError'{0x000000008b7d1430}: static Lorg/jetbrains/kotlin/incremental/ChangedFiles$Unknown;.<clinit>()V> (0x000000008b7d1430) 
thrown [s\src\hotspot\share\prims\jni.cpp, line 1108]
Event: 16.554 Thread 0x0000025a1ecdf780 Exception <a 'java/lang/NoSuchMethodError'{0x000000008b7f1f20}: static Lorg/jetbrains/kotlin/incremental/ClasspathChanges;.<clinit>()V> (0x000000008b7f1f20) 
thrown [s\src\hotspot\share\prims\jni.cpp, line 1108]
Event: 16.554 Thread 0x0000025a1ecdf780 Exception <a 'java/lang/NoSuchMethodError'{0x000000008b7f3728}: static Lorg/jetbrains/kotlin/incremental/ClasspathChanges;.<clinit>()V> (0x000000008b7f3728) 
thrown [s\src\hotspot\share\prims\jni.cpp, line 1108]
Event: 16.582 Thread 0x0000025a1ecdd100 Exception <a 'sun/nio/fs/WindowsException'{0x000000008e68c100}> (0x000000008e68c100) 
thrown [s\src\hotspot\share\prims\jni.cpp, line 517]
Event: 16.747 Thread 0x0000025a1ece3140 Exception <a 'java/lang/NoSuchMethodError'{0x000000008a5839b0}: 'void java.lang.invoke.DirectMethodHandle$Holder.invokeStatic(java.lang.Object, long)'> (0x000000008a5839b0) 
thrown [s\src\hotspot\share\interpreter\linkResolver.cpp, line 771]
Event: 16.748 Thread 0x0000025a1ece3140 Exception <a 'java/lang/NoSuchMethodError'{0x000000008a495408}: 'java.lang.Object java.lang.invoke.DirectMethodHandle$Holder.newInvokeSpecial(java.lang.Object, long)'> (0x000000008a495408) 
thrown [s\src\hotspot\share\interpreter\linkResolver.cpp, line 771]
Event: 16.751 Thread 0x0000025a1ece3140 Exception <a 'java/lang/NoSuchMethodError'{0x000000008a49c0c8}: 'java.lang.Object java.lang.invoke.DirectMethodHandle$Holder.invokeStatic(java.lang.Object, java.lang.Object, long, java.lang.Object)'> (0x000000008a49c0c8) 
thrown [s\src\hotspot\share\interpreter\linkResolver.cpp, line 771]
Event: 16.752 Thread 0x0000025a1ece3140 Exception <a 'java/lang/NoSuchMethodError'{0x000000008a49fb48}: 'java.lang.Object java.lang.invoke.DirectMethodHandle$Holder.invokeStaticInit(java.lang.Object, java.lang.Object, long, java.lang.Object)'> (0x000000008a49fb48) 
thrown [s\src\hotspot\share\interpreter\linkResolver.cpp, line 771]
Event: 17.048 Thread 0x0000025a1ece2c70 Exception <a 'sun/nio/fs/WindowsException'{0x000000008e1c7240}> (0x000000008e1c7240) 
thrown [s\src\hotspot\share\prims\jni.cpp, line 517]

VM Operations (20 events):
Event: 15.787 Executing VM operation: ICBufferFull
Event: 15.787 Executing VM operation: ICBufferFull done
Event: 15.796 Executing VM operation: HandshakeAllThreads
Event: 15.796 Executing VM operation: HandshakeAllThreads done
Event: 15.799 Executing VM operation: HandshakeAllThreads
Event: 15.799 Executing VM operation: HandshakeAllThreads done
Event: 15.801 Executing VM operation: HandshakeAllThreads
Event: 15.801 Executing VM operation: HandshakeAllThreads done
Event: 16.072 Executing VM operation: ICBufferFull
Event: 16.072 Executing VM operation: ICBufferFull done
Event: 16.459 Executing VM operation: HandshakeAllThreads
Event: 16.459 Executing VM operation: HandshakeAllThreads done
Event: 16.583 Executing VM operation: ICBufferFull
Event: 16.585 Executing VM operation: ICBufferFull done
Event: 16.756 Executing VM operation: HandshakeAllThreads
Event: 16.772 Executing VM operation: HandshakeAllThreads done
Event: 16.883 Executing VM operation: G1CollectForAllocation
Event: 16.893 Executing VM operation: G1CollectForAllocation done
Event: 16.994 Executing VM operation: HandshakeAllThreads
Event: 16.994 Executing VM operation: HandshakeAllThreads done

Events (20 events):
Event: 16.985 loading class java/time/temporal/TemporalQueries$2
Event: 16.985 loading class java/time/temporal/TemporalQueries$2 done
Event: 16.985 loading class java/time/temporal/TemporalQueries$3
Event: 16.985 loading class java/time/temporal/TemporalQueries$3 done
Event: 16.985 loading class java/time/temporal/TemporalQueries$4
Event: 16.985 loading class java/time/temporal/TemporalQueries$4 done
Event: 16.985 loading class java/time/temporal/TemporalQueries$5
Event: 16.985 loading class java/time/temporal/TemporalQueries$5 done
Event: 16.985 loading class java/time/temporal/TemporalQueries$6
Event: 16.986 loading class java/time/temporal/TemporalQueries$6 done
Event: 16.986 loading class java/time/temporal/TemporalQueries$7
Event: 16.986 loading class java/time/temporal/TemporalQueries$7 done
Event: 16.986 loading class java/time/LocalDate$1
Event: 16.986 loading class java/time/LocalDate$1 done
Event: 16.986 loading class java/time/format/DateTimeFormatterBuilder$2
Event: 16.986 loading class java/time/format/DateTimeFormatterBuilder$2 done
Event: 16.999 Thread 0x0000025a1f5bb210 Thread added: 0x0000025a1f5bb210
Event: 17.020 Thread 0x0000025a22758260 Thread added: 0x0000025a22758260
Event: 17.034 loading class java/nio/file/FileTreeIterator
Event: 17.034 loading class java/nio/file/FileTreeIterator done


Dynamic libraries:
0x00007ff76a0b0000 - 0x00007ff76a0ba000 	C:\Program Files\Android\Android Studio\jbr\bin\java.exe
0x00007ff822430000 - 0x00007ff822644000 	C:\Windows\SYSTEM32\ntdll.dll
0x00007ff8217e0000 - 0x00007ff8218a3000 	C:\Windows\System32\KERNEL32.DLL
0x00007ff81fc40000 - 0x00007ff81ffdd000 	C:\Windows\System32\KERNELBASE.dll
0x00007ff81f850000 - 0x00007ff81f961000 	C:\Windows\System32\ucrtbase.dll
0x00007ff819240000 - 0x00007ff81925b000 	C:\Program Files\Android\Android Studio\jbr\bin\VCRUNTIME140.dll
0x00007ff810a30000 - 0x00007ff810a47000 	C:\Program Files\Android\Android Studio\jbr\bin\jli.dll
0x00007ff822240000 - 0x00007ff8223ed000 	C:\Windows\System32\USER32.dll
0x00007ff812020000 - 0x00007ff8122ae000 	C:\Windows\WinSxS\amd64_microsoft.windows.common-controls_6595b64144ccf1df_6.0.22621.608_none_a9444ca7c10bb01d\COMCTL32.dll
0x00007ff81f970000 - 0x00007ff81f996000 	C:\Windows\System32\win32u.dll
0x00007ff821700000 - 0x00007ff8217a7000 	C:\Windows\System32\msvcrt.dll
0x00007ff8217b0000 - 0x00007ff8217d9000 	C:\Windows\System32\GDI32.dll
0x00007ff81ffe0000 - 0x00007ff8200f2000 	C:\Windows\System32\gdi32full.dll
0x00007ff820100000 - 0x00007ff82019a000 	C:\Windows\System32\msvcp_win.dll
0x00007ff821a60000 - 0x00007ff821a92000 	C:\Windows\System32\IMM32.DLL
0x00007ff816830000 - 0x00007ff81683c000 	C:\Program Files\Android\Android Studio\jbr\bin\vcruntime140_1.dll
0x00007ff802780000 - 0x00007ff80280d000 	C:\Program Files\Android\Android Studio\jbr\bin\msvcp140.dll
0x00007ffff9780000 - 0x00007ffffa3ee000 	C:\Program Files\Android\Android Studio\jbr\bin\server\jvm.dll
0x00007ff822190000 - 0x00007ff82223e000 	C:\Windows\System32\ADVAPI32.dll
0x00007ff821aa0000 - 0x00007ff821b44000 	C:\Windows\System32\sechost.dll
0x00007ff821d60000 - 0x00007ff821e75000 	C:\Windows\System32\RPCRT4.dll
0x00007ff81b770000 - 0x00007ff81b779000 	C:\Windows\SYSTEM32\WSOCK32.dll
0x00007ff821f90000 - 0x00007ff822001000 	C:\Windows\System32\WS2_32.dll
0x00007ff819260000 - 0x00007ff819294000 	C:\Windows\SYSTEM32\WINMM.dll
0x00007ff81d4a0000 - 0x00007ff81d4aa000 	C:\Windows\SYSTEM32\VERSION.dll
0x00007ff81e8b0000 - 0x00007ff81e8c8000 	C:\Windows\SYSTEM32\kernel.appcore.dll
0x00007ff81b550000 - 0x00007ff81b55a000 	C:\Program Files\Android\Android Studio\jbr\bin\jimage.dll
0x00007ff80dc30000 - 0x00007ff80de5e000 	C:\Windows\SYSTEM32\DBGHELP.DLL
0x00007ff820740000 - 0x00007ff820aca000 	C:\Windows\System32\combase.dll
0x00007ff821500000 - 0x00007ff8215d7000 	C:\Windows\System32\OLEAUT32.dll
0x00007ff80f6c0000 - 0x00007ff80f6f2000 	C:\Windows\SYSTEM32\dbgcore.DLL
0x00007ff8201a0000 - 0x00007ff82021b000 	C:\Windows\System32\bcryptPrimitives.dll
0x00007ff816d00000 - 0x00007ff816d25000 	C:\Program Files\Android\Android Studio\jbr\bin\java.dll
0x00007ff81b3d0000 - 0x00007ff81b3e8000 	C:\Program Files\Android\Android Studio\jbr\bin\zip.dll
0x00007ff820d10000 - 0x00007ff8214ff000 	C:\Windows\System32\SHELL32.dll
0x00007ff81d880000 - 0x00007ff81e148000 	C:\Windows\SYSTEM32\windows.storage.dll
0x00007ff81d740000 - 0x00007ff81d87e000 	C:\Windows\SYSTEM32\wintypes.dll
0x00007ff822090000 - 0x00007ff822181000 	C:\Windows\System32\SHCORE.dll
0x00007ff8215e0000 - 0x00007ff82163e000 	C:\Windows\System32\shlwapi.dll
0x00007ff81f780000 - 0x00007ff81f7a1000 	C:\Windows\SYSTEM32\profapi.dll
0x00007ff815dd0000 - 0x00007ff815de9000 	C:\Program Files\Android\Android Studio\jbr\bin\net.dll
0x00007ff818660000 - 0x00007ff81878f000 	C:\Windows\SYSTEM32\WINHTTP.dll
0x00007ff81ed10000 - 0x00007ff81ed79000 	C:\Windows\system32\mswsock.dll
0x00007ff815db0000 - 0x00007ff815dc6000 	C:\Program Files\Android\Android Studio\jbr\bin\nio.dll
0x00007ff817c50000 - 0x00007ff817c60000 	C:\Program Files\Android\Android Studio\jbr\bin\verify.dll
0x00007ff8101d0000 - 0x00007ff8101f7000 	C:\Users\Admin\.gradle\native\68d5fa5c4cc2d200863cafc0d521ce42e7d3e7ee720ec0a83991735586a16f82\windows-amd64\native-platform.dll
0x00007fffd7980000 - 0x00007fffd7ac4000 	C:\Users\Admin\.gradle\native\e376f236ea51e6404a007f0833ffe2c6e607c4080706a723a18a27aeea778392\windows-amd64\native-platform-file-events.dll
0x00007ff815d90000 - 0x00007ff815d99000 	C:\Program Files\Android\Android Studio\jbr\bin\management.dll
0x00007ff815910000 - 0x00007ff81591b000 	C:\Program Files\Android\Android Studio\jbr\bin\management_ext.dll
0x00007ff821900000 - 0x00007ff821908000 	C:\Windows\System32\PSAPI.DLL
0x00007ff81ef60000 - 0x00007ff81ef7b000 	C:\Windows\SYSTEM32\CRYPTSP.dll
0x00007ff81e820000 - 0x00007ff81e855000 	C:\Windows\system32\rsaenh.dll
0x00007ff81ee00000 - 0x00007ff81ee28000 	C:\Windows\SYSTEM32\USERENV.dll
0x00007ff81f120000 - 0x00007ff81f148000 	C:\Windows\SYSTEM32\bcrypt.dll
0x00007ff81ef80000 - 0x00007ff81ef8c000 	C:\Windows\SYSTEM32\CRYPTBASE.dll
0x00007ff81e3e0000 - 0x00007ff81e40d000 	C:\Windows\SYSTEM32\IPHLPAPI.DLL
0x00007ff821910000 - 0x00007ff821919000 	C:\Windows\System32\NSI.dll
0x00007ff819490000 - 0x00007ff8194a9000 	C:\Windows\SYSTEM32\dhcpcsvc6.DLL
0x00007ff818450000 - 0x00007ff81846f000 	C:\Windows\SYSTEM32\dhcpcsvc.DLL
0x00007ff81e410000 - 0x00007ff81e502000 	C:\Windows\SYSTEM32\DNSAPI.dll
0x00007ff810840000 - 0x00007ff810848000 	C:\Windows\system32\wshunix.dll
0x00007ff8193f0000 - 0x00007ff819407000 	C:\Windows\system32\napinsp.dll
0x00007ff8193d0000 - 0x00007ff8193eb000 	C:\Windows\system32\pnrpnsp.dll
0x00007ff80efa0000 - 0x00007ff80efb1000 	C:\Windows\System32\winrnr.dll
0x00007ff818290000 - 0x00007ff8182a5000 	C:\Windows\system32\wshbth.dll
0x00007ff80a570000 - 0x00007ff80a591000 	C:\Windows\system32\nlansp_c.dll
0x00007ff8162c0000 - 0x00007ff8162ca000 	C:\Windows\System32\rasadhlp.dll
0x00007ff818080000 - 0x00007ff818103000 	C:\Windows\System32\fwpuclnt.dll
0x00007ff80f7b0000 - 0x00007ff80f7ce000 	C:\Users\Admin\AppData\Local\Temp\native-platform5066847340133215889dir\native-platform.dll

dbghelp: loaded successfully - version: 4.0.5 - missing functions: none
symbol engine: initialized successfully - sym options: 0x614 - pdb path: .;C:\Program Files\Android\Android Studio\jbr\bin;C:\Windows\SYSTEM32;C:\Windows\WinSxS\amd64_microsoft.windows.common-controls_6595b64144ccf1df_6.0.22621.608_none_a9444ca7c10bb01d;C:\Program Files\Android\Android Studio\jbr\bin\server;C:\Users\Admin\.gradle\native\68d5fa5c4cc2d200863cafc0d521ce42e7d3e7ee720ec0a83991735586a16f82\windows-amd64;C:\Users\Admin\.gradle\native\e376f236ea51e6404a007f0833ffe2c6e607c4080706a723a18a27aeea778392\windows-amd64;C:\Users\Admin\AppData\Local\Temp\native-platform5066847340133215889dir

VM Arguments:
jvm_args: --add-opens=java.base/java.util=ALL-UNNAMED --add-opens=java.base/java.lang=ALL-UNNAMED --add-opens=java.base/java.lang.invoke=ALL-UNNAMED --add-opens=java.prefs/java.util.prefs=ALL-UNNAMED --add-opens=java.base/java.nio.charset=ALL-UNNAMED --add-opens=java.base/java.net=ALL-UNNAMED --add-opens=java.base/java.util.concurrent.atomic=ALL-UNNAMED -Xmx2048m -Dfile.encoding=UTF-8 -Duser.country=US -Duser.language=en -Duser.variant 
java_command: org.gradle.launcher.daemon.bootstrap.GradleDaemon 8.0
java_class_path (initial): C:\Users\Admin\.gradle\wrapper\dists\gradle-8.0-bin\ca5e32bp14vu59qr306oxotwh\gradle-8.0\lib\gradle-launcher-8.0.jar
Launcher Type: SUN_STANDARD

[Global flags]
     intx CICompilerCount                          = 4                                         {product} {ergonomic}
     uint ConcGCThreads                            = 2                                         {product} {ergonomic}
     uint G1ConcRefinementThreads                  = 8                                         {product} {ergonomic}
   size_t G1HeapRegionSize                         = 1048576                                   {product} {ergonomic}
    uintx GCDrainStackTargetSize                   = 64                                        {product} {ergonomic}
   size_t InitialHeapSize                          = 167772160                                 {product} {ergonomic}
   size_t MarkStackSize                            = 4194304                                   {product} {ergonomic}
   size_t MaxHeapSize                              = 2147483648                                {product} {command line}
   size_t MaxNewSize                               = 1287651328                                {product} {ergonomic}
   size_t MinHeapDeltaBytes                        = 1048576                                   {product} {ergonomic}
   size_t MinHeapSize                              = 8388608                                   {product} {ergonomic}
    uintx NonNMethodCodeHeapSize                   = 5839372                                {pd product} {ergonomic}
    uintx NonProfiledCodeHeapSize                  = 122909434                              {pd product} {ergonomic}
    uintx ProfiledCodeHeapSize                     = 122909434                              {pd product} {ergonomic}
    uintx ReservedCodeCacheSize                    = 251658240                              {pd product} {ergonomic}
     bool SegmentedCodeCache                       = true                                      {product} {ergonomic}
   size_t SoftMaxHeapSize                          = 2147483648                             {manageable} {ergonomic}
     bool UseCompressedClassPointers               = true                           {product lp64_product} {ergonomic}
     bool UseCompressedOops                        = true                           {product lp64_product} {ergonomic}
     bool UseG1GC                                  = true                                      {product} {ergonomic}
     bool UseLargePagesIndividualAllocation        = false                                  {pd product} {ergonomic}

Logging:
Log output configuration:
 #0: stdout all=warning uptime,level,tags
 #1: stderr all=off uptime,level,tags

Environment Variables:
PATH=C:\Python312\Scripts\;C:\Python312\;C:\Windows\system32;C:\Windows;C:\Windows\System32\Wbem;C:\Windows\System32\WindowsPowerShell\v1.0\;C:\Windows\System32\OpenSSH\;C:\Program Files\Git\cmd;C:\Program Files\nodejs\;C:\ProgramData\chocolatey\bin;C:\Users\Admin\AppData\Local\Microsoft\WindowsApps;;C:\Users\Admin\AppData\Local\Programs\Microsoft VS Code\bin;C:\Users\Admin\AppData\Roaming\npm
USERNAME=Admin
OS=Windows_NT
PROCESSOR_IDENTIFIER=AMD64 Family 23 Model 24 Stepping 1, AuthenticAMD
TMP=C:\Users\Admin\AppData\Local\Temp
TEMP=C:\Users\Admin\AppData\Local\Temp


JNI global refs:
JNI global refs: 27, weak refs: 11

JNI global refs memory usage: 843, weak refs: 841


---------------  S Y S T E M  ---------------

OS:
 Windows 11 , 64 bit Build 22621 (10.0.22621.963)
OS uptime: 0 days 0:25 hours

CPU: total 8 (initial active 8) (8 cores per cpu, 2 threads per core) family 23 model 24 stepping 1 microcode 0x0, cx8, cmov, fxsr, ht, mmx, 3dnowpref, sse, sse2, sse3, ssse3, sse4a, sse4.1, sse4.2, popcnt, lzcnt, tsc, tscinvbit, avx, avx2, aes, clmul, bmi1, bmi2, adx, sha, fma, vzeroupper, clflush, clflushopt

Memory: 4k page, system-wide physical 10177M (840M free)
TotalPageFile size 10177M (AvailPageFile size 21M)
current process WorkingSet (physical memory assigned to process): 534M, peak: 541M
current process commit charge ("private bytes"): 572M, peak: 582M

vm_info: OpenJDK 64-Bit Server VM (17.0.6+0-b2043.56-10027231) for windows-amd64 JRE (17.0.6+0-b2043.56-10027231), built on Apr 28 2023 00:43:19 by "androidbuild" with MS VC++ 16.10 / 16.11 (VS2019)

END.
